# JRE version: OpenJDK Runtime Environment (8.0_66-b17) (build 1.8.0_66-internal-b17)
# Java VM: OpenJDK 64-Bit Server VM (25.66-b17 mixed mode linux-amd64 compressed oops)
Heap:
 PSYoungGen      total 305664K, used 258705K [0x000000076ab00000, 0x0000000780000000, 0x00000007c0000000)
  eden space 262144K, 97% used [0x000000076ab00000,0x000000077a57b4b0,0x000000077ab00000)
  from space 43520K, 5% used [0x000000077ab00000,0x000000077ad29060,0x000000077d580000)
  to   space 43520K, 0% used [0x000000077d580000,0x000000077d580000,0x0000000780000000)
 ParOldGen       total 699392K, used 24K [0x00000006c0000000, 0x00000006eab00000, 0x000000076ab00000)
  object space 699392K, 0% used [0x00000006c0000000,0x00000006c0006000,0x00000006eab00000)
 Metaspace       used 13616K, capacity 13914K, committed 14208K, reserved 1060864K
  class space    used 1689K, capacity 1817K, committed 1920K, reserved 1048576K
GC Heap History (6 events):
Event: 5,003 GC heap before
{Heap before GC invocations=1 (full 0):
 PSYoungGen      total 305664K, used 262144K [0x000000076ab00000, 0x0000000780000000, 0x00000007c0000000)
  eden space 262144K, 100% used [0x000000076ab00000,0x000000077ab00000,0x000000077ab00000)
  from space 43520K, 0% used [0x000000077d580000,0x000000077d580000,0x0000000780000000)
  to   space 43520K, 0% used [0x000000077ab00000,0x000000077ab00000,0x000000077d580000)
 ParOldGen       total 699392K, used 0K [0x00000006c0000000, 0x00000006eab00000, 0x000000076ab00000)
  object space 699392K, 0% used [0x00000006c0000000,0x00000006c0000000,0x00000006eab00000)
 Metaspace       used 12995K, capacity 13206K, committed 13568K, reserved 1060864K
  class space    used 1628K, capacity 1689K, committed 1792K, reserved 1048576K
Event: 5,020 GC heap after
Heap after GC invocations=1 (full 0):
 PSYoungGen      total 305664K, used 6992K [0x000000076ab00000, 0x0000000780000000, 0x00000007c0000000)
  eden space 262144K, 0% used [0x000000076ab00000,0x000000076ab00000,0x000000077ab00000)
  from space 43520K, 16% used [0x000000077ab00000,0x000000077b1d4030,0x000000077d580000)
  to   space 43520K, 0% used [0x000000077d580000,0x000000077d580000,0x0000000780000000)
 ParOldGen       total 699392K, used 8K [0x00000006c0000000, 0x00000006eab00000, 0x000000076ab00000)
  object space 699392K, 0% used [0x00000006c0000000,0x00000006c0002000,0x00000006eab00000)
 Metaspace       used 12995K, capacity 13206K, committed 13568K, reserved 1060864K
  class space    used 1628K, capacity 1689K, committed 1792K, reserved 1048576K
}
Event: 6,100 GC heap before
{Heap before GC invocations=2 (full 0):
 PSYoungGen      total 305664K, used 269136K [0x000000076ab00000, 0x0000000780000000, 0x00000007c0000000)
  eden space 262144K, 100% used [0x000000076ab00000,0x000000077ab00000,0x000000077ab00000)
  from space 43520K, 16% used [0x000000077ab00000,0x000000077b1d4030,0x000000077d580000)
  to   space 43520K, 0% used [0x000000077d580000,0x000000077d580000,0x0000000780000000)
 ParOldGen       total 699392K, used 8K [0x00000006c0000000, 0x00000006eab00000, 0x000000076ab00000)
  object space 699392K, 0% used [0x00000006c0000000,0x00000006c0002000,0x00000006eab00000)
 Metaspace       used 13379K, capacity 13654K, committed 13952K, reserved 1060864K
  class space    used 1681K, capacity 1817K, committed 1920K, reserved 1048576K
Event: 6,105 GC heap after
Heap after GC invocations=2 (full 0):
 PSYoungGen      total 305664K, used 2242K [0x000000076ab00000, 0x0000000780000000, 0x00000007c0000000)
  eden space 262144K, 0% used [0x000000076ab00000,0x000000076ab00000,0x000000077ab00000)
  from space 43520K, 5% used [0x000000077d580000,0x000000077d7b0850,0x0000000780000000)
  to   space 43520K, 0% used [0x000000077ab00000,0x000000077ab00000,0x000000077d580000)
 ParOldGen       total 699392K, used 16K [0x00000006c0000000, 0x00000006eab00000, 0x000000076ab00000)
  object space 699392K, 0% used [0x00000006c0000000,0x00000006c0004000,0x00000006eab00000)
 Metaspace       used 13379K, capacity 13654K, committed 13952K, reserved 1060864K
  class space    used 1681K, capacity 1817K, committed 1920K, reserved 1048576K
}
Event: 7,167 GC heap before
{Heap before GC invocations=3 (full 0):
 PSYoungGen      total 305664K, used 264386K [0x000000076ab00000, 0x0000000780000000, 0x00000007c0000000)
  eden space 262144K, 100% used [0x000000076ab00000,0x000000077ab00000,0x000000077ab00000)
  from space 43520K, 5% used [0x000000077d580000,0x000000077d7b0850,0x0000000780000000)
  to   space 43520K, 0% used [0x000000077ab00000,0x000000077ab00000,0x000000077d580000)
 ParOldGen       total 699392K, used 16K [0x00000006c0000000, 0x00000006eab00000, 0x000000076ab00000)
  object space 699392K, 0% used [0x00000006c0000000,0x00000006c0004000,0x00000006eab00000)
 Metaspace       used 13501K, capacity 13782K, committed 14208K, reserved 1060864K
  class space    used 1682K, capacity 1817K, committed 1920K, reserved 1048576K
Event: 7,172 GC heap after
Heap after GC invocations=3 (full 0):
 PSYoungGen      total 305664K, used 2212K [0x000000076ab00000, 0x0000000780000000, 0x00000007c0000000)
  eden space 262144K, 0% used [0x000000076ab00000,0x000000076ab00000,0x000000077ab00000)
  from space 43520K, 5% used [0x000000077ab00000,0x000000077ad29060,0x000000077d580000)
  to   space 43520K, 0% used [0x000000077d580000,0x000000077d580000,0x0000000780000000)
 ParOldGen       total 699392K, used 24K [0x00000006c0000000, 0x00000006eab00000, 0x000000076ab00000)
  object space 699392K, 0% used [0x00000006c0000000,0x00000006c0006000,0x00000006eab00000)
 Metaspace       used 13501K, capacity 13782K, committed 14208K, reserved 1060864K
  class space    used 1682K, capacity 1817K, committed 1920K, reserved 1048576K
}

