# JRE version: Java(TM) SE Runtime Environment (8.0_73-b02) (build 1.8.0_73-b02)
# Java VM: Java HotSpot(TM) 64-Bit Server VM (25.73-b02 mixed mode windows-amd64 compressed oops)
Heap:
 PSYoungGen      total 305664K, used 93181K [0x000000076ab00000, 0x0000000780000000, 0x00000007c0000000)
  eden space 262144K, 32% used [0x000000076ab00000,0x000000076ff629e8,0x000000077ab00000)
  from space 43520K, 15% used [0x000000077d580000,0x000000077dc1cbf0,0x0000000780000000)
  to   space 43520K, 0% used [0x000000077ab00000,0x000000077ab00000,0x000000077d580000)
 ParOldGen       total 699392K, used 40K [0x00000006c0000000, 0x00000006eab00000, 0x000000076ab00000)
  object space 699392K, 0% used [0x00000006c0000000,0x00000006c000a000,0x00000006eab00000)
 Metaspace       used 12502K, capacity 12784K, committed 13056K, reserved 1060864K
  class space    used 1643K, capacity 1744K, committed 1792K, reserved 1048576K
GC Heap History (8 events):
Event: 3.801 GC heap before
{Heap before GC invocations=1 (full 0):
 PSYoungGen      total 305664K, used 261142K [0x000000076ab00000, 0x0000000780000000, 0x00000007c0000000)
  eden space 262144K, 99% used [0x000000076ab00000,0x000000077aa058b8,0x000000077ab00000)
  from space 43520K, 0% used [0x000000077d580000,0x000000077d580000,0x0000000780000000)
  to   space 43520K, 0% used [0x000000077ab00000,0x000000077ab00000,0x000000077d580000)
 ParOldGen       total 699392K, used 0K [0x00000006c0000000, 0x00000006eab00000, 0x000000076ab00000)
  object space 699392K, 0% used [0x00000006c0000000,0x00000006c0000000,0x00000006eab00000)
 Metaspace       used 12295K, capacity 12560K, committed 12800K, reserved 1060864K
  class space    used 1625K, capacity 1712K, committed 1792K, reserved 1048576K
Event: 3.822 GC heap after
Heap after GC invocations=1 (full 0):
 PSYoungGen      total 305664K, used 3330K [0x000000076ab00000, 0x0000000780000000, 0x00000007c0000000)
  eden space 262144K, 0% used [0x000000076ab00000,0x000000076ab00000,0x000000077ab00000)
  from space 43520K, 7% used [0x000000077ab00000,0x000000077ae40be0,0x000000077d580000)
  to   space 43520K, 0% used [0x000000077d580000,0x000000077d580000,0x0000000780000000)
 ParOldGen       total 699392K, used 16K [0x00000006c0000000, 0x00000006eab00000, 0x000000076ab00000)
  object space 699392K, 0% used [0x00000006c0000000,0x00000006c0004000,0x00000006eab00000)
 Metaspace       used 12295K, capacity 12560K, committed 12800K, reserved 1060864K
  class space    used 1625K, capacity 1712K, committed 1792K, reserved 1048576K
}
Event: 4.595 GC heap before
{Heap before GC invocations=2 (full 0):
 PSYoungGen      total 305664K, used 265474K [0x000000076ab00000, 0x0000000780000000, 0x00000007c0000000)
  eden space 262144K, 100% used [0x000000076ab00000,0x000000077ab00000,0x000000077ab00000)
  from space 43520K, 7% used [0x000000077ab00000,0x000000077ae40be0,0x000000077d580000)
  to   space 43520K, 0% used [0x000000077d580000,0x000000077d580000,0x0000000780000000)
 ParOldGen       total 699392K, used 16K [0x00000006c0000000, 0x00000006eab00000, 0x000000076ab00000)
  object space 699392K, 0% used [0x00000006c0000000,0x00000006c0004000,0x00000006eab00000)
 Metaspace       used 12354K, capacity 12624K, committed 12800K, reserved 1060864K
  class space    used 1631K, capacity 1712K, committed 1792K, reserved 1048576K
Event: 4.599 GC heap after
Heap after GC invocations=2 (full 0):
 PSYoungGen      total 305664K, used 3202K [0x000000076ab00000, 0x0000000780000000, 0x00000007c0000000)
  eden space 262144K, 0% used [0x000000076ab00000,0x000000076ab00000,0x000000077ab00000)
  from space 43520K, 7% used [0x000000077d580000,0x000000077d8a0be0,0x0000000780000000)
  to   space 43520K, 0% used [0x000000077ab00000,0x000000077ab00000,0x000000077d580000)
 ParOldGen       total 699392K, used 24K [0x00000006c0000000, 0x00000006eab00000, 0x000000076ab00000)
  object space 699392K, 0% used [0x00000006c0000000,0x00000006c0006000,0x00000006eab00000)
 Metaspace       used 12354K, capacity 12624K, committed 12800K, reserved 1060864K
  class space    used 1631K, capacity 1712K, committed 1792K, reserved 1048576K
}
Event: 5.462 GC heap before
{Heap before GC invocations=3 (full 0):
 PSYoungGen      total 305664K, used 265346K [0x000000076ab00000, 0x0000000780000000, 0x00000007c0000000)
  eden space 262144K, 100% used [0x000000076ab00000,0x000000077ab00000,0x000000077ab00000)
  from space 43520K, 7% used [0x000000077d580000,0x000000077d8a0be0,0x0000000780000000)
  to   space 43520K, 0% used [0x000000077ab00000,0x000000077ab00000,0x000000077d580000)
 ParOldGen       total 699392K, used 24K [0x00000006c0000000, 0x00000006eab00000, 0x000000076ab00000)
  object space 699392K, 0% used [0x00000006c0000000,0x00000006c0006000,0x00000006eab00000)
 Metaspace       used 12407K, capacity 12688K, committed 13056K, reserved 1060864K
  class space    used 1635K, capacity 1712K, committed 1792K, reserved 1048576K
Event: 5.466 GC heap after
Heap after GC invocations=3 (full 0):
 PSYoungGen      total 305664K, used 3170K [0x000000076ab00000, 0x0000000780000000, 0x00000007c0000000)
  eden space 262144K, 0% used [0x000000076ab00000,0x000000076ab00000,0x000000077ab00000)
  from space 43520K, 7% used [0x000000077ab00000,0x000000077ae18be0,0x000000077d580000)
  to   space 43520K, 0% used [0x000000077d580000,0x000000077d580000,0x0000000780000000)
 ParOldGen       total 699392K, used 32K [0x00000006c0000000, 0x00000006eab00000, 0x000000076ab00000)
  object space 699392K, 0% used [0x00000006c0000000,0x00000006c0008000,0x00000006eab00000)
 Metaspace       used 12407K, capacity 12688K, committed 13056K, reserved 1060864K
  class space    used 1635K, capacity 1712K, committed 1792K, reserved 1048576K
}
Event: 6.297 GC heap before
{Heap before GC invocations=4 (full 0):
 PSYoungGen      total 305664K, used 264416K [0x000000076ab00000, 0x0000000780000000, 0x00000007c0000000)
  eden space 262144K, 99% used [0x000000076ab00000,0x000000077aa1f470,0x000000077ab00000)
  from space 43520K, 7% used [0x000000077ab00000,0x000000077ae18be0,0x000000077d580000)
  to   space 43520K, 0% used [0x000000077d580000,0x000000077d580000,0x0000000780000000)
 ParOldGen       total 699392K, used 32K [0x00000006c0000000, 0x00000006eab00000, 0x000000076ab00000)
  object space 699392K, 0% used [0x00000006c0000000,0x00000006c0008000,0x00000006eab00000)
 Metaspace       used 12450K, capacity 12688K, committed 13056K, reserved 1060864K
  class space    used 1635K, capacity 1712K, committed 1792K, reserved 1048576K
Event: 6.302 GC heap after
Heap after GC invocations=4 (full 0):
 PSYoungGen      total 305664K, used 6770K [0x000000076ab00000, 0x0000000780000000, 0x00000007c0000000)
  eden space 262144K, 0% used [0x000000076ab00000,0x000000076ab00000,0x000000077ab00000)
  from space 43520K, 15% used [0x000000077d580000,0x000000077dc1cbf0,0x0000000780000000)
  to   space 43520K, 0% used [0x000000077ab00000,0x000000077ab00000,0x000000077d580000)
 ParOldGen       total 699392K, used 40K [0x00000006c0000000, 0x00000006eab00000, 0x000000076ab00000)
  object space 699392K, 0% used [0x00000006c0000000,0x00000006c000a000,0x00000006eab00000)
 Metaspace       used 12450K, capacity 12688K, committed 13056K, reserved 1060864K
  class space    used 1635K, capacity 1712K, committed 1792K, reserved 1048576K
}

