# JRE version: Java(TM) SE Runtime Environment (8.0_77-b03) (build 1.8.0_77-b03)
# Java VM: Java HotSpot(TM) 64-Bit Server VM (25.77-b03 mixed mode windows-amd64 compressed oops)
Heap:
 PSYoungGen      total 345088K, used 230877K [0x000000076ab00000, 0x0000000780000000, 0x00000007c0000000)
  eden space 340992K, 67% used [0x000000076ab00000,0x0000000778c3f588,0x000000077f800000)
  from space 4096K, 5% used [0x000000077fc00000,0x000000077fc38000,0x0000000780000000)
  to   space 4096K, 0% used [0x000000077f800000,0x000000077f800000,0x000000077fc00000)
 ParOldGen       total 699392K, used 4515K [0x00000006c0000000, 0x00000006eab00000, 0x000000076ab00000)
  object space 699392K, 0% used [0x00000006c0000000,0x00000006c0468c20,0x00000006eab00000)
 Metaspace       used 12832K, capacity 13116K, committed 13312K, reserved 1060864K
  class space    used 1648K, capacity 1744K, committed 1792K, reserved 1048576K
GC Heap History (10 events):
Event: 18.218 GC heap before
{Heap before GC invocations=18 (full 0):
 PSYoungGen      total 343552K, used 338624K [0x000000076ab00000, 0x0000000780000000, 0x00000007c0000000)
  eden space 338432K, 100% used [0x000000076ab00000,0x000000077f580000,0x000000077f580000)
  from space 5120K, 3% used [0x000000077f580000,0x000000077f5b0000,0x000000077fa80000)
  to   space 5120K, 0% used [0x000000077fb00000,0x000000077fb00000,0x0000000780000000)
 ParOldGen       total 699392K, used 4419K [0x00000006c0000000, 0x00000006eab00000, 0x000000076ab00000)
  object space 699392K, 0% used [0x00000006c0000000,0x00000006c0450c20,0x00000006eab00000)
 Metaspace       used 12684K, capacity 12956K, committed 13312K, reserved 1060864K
  class space    used 1631K, capacity 1712K, committed 1792K, reserved 1048576K
Event: 18.218 GC heap after
Heap after GC invocations=18 (full 0):
 PSYoungGen      total 344576K, used 192K [0x000000076ab00000, 0x0000000780000000, 0x00000007c0000000)
  eden space 339456K, 0% used [0x000000076ab00000,0x000000076ab00000,0x000000077f680000)
  from space 5120K, 3% used [0x000000077fb00000,0x000000077fb30000,0x0000000780000000)
  to   space 4608K, 0% used [0x000000077f680000,0x000000077f680000,0x000000077fb00000)
 ParOldGen       total 699392K, used 4443K [0x00000006c0000000, 0x00000006eab00000, 0x000000076ab00000)
  object space 699392K, 0% used [0x00000006c0000000,0x00000006c0456c20,0x00000006eab00000)
 Metaspace       used 12684K, capacity 12956K, committed 13312K, reserved 1060864K
  class space    used 1631K, capacity 1712K, committed 1792K, reserved 1048576K
}
Event: 18.985 GC heap before
{Heap before GC invocations=19 (full 0):
 PSYoungGen      total 344576K, used 339648K [0x000000076ab00000, 0x0000000780000000, 0x00000007c0000000)
  eden space 339456K, 100% used [0x000000076ab00000,0x000000077f680000,0x000000077f680000)
  from space 5120K, 3% used [0x000000077fb00000,0x000000077fb30000,0x0000000780000000)
  to   space 4608K, 0% used [0x000000077f680000,0x000000077f680000,0x000000077fb00000)
 ParOldGen       total 699392K, used 4443K [0x00000006c0000000, 0x00000006eab00000, 0x000000076ab00000)
  object space 699392K, 0% used [0x00000006c0000000,0x00000006c0456c20,0x00000006eab00000)
 Metaspace       used 12684K, capacity 12956K, committed 13312K, reserved 1060864K
  class space    used 1631K, capacity 1712K, committed 1792K, reserved 1048576K
Event: 18.986 GC heap after
Heap after GC invocations=19 (full 0):
 PSYoungGen      total 344064K, used 160K [0x000000076ab00000, 0x0000000780000000, 0x00000007c0000000)
  eden space 339456K, 0% used [0x000000076ab00000,0x000000076ab00000,0x000000077f680000)
  from space 4608K, 3% used [0x000000077f680000,0x000000077f6a8000,0x000000077fb00000)
  to   space 4608K, 0% used [0x000000077fb80000,0x000000077fb80000,0x0000000780000000)
 ParOldGen       total 699392K, used 4459K [0x00000006c0000000, 0x00000006eab00000, 0x000000076ab00000)
  object space 699392K, 0% used [0x00000006c0000000,0x00000006c045ac20,0x00000006eab00000)
 Metaspace       used 12684K, capacity 12956K, committed 13312K, reserved 1060864K
  class space    used 1631K, capacity 1712K, committed 1792K, reserved 1048576K
}
Event: 19.418 GC heap before
{Heap before GC invocations=20 (full 0):
 PSYoungGen      total 344064K, used 338580K [0x000000076ab00000, 0x0000000780000000, 0x00000007c0000000)
  eden space 339456K, 99% used [0x000000076ab00000,0x000000077f57d1d0,0x000000077f680000)
  from space 4608K, 3% used [0x000000077f680000,0x000000077f6a8000,0x000000077fb00000)
  to   space 4608K, 0% used [0x000000077fb80000,0x000000077fb80000,0x0000000780000000)
 ParOldGen       total 699392K, used 4459K [0x00000006c0000000, 0x00000006eab00000, 0x000000076ab00000)
  object space 699392K, 0% used [0x00000006c0000000,0x00000006c045ac20,0x00000006eab00000)
 Metaspace       used 12684K, capacity 12956K, committed 13312K, reserved 1060864K
  class space    used 1631K, capacity 1712K, committed 1792K, reserved 1048576K
Event: 19.419 GC heap after
Heap after GC invocations=20 (full 0):
 PSYoungGen      total 344576K, used 160K [0x000000076ab00000, 0x0000000780000000, 0x00000007c0000000)
  eden space 339968K, 0% used [0x000000076ab00000,0x000000076ab00000,0x000000077f700000)
  from space 4608K, 3% used [0x000000077fb80000,0x000000077fba8000,0x0000000780000000)
  to   space 4608K, 0% used [0x000000077f700000,0x000000077f700000,0x000000077fb80000)
 ParOldGen       total 699392K, used 4475K [0x00000006c0000000, 0x00000006eab00000, 0x000000076ab00000)
  object space 699392K, 0% used [0x00000006c0000000,0x00000006c045ec20,0x00000006eab00000)
 Metaspace       used 12684K, capacity 12956K, committed 13312K, reserved 1060864K
  class space    used 1631K, capacity 1712K, committed 1792K, reserved 1048576K
}
Event: 20.185 GC heap before
{Heap before GC invocations=21 (full 0):
 PSYoungGen      total 344576K, used 340128K [0x000000076ab00000, 0x0000000780000000, 0x00000007c0000000)
  eden space 339968K, 100% used [0x000000076ab00000,0x000000077f700000,0x000000077f700000)
  from space 4608K, 3% used [0x000000077fb80000,0x000000077fba8000,0x0000000780000000)
  to   space 4608K, 0% used [0x000000077f700000,0x000000077f700000,0x000000077fb80000)
 ParOldGen       total 699392K, used 4475K [0x00000006c0000000, 0x00000006eab00000, 0x000000076ab00000)
  object space 699392K, 0% used [0x00000006c0000000,0x00000006c045ec20,0x00000006eab00000)
 Metaspace       used 12722K, capacity 13020K, committed 13312K, reserved 1060864K
  class space    used 1636K, capacity 1712K, committed 1792K, reserved 1048576K
Event: 20.186 GC heap after
Heap after GC invocations=21 (full 0):
 PSYoungGen      total 344576K, used 224K [0x000000076ab00000, 0x0000000780000000, 0x00000007c0000000)
  eden space 339968K, 0% used [0x000000076ab00000,0x000000076ab00000,0x000000077f700000)
  from space 4608K, 4% used [0x000000077f700000,0x000000077f738000,0x000000077fb80000)
  to   space 4096K, 0% used [0x000000077fc00000,0x000000077fc00000,0x0000000780000000)
 ParOldGen       total 699392K, used 4491K [0x00000006c0000000, 0x00000006eab00000, 0x000000076ab00000)
  object space 699392K, 0% used [0x00000006c0000000,0x00000006c0462c20,0x00000006eab00000)
 Metaspace       used 12722K, capacity 13020K, committed 13312K, reserved 1060864K
  class space    used 1636K, capacity 1712K, committed 1792K, reserved 1048576K
}
Event: 20.918 GC heap before
{Heap before GC invocations=22 (full 0):
 PSYoungGen      total 344576K, used 340192K [0x000000076ab00000, 0x0000000780000000, 0x00000007c0000000)
  eden space 339968K, 100% used [0x000000076ab00000,0x000000077f700000,0x000000077f700000)
  from space 4608K, 4% used [0x000000077f700000,0x000000077f738000,0x000000077fb80000)
  to   space 4096K, 0% used [0x000000077fc00000,0x000000077fc00000,0x0000000780000000)
 ParOldGen       total 699392K, used 4491K [0x00000006c0000000, 0x00000006eab00000, 0x000000076ab00000)
  object space 699392K, 0% used [0x00000006c0000000,0x00000006c0462c20,0x00000006eab00000)
 Metaspace       used 12781K, capacity 13116K, committed 13312K, reserved 1060864K
  class space    used 1641K, capacity 1744K, committed 1792K, reserved 1048576K
Event: 20.919 GC heap after
Heap after GC invocations=22 (full 0):
 PSYoungGen      total 345088K, used 224K [0x000000076ab00000, 0x0000000780000000, 0x00000007c0000000)
  eden space 340992K, 0% used [0x000000076ab00000,0x000000076ab00000,0x000000077f800000)
  from space 4096K, 5% used [0x000000077fc00000,0x000000077fc38000,0x0000000780000000)
  to   space 4096K, 0% used [0x000000077f800000,0x000000077f800000,0x000000077fc00000)
 ParOldGen       total 699392K, used 4515K [0x00000006c0000000, 0x00000006eab00000, 0x000000076ab00000)
  object space 699392K, 0% used [0x00000006c0000000,0x00000006c0468c20,0x00000006eab00000)
 Metaspace       used 12781K, capacity 13116K, committed 13312K, reserved 1060864K
  class space    used 1641K, capacity 1744K, committed 1792K, reserved 1048576K
}

