# JRE version: OpenJDK Runtime Environment (8.0_66-b17) (build 1.8.0_66-internal-b17)
# Java VM: OpenJDK 64-Bit Server VM (25.66-b17 mixed mode linux-amd64 compressed oops)
Heap:
 PSYoungGen      total 337408K, used 29244K [0x000000076ab00000, 0x0000000780000000, 0x00000007c0000000)
  eden space 325632K, 5% used [0x000000076ab00000,0x000000076bc351d8,0x000000077e900000)
  from space 11776K, 98% used [0x000000077e900000,0x000000077f45a050,0x000000077f480000)
  to   space 11776K, 0% used [0x000000077f480000,0x000000077f480000,0x0000000780000000)
 ParOldGen       total 699392K, used 16885K [0x00000006c0000000, 0x00000006eab00000, 0x000000076ab00000)
  object space 699392K, 2% used [0x00000006c0000000,0x00000006c107d4c8,0x00000006eab00000)
 Metaspace       used 14451K, capacity 14738K, committed 14976K, reserved 1062912K
  class space    used 1748K, capacity 1881K, committed 1920K, reserved 1048576K
GC Heap History (10 events):
Event: 20,651 GC heap before
{Heap before GC invocations=25 (full 0):
 PSYoungGen      total 336384K, used 334615K [0x000000076ab00000, 0x0000000780000000, 0x00000007c0000000)
  eden space 327680K, 99% used [0x000000076ab00000,0x000000077ea95dd0,0x000000077eb00000)
  from space 8704K, 84% used [0x000000077f780000,0x000000077feb0020,0x0000000780000000)
  to   space 10752K, 0% used [0x000000077eb00000,0x000000077eb00000,0x000000077f580000)
 ParOldGen       total 699392K, used 4837K [0x00000006c0000000, 0x00000006eab00000, 0x000000076ab00000)
  object space 699392K, 0% used [0x00000006c0000000,0x00000006c04b9428,0x00000006eab00000)
 Metaspace       used 14368K, capacity 14674K, committed 14976K, reserved 1062912K
  class space    used 1747K, capacity 1881K, committed 1920K, reserved 1048576K
Event: 20,655 GC heap after
Heap after GC invocations=25 (full 0):
 PSYoungGen      total 335360K, used 7360K [0x000000076ab00000, 0x0000000780000000, 0x00000007c0000000)
  eden space 327680K, 0% used [0x000000076ab00000,0x000000076ab00000,0x000000077eb00000)
  from space 7680K, 95% used [0x000000077eb00000,0x000000077f230020,0x000000077f280000)
  to   space 11776K, 0% used [0x000000077f480000,0x000000077f480000,0x0000000780000000)
 ParOldGen       total 699392K, used 4845K [0x00000006c0000000, 0x00000006eab00000, 0x000000076ab00000)
  object space 699392K, 0% used [0x00000006c0000000,0x00000006c04bb428,0x00000006eab00000)
 Metaspace       used 14368K, capacity 14674K, committed 14976K, reserved 1062912K
  class space    used 1747K, capacity 1881K, committed 1920K, reserved 1048576K
}
Event: 21,262 GC heap before
{Heap before GC invocations=26 (full 0):
 PSYoungGen      total 335360K, used 334963K [0x000000076ab00000, 0x0000000780000000, 0x00000007c0000000)
  eden space 327680K, 99% used [0x000000076ab00000,0x000000077eaecd48,0x000000077eb00000)
  from space 7680K, 95% used [0x000000077eb00000,0x000000077f230020,0x000000077f280000)
  to   space 11776K, 0% used [0x000000077f480000,0x000000077f480000,0x0000000780000000)
 ParOldGen       total 699392K, used 4845K [0x00000006c0000000, 0x00000006eab00000, 0x000000076ab00000)
  object space 699392K, 0% used [0x00000006c0000000,0x00000006c04bb428,0x00000006eab00000)
 Metaspace       used 14374K, capacity 14674K, committed 14976K, reserved 1062912K
  class space    used 1747K, capacity 1881K, committed 1920K, reserved 1048576K
Event: 21,265 GC heap after
Heap after GC invocations=26 (full 0):
 PSYoungGen      total 336384K, used 7392K [0x000000076ab00000, 0x0000000780000000, 0x00000007c0000000)
  eden space 324608K, 0% used [0x000000076ab00000,0x000000076ab00000,0x000000077e800000)
  from space 11776K, 62% used [0x000000077f480000,0x000000077fbb8020,0x0000000780000000)
  to   space 12288K, 0% used [0x000000077e800000,0x000000077e800000,0x000000077f400000)
 ParOldGen       total 699392K, used 4853K [0x00000006c0000000, 0x00000006eab00000, 0x000000076ab00000)
  object space 699392K, 0% used [0x00000006c0000000,0x00000006c04bd428,0x00000006eab00000)
 Metaspace       used 14374K, capacity 14674K, committed 14976K, reserved 1062912K
  class space    used 1747K, capacity 1881K, committed 1920K, reserved 1048576K
}
Event: 21,855 GC heap before
{Heap before GC invocations=27 (full 0):
 PSYoungGen      total 336384K, used 331372K [0x000000076ab00000, 0x0000000780000000, 0x00000007c0000000)
  eden space 324608K, 99% used [0x000000076ab00000,0x000000077e7630b0,0x000000077e800000)
  from space 11776K, 62% used [0x000000077f480000,0x000000077fbb8020,0x0000000780000000)
  to   space 12288K, 0% used [0x000000077e800000,0x000000077e800000,0x000000077f400000)
 ParOldGen       total 699392K, used 4853K [0x00000006c0000000, 0x00000006eab00000, 0x000000076ab00000)
  object space 699392K, 0% used [0x00000006c0000000,0x00000006c04bd428,0x00000006eab00000)
 Metaspace       used 14379K, capacity 14674K, committed 14976K, reserved 1062912K
  class space    used 1747K, capacity 1881K, committed 1920K, reserved 1048576K
Event: 21,857 GC heap after
Heap after GC invocations=27 (full 0):
 PSYoungGen      total 336896K, used 4992K [0x000000076ab00000, 0x0000000780000000, 0x00000007c0000000)
  eden space 324608K, 0% used [0x000000076ab00000,0x000000076ab00000,0x000000077e800000)
  from space 12288K, 40% used [0x000000077e800000,0x000000077ece0010,0x000000077f400000)
  to   space 11776K, 0% used [0x000000077f480000,0x000000077f480000,0x0000000780000000)
 ParOldGen       total 699392K, used 4861K [0x00000006c0000000, 0x00000006eab00000, 0x000000076ab00000)
  object space 699392K, 0% used [0x00000006c0000000,0x00000006c04bf428,0x00000006eab00000)
 Metaspace       used 14379K, capacity 14674K, committed 14976K, reserved 1062912K
  class space    used 1747K, capacity 1881K, committed 1920K, reserved 1048576K
}
Event: 22,444 GC heap before
{Heap before GC invocations=28 (full 0):
 PSYoungGen      total 336896K, used 326793K [0x000000076ab00000, 0x0000000780000000, 0x00000007c0000000)
  eden space 324608K, 99% used [0x000000076ab00000,0x000000077e542638,0x000000077e800000)
  from space 12288K, 40% used [0x000000077e800000,0x000000077ece0010,0x000000077f400000)
  to   space 11776K, 0% used [0x000000077f480000,0x000000077f480000,0x0000000780000000)
 ParOldGen       total 699392K, used 4861K [0x00000006c0000000, 0x00000006eab00000, 0x000000076ab00000)
  object space 699392K, 0% used [0x00000006c0000000,0x00000006c04bf428,0x00000006eab00000)
 Metaspace       used 14394K, capacity 14674K, committed 14976K, reserved 1062912K
  class space    used 1747K, capacity 1881K, committed 1920K, reserved 1048576K
Event: 22,445 GC heap after
Heap after GC invocations=28 (full 0):
 PSYoungGen      total 337408K, used 160K [0x000000076ab00000, 0x0000000780000000, 0x00000007c0000000)
  eden space 325632K, 0% used [0x000000076ab00000,0x000000076ab00000,0x000000077e900000)
  from space 11776K, 1% used [0x000000077f480000,0x000000077f4a8000,0x0000000780000000)
  to   space 11776K, 0% used [0x000000077e900000,0x000000077e900000,0x000000077f480000)
 ParOldGen       total 699392K, used 4877K [0x00000006c0000000, 0x00000006eab00000, 0x000000076ab00000)
  object space 699392K, 0% used [0x00000006c0000000,0x00000006c04c3428,0x00000006eab00000)
 Metaspace       used 14394K, capacity 14674K, committed 14976K, reserved 1062912K
  class space    used 1747K, capacity 1881K, committed 1920K, reserved 1048576K
}
Event: 23,032 GC heap before
{Heap before GC invocations=29 (full 0):
 PSYoungGen      total 337408K, used 325792K [0x000000076ab00000, 0x0000000780000000, 0x00000007c0000000)
  eden space 325632K, 100% used [0x000000076ab00000,0x000000077e900000,0x000000077e900000)
  from space 11776K, 1% used [0x000000077f480000,0x000000077f4a8000,0x0000000780000000)
  to   space 11776K, 0% used [0x000000077e900000,0x000000077e900000,0x000000077f480000)
 ParOldGen       total 699392K, used 4877K [0x00000006c0000000, 0x00000006eab00000, 0x000000076ab00000)
  object space 699392K, 0% used [0x00000006c0000000,0x00000006c04c3428,0x00000006eab00000)
 Metaspace       used 14448K, capacity 14738K, committed 14976K, reserved 1062912K
  class space    used 1748K, capacity 1881K, committed 1920K, reserved 1048576K
Event: 23,044 GC heap after
Heap after GC invocations=29 (full 0):
 PSYoungGen      total 337408K, used 11624K [0x000000076ab00000, 0x0000000780000000, 0x00000007c0000000)
  eden space 325632K, 0% used [0x000000076ab00000,0x000000076ab00000,0x000000077e900000)
  from space 11776K, 98% used [0x000000077e900000,0x000000077f45a050,0x000000077f480000)
  to   space 11776K, 0% used [0x000000077f480000,0x000000077f480000,0x0000000780000000)
 ParOldGen       total 699392K, used 16885K [0x00000006c0000000, 0x00000006eab00000, 0x000000076ab00000)
  object space 699392K, 2% used [0x00000006c0000000,0x00000006c107d4c8,0x00000006eab00000)
 Metaspace       used 14448K, capacity 14738K, committed 14976K, reserved 1062912K
  class space    used 1748K, capacity 1881K, committed 1920K, reserved 1048576K
}

