# JRE version: Java(TM) SE Runtime Environment (8.0_73-b02) (build 1.8.0_73-b02)
# Java VM: Java HotSpot(TM) 64-Bit Server VM (25.73-b02 mixed mode windows-amd64 compressed oops)
Heap:
 PSYoungGen      total 345088K, used 332736K [0x000000076ab00000, 0x0000000780000000, 0x00000007c0000000)
  eden space 340992K, 97% used [0x000000076ab00000,0x000000077efc82c0,0x000000077f800000)
  from space 4096K, 3% used [0x000000077fc00000,0x000000077fc28000,0x0000000780000000)
  to   space 4096K, 0% used [0x000000077f800000,0x000000077f800000,0x000000077fc00000)
 ParOldGen       total 699392K, used 15196K [0x00000006c0000000, 0x00000006eab00000, 0x000000076ab00000)
  object space 699392K, 2% used [0x00000006c0000000,0x00000006c0ed7218,0x00000006eab00000)
 Metaspace       used 12460K, capacity 12760K, committed 13056K, reserved 1060864K
  class space    used 1608K, capacity 1712K, committed 1792K, reserved 1048576K
GC Heap History (10 events):
Event: 27.773 GC heap before
{Heap before GC invocations=36 (full 0):
 PSYoungGen      total 344064K, used 337324K [0x000000076ab00000, 0x0000000780000000, 0x00000007c0000000)
  eden space 339456K, 99% used [0x000000076ab00000,0x000000077f443278,0x000000077f680000)
  from space 4608K, 3% used [0x000000077f680000,0x000000077f6a8000,0x000000077fb00000)
  to   space 4608K, 0% used [0x000000077fb80000,0x000000077fb80000,0x0000000780000000)
 ParOldGen       total 699392K, used 10308K [0x00000006c0000000, 0x00000006eab00000, 0x000000076ab00000)
  object space 699392K, 1% used [0x00000006c0000000,0x00000006c0a11208,0x00000006eab00000)
 Metaspace       used 12426K, capacity 12760K, committed 13056K, reserved 1060864K
  class space    used 1608K, capacity 1712K, committed 1792K, reserved 1048576K
Event: 27.774 GC heap after
Heap after GC invocations=36 (full 0):
 PSYoungGen      total 345088K, used 160K [0x000000076ab00000, 0x0000000780000000, 0x00000007c0000000)
  eden space 340480K, 0% used [0x000000076ab00000,0x000000076ab00000,0x000000077f780000)
  from space 4608K, 3% used [0x000000077fb80000,0x000000077fba8000,0x0000000780000000)
  to   space 4096K, 0% used [0x000000077f780000,0x000000077f780000,0x000000077fb80000)
 ParOldGen       total 699392K, used 10324K [0x00000006c0000000, 0x00000006eab00000, 0x000000076ab00000)
  object space 699392K, 1% used [0x00000006c0000000,0x00000006c0a15208,0x00000006eab00000)
 Metaspace       used 12426K, capacity 12760K, committed 13056K, reserved 1060864K
  class space    used 1608K, capacity 1712K, committed 1792K, reserved 1048576K
}
Event: 28.386 GC heap before
{Heap before GC invocations=37 (full 0):
 PSYoungGen      total 345088K, used 340552K [0x000000076ab00000, 0x0000000780000000, 0x00000007c0000000)
  eden space 340480K, 99% used [0x000000076ab00000,0x000000077f76a3e0,0x000000077f780000)
  from space 4608K, 3% used [0x000000077fb80000,0x000000077fba8000,0x0000000780000000)
  to   space 4096K, 0% used [0x000000077f780000,0x000000077f780000,0x000000077fb80000)
 ParOldGen       total 699392K, used 10324K [0x00000006c0000000, 0x00000006eab00000, 0x000000076ab00000)
  object space 699392K, 1% used [0x00000006c0000000,0x00000006c0a15208,0x00000006eab00000)
 Metaspace       used 12426K, capacity 12760K, committed 13056K, reserved 1060864K
  class space    used 1608K, capacity 1712K, committed 1792K, reserved 1048576K
Event: 28.390 GC heap after
Heap after GC invocations=37 (full 0):
 PSYoungGen      total 344576K, used 192K [0x000000076ab00000, 0x0000000780000000, 0x00000007c0000000)
  eden space 340480K, 0% used [0x000000076ab00000,0x000000076ab00000,0x000000077f780000)
  from space 4096K, 4% used [0x000000077f780000,0x000000077f7b0000,0x000000077fb80000)
  to   space 4096K, 0% used [0x000000077fc00000,0x000000077fc00000,0x0000000780000000)
 ParOldGen       total 699392K, used 15140K [0x00000006c0000000, 0x00000006eab00000, 0x000000076ab00000)
  object space 699392K, 2% used [0x00000006c0000000,0x00000006c0ec9218,0x00000006eab00000)
 Metaspace       used 12426K, capacity 12760K, committed 13056K, reserved 1060864K
  class space    used 1608K, capacity 1712K, committed 1792K, reserved 1048576K
}
Event: 28.989 GC heap before
{Heap before GC invocations=38 (full 0):
 PSYoungGen      total 344576K, used 339723K [0x000000076ab00000, 0x0000000780000000, 0x00000007c0000000)
  eden space 340480K, 99% used [0x000000076ab00000,0x000000077f692f38,0x000000077f780000)
  from space 4096K, 4% used [0x000000077f780000,0x000000077f7b0000,0x000000077fb80000)
  to   space 4096K, 0% used [0x000000077fc00000,0x000000077fc00000,0x0000000780000000)
 ParOldGen       total 699392K, used 15140K [0x00000006c0000000, 0x00000006eab00000, 0x000000076ab00000)
  object space 699392K, 2% used [0x00000006c0000000,0x00000006c0ec9218,0x00000006eab00000)
 Metaspace       used 12456K, capacity 12760K, committed 13056K, reserved 1060864K
  class space    used 1608K, capacity 1712K, committed 1792K, reserved 1048576K
Event: 28.991 GC heap after
Heap after GC invocations=38 (full 0):
 PSYoungGen      total 344064K, used 2592K [0x000000076ab00000, 0x0000000780000000, 0x00000007c0000000)
  eden space 339968K, 0% used [0x000000076ab00000,0x000000076ab00000,0x000000077f700000)
  from space 4096K, 63% used [0x000000077fc00000,0x000000077fe88010,0x0000000780000000)
  to   space 4608K, 0% used [0x000000077f700000,0x000000077f700000,0x000000077fb80000)
 ParOldGen       total 699392K, used 15148K [0x00000006c0000000, 0x00000006eab00000, 0x000000076ab00000)
  object space 699392K, 2% used [0x00000006c0000000,0x00000006c0ecb218,0x00000006eab00000)
 Metaspace       used 12456K, capacity 12760K, committed 13056K, reserved 1060864K
  class space    used 1608K, capacity 1712K, committed 1792K, reserved 1048576K
}
Event: 29.602 GC heap before
{Heap before GC invocations=39 (full 0):
 PSYoungGen      total 344064K, used 342560K [0x000000076ab00000, 0x0000000780000000, 0x00000007c0000000)
  eden space 339968K, 100% used [0x000000076ab00000,0x000000077f700000,0x000000077f700000)
  from space 4096K, 63% used [0x000000077fc00000,0x000000077fe88010,0x0000000780000000)
  to   space 4608K, 0% used [0x000000077f700000,0x000000077f700000,0x000000077fb80000)
 ParOldGen       total 699392K, used 15148K [0x00000006c0000000, 0x00000006eab00000, 0x000000076ab00000)
  object space 699392K, 2% used [0x00000006c0000000,0x00000006c0ecb218,0x00000006eab00000)
 Metaspace       used 12456K, capacity 12760K, committed 13056K, reserved 1060864K
  class space    used 1608K, capacity 1712K, committed 1792K, reserved 1048576K
Event: 29.603 GC heap after
Heap after GC invocations=39 (full 0):
 PSYoungGen      total 344576K, used 160K [0x000000076ab00000, 0x0000000780000000, 0x00000007c0000000)
  eden space 339968K, 0% used [0x000000076ab00000,0x000000076ab00000,0x000000077f700000)
  from space 4608K, 3% used [0x000000077f700000,0x000000077f728000,0x000000077fb80000)
  to   space 4096K, 0% used [0x000000077fc00000,0x000000077fc00000,0x0000000780000000)
 ParOldGen       total 699392K, used 15180K [0x00000006c0000000, 0x00000006eab00000, 0x000000076ab00000)
  object space 699392K, 2% used [0x00000006c0000000,0x00000006c0ed3218,0x00000006eab00000)
 Metaspace       used 12456K, capacity 12760K, committed 13056K, reserved 1060864K
  class space    used 1608K, capacity 1712K, committed 1792K, reserved 1048576K
}
Event: 30.206 GC heap before
{Heap before GC invocations=40 (full 0):
 PSYoungGen      total 344576K, used 340128K [0x000000076ab00000, 0x0000000780000000, 0x00000007c0000000)
  eden space 339968K, 100% used [0x000000076ab00000,0x000000077f700000,0x000000077f700000)
  from space 4608K, 3% used [0x000000077f700000,0x000000077f728000,0x000000077fb80000)
  to   space 4096K, 0% used [0x000000077fc00000,0x000000077fc00000,0x0000000780000000)
 ParOldGen       total 699392K, used 15180K [0x00000006c0000000, 0x00000006eab00000, 0x000000076ab00000)
  object space 699392K, 2% used [0x00000006c0000000,0x00000006c0ed3218,0x00000006eab00000)
 Metaspace       used 12458K, capacity 12760K, committed 13056K, reserved 1060864K
  class space    used 1608K, capacity 1712K, committed 1792K, reserved 1048576K
Event: 30.207 GC heap after
Heap after GC invocations=40 (full 0):
 PSYoungGen      total 345088K, used 160K [0x000000076ab00000, 0x0000000780000000, 0x00000007c0000000)
  eden space 340992K, 0% used [0x000000076ab00000,0x000000076ab00000,0x000000077f800000)
  from space 4096K, 3% used [0x000000077fc00000,0x000000077fc28000,0x0000000780000000)
  to   space 4096K, 0% used [0x000000077f800000,0x000000077f800000,0x000000077fc00000)
 ParOldGen       total 699392K, used 15196K [0x00000006c0000000, 0x00000006eab00000, 0x000000076ab00000)
  object space 699392K, 2% used [0x00000006c0000000,0x00000006c0ed7218,0x00000006eab00000)
 Metaspace       used 12458K, capacity 12760K, committed 13056K, reserved 1060864K
  class space    used 1608K, capacity 1712K, committed 1792K, reserved 1048576K
}

