# JRE version: OpenJDK Runtime Environment (8.0_66-b17) (build 1.8.0_66-internal-b17)
# Java VM: OpenJDK 64-Bit Server VM (25.66-b17 mixed mode linux-amd64 compressed oops)
Heap:
 PSYoungGen      total 305664K, used 261904K [0x000000076ab00000, 0x0000000780000000, 0x00000007c0000000)
  eden space 262144K, 99% used [0x000000076ab00000,0x000000077a8afb60,0x000000077ab00000)
  from space 43520K, 4% used [0x000000077d580000,0x000000077d794820,0x0000000780000000)
  to   space 43520K, 0% used [0x000000077ab00000,0x000000077ab00000,0x000000077d580000)
 ParOldGen       total 699392K, used 24K [0x00000006c0000000, 0x00000006eab00000, 0x000000076ab00000)
  object space 699392K, 0% used [0x00000006c0000000,0x00000006c0006000,0x00000006eab00000)
 Metaspace       used 13582K, capacity 13846K, committed 14208K, reserved 1060864K
  class space    used 1689K, capacity 1817K, committed 1920K, reserved 1048576K
GC Heap History (4 events):
Event: 5,324 GC heap before
{Heap before GC invocations=1 (full 0):
 PSYoungGen      total 305664K, used 262144K [0x000000076ab00000, 0x0000000780000000, 0x00000007c0000000)
  eden space 262144K, 100% used [0x000000076ab00000,0x000000077ab00000,0x000000077ab00000)
  from space 43520K, 0% used [0x000000077d580000,0x000000077d580000,0x0000000780000000)
  to   space 43520K, 0% used [0x000000077ab00000,0x000000077ab00000,0x000000077d580000)
 ParOldGen       total 699392K, used 0K [0x00000006c0000000, 0x00000006eab00000, 0x000000076ab00000)
  object space 699392K, 0% used [0x00000006c0000000,0x00000006c0000000,0x00000006eab00000)
 Metaspace       used 13293K, capacity 13526K, committed 13824K, reserved 1060864K
  class space    used 1670K, capacity 1753K, committed 1792K, reserved 1048576K
Event: 5,339 GC heap after
Heap after GC invocations=1 (full 0):
 PSYoungGen      total 305664K, used 5952K [0x000000076ab00000, 0x0000000780000000, 0x00000007c0000000)
  eden space 262144K, 0% used [0x000000076ab00000,0x000000076ab00000,0x000000077ab00000)
  from space 43520K, 13% used [0x000000077ab00000,0x000000077b0d0040,0x000000077d580000)
  to   space 43520K, 0% used [0x000000077d580000,0x000000077d580000,0x0000000780000000)
 ParOldGen       total 699392K, used 16K [0x00000006c0000000, 0x00000006eab00000, 0x000000076ab00000)
  object space 699392K, 0% used [0x00000006c0000000,0x00000006c0004000,0x00000006eab00000)
 Metaspace       used 13293K, capacity 13526K, committed 13824K, reserved 1060864K
  class space    used 1670K, capacity 1753K, committed 1792K, reserved 1048576K
}
Event: 6,347 GC heap before
{Heap before GC invocations=2 (full 0):
 PSYoungGen      total 305664K, used 264780K [0x000000076ab00000, 0x0000000780000000, 0x00000007c0000000)
  eden space 262144K, 98% used [0x000000076ab00000,0x000000077a7c2fd8,0x000000077ab00000)
  from space 43520K, 13% used [0x000000077ab00000,0x000000077b0d0040,0x000000077d580000)
  to   space 43520K, 0% used [0x000000077d580000,0x000000077d580000,0x0000000780000000)
 ParOldGen       total 699392K, used 16K [0x00000006c0000000, 0x00000006eab00000, 0x000000076ab00000)
  object space 699392K, 0% used [0x00000006c0000000,0x00000006c0004000,0x00000006eab00000)
 Metaspace       used 13371K, capacity 13622K, committed 13824K, reserved 1060864K
  class space    used 1677K, capacity 1785K, committed 1792K, reserved 1048576K
Event: 6,352 GC heap after
Heap after GC invocations=2 (full 0):
 PSYoungGen      total 305664K, used 2130K [0x000000076ab00000, 0x0000000780000000, 0x00000007c0000000)
  eden space 262144K, 0% used [0x000000076ab00000,0x000000076ab00000,0x000000077ab00000)
  from space 43520K, 4% used [0x000000077d580000,0x000000077d794820,0x0000000780000000)
  to   space 43520K, 0% used [0x000000077ab00000,0x000000077ab00000,0x000000077d580000)
 ParOldGen       total 699392K, used 24K [0x00000006c0000000, 0x00000006eab00000, 0x000000076ab00000)
  object space 699392K, 0% used [0x00000006c0000000,0x00000006c0006000,0x00000006eab00000)
 Metaspace       used 13371K, capacity 13622K, committed 13824K, reserved 1060864K
  class space    used 1677K, capacity 1785K, committed 1792K, reserved 1048576K
}

