# JRE version: OpenJDK Runtime Environment (8.0_66-b17) (build 1.8.0_66-internal-b17)
# Java VM: OpenJDK 64-Bit Server VM (25.66-b17 mixed mode linux-amd64 compressed oops)
Heap:
 PSYoungGen      total 473088K, used 387808K [0x000000076ab00000, 0x0000000788c00000, 0x00000007c0000000)
  eden space 461312K, 81% used [0x000000076ab00000,0x0000000781a5e0c0,0x0000000786d80000)
  from space 11776K, 98% used [0x0000000787b80000,0x00000007886da100,0x0000000788700000)
  to   space 14336K, 0% used [0x0000000786d80000,0x0000000786d80000,0x0000000787b80000)
 ParOldGen       total 699392K, used 96243K [0x00000006c0000000, 0x00000006eab00000, 0x000000076ab00000)
  object space 699392K, 13% used [0x00000006c0000000,0x00000006c5dfcd38,0x00000006eab00000)
 Metaspace       used 14654K, capacity 14946K, committed 15232K, reserved 1062912K
  class space    used 1749K, capacity 1881K, committed 1920K, reserved 1048576K
GC Heap History (10 events):
Event: 21,088 GC heap before
{Heap before GC invocations=20 (full 0):
 PSYoungGen      total 340992K, used 333536K [0x000000076ab00000, 0x0000000780000000, 0x00000007c0000000)
  eden space 333312K, 100% used [0x000000076ab00000,0x000000077f080000,0x000000077f080000)
  from space 7680K, 2% used [0x000000077f080000,0x000000077f0b8000,0x000000077f800000)
  to   space 7680K, 0% used [0x000000077f880000,0x000000077f880000,0x0000000780000000)
 ParOldGen       total 699392K, used 2369K [0x00000006c0000000, 0x00000006eab00000, 0x000000076ab00000)
  object space 699392K, 0% used [0x00000006c0000000,0x00000006c0250578,0x00000006eab00000)
 Metaspace       used 14350K, capacity 14682K, committed 14976K, reserved 1062912K
  class space    used 1748K, capacity 1881K, committed 1920K, reserved 1048576K
Event: 21,089 GC heap after
Heap after GC invocations=20 (full 0):
 PSYoungGen      total 342016K, used 224K [0x000000076ab00000, 0x0000000780000000, 0x00000007c0000000)
  eden space 334336K, 0% used [0x000000076ab00000,0x000000076ab00000,0x000000077f180000)
  from space 7680K, 2% used [0x000000077f880000,0x000000077f8b8000,0x0000000780000000)
  to   space 7168K, 0% used [0x000000077f180000,0x000000077f180000,0x000000077f880000)
 ParOldGen       total 699392K, used 2385K [0x00000006c0000000, 0x00000006eab00000, 0x000000076ab00000)
  object space 699392K, 0% used [0x00000006c0000000,0x00000006c0254578,0x00000006eab00000)
 Metaspace       used 14350K, capacity 14682K, committed 14976K, reserved 1062912K
  class space    used 1748K, capacity 1881K, committed 1920K, reserved 1048576K
}
Event: 21,980 GC heap before
{Heap before GC invocations=21 (full 0):
 PSYoungGen      total 342016K, used 332596K [0x000000076ab00000, 0x0000000780000000, 0x00000007c0000000)
  eden space 334336K, 99% used [0x000000076ab00000,0x000000077ef95320,0x000000077f180000)
  from space 7680K, 2% used [0x000000077f880000,0x000000077f8b8000,0x0000000780000000)
  to   space 7168K, 0% used [0x000000077f180000,0x000000077f180000,0x000000077f880000)
 ParOldGen       total 699392K, used 2385K [0x00000006c0000000, 0x00000006eab00000, 0x000000076ab00000)
  object space 699392K, 0% used [0x00000006c0000000,0x00000006c0254578,0x00000006eab00000)
 Metaspace       used 14468K, capacity 14754K, committed 14976K, reserved 1062912K
  class space    used 1749K, capacity 1881K, committed 1920K, reserved 1048576K
Event: 21,997 GC heap after
Heap after GC invocations=21 (full 0):
 PSYoungGen      total 341504K, used 7156K [0x000000076ab00000, 0x0000000780000000, 0x00000007c0000000)
  eden space 334336K, 0% used [0x000000076ab00000,0x000000076ab00000,0x000000077f180000)
  from space 7168K, 99% used [0x000000077f180000,0x000000077f87d0b0,0x000000077f880000)
  to   space 7680K, 0% used [0x000000077f880000,0x000000077f880000,0x0000000780000000)
 ParOldGen       total 699392K, used 14693K [0x00000006c0000000, 0x00000006eab00000, 0x000000076ab00000)
  object space 699392K, 2% used [0x00000006c0000000,0x00000006c0e59668,0x00000006eab00000)
 Metaspace       used 14468K, capacity 14754K, committed 14976K, reserved 1062912K
  class space    used 1749K, capacity 1881K, committed 1920K, reserved 1048576K
}
Event: 22,709 GC heap before
{Heap before GC invocations=22 (full 0):
 PSYoungGen      total 341504K, used 340487K [0x000000076ab00000, 0x0000000780000000, 0x00000007c0000000)
  eden space 334336K, 99% used [0x000000076ab00000,0x000000077f084c80,0x000000077f180000)
  from space 7168K, 99% used [0x000000077f180000,0x000000077f87d0b0,0x000000077f880000)
  to   space 7680K, 0% used [0x000000077f880000,0x000000077f880000,0x0000000780000000)
 ParOldGen       total 699392K, used 14693K [0x00000006c0000000, 0x00000006eab00000, 0x000000076ab00000)
  object space 699392K, 2% used [0x00000006c0000000,0x00000006c0e59668,0x00000006eab00000)
 Metaspace       used 14530K, capacity 14818K, committed 14976K, reserved 1062912K
  class space    used 1749K, capacity 1881K, committed 1920K, reserved 1048576K
Event: 22,742 GC heap after
Heap after GC invocations=22 (full 0):
 PSYoungGen      total 338944K, used 7424K [0x000000076ab00000, 0x0000000788880000, 0x00000007c0000000)
  eden space 331264K, 0% used [0x000000076ab00000,0x000000076ab00000,0x000000077ee80000)
  from space 7680K, 96% used [0x000000077f880000,0x000000077ffc0040,0x0000000780000000)
  to   space 10240K, 0% used [0x000000077ee80000,0x000000077ee80000,0x000000077f880000)
 ParOldGen       total 699392K, used 48698K [0x00000006c0000000, 0x00000006eab00000, 0x000000076ab00000)
  object space 699392K, 6% used [0x00000006c0000000,0x00000006c2f8e958,0x00000006eab00000)
 Metaspace       used 14530K, capacity 14818K, committed 14976K, reserved 1062912K
  class space    used 1749K, capacity 1881K, committed 1920K, reserved 1048576K
}
Event: 23,363 GC heap before
{Heap before GC invocations=23 (full 0):
 PSYoungGen      total 338944K, used 333968K [0x000000076ab00000, 0x0000000788880000, 0x00000007c0000000)
  eden space 331264K, 98% used [0x000000076ab00000,0x000000077e9e4100,0x000000077ee80000)
  from space 7680K, 96% used [0x000000077f880000,0x000000077ffc0040,0x0000000780000000)
  to   space 10240K, 0% used [0x000000077ee80000,0x000000077ee80000,0x000000077f880000)
 ParOldGen       total 699392K, used 48698K [0x00000006c0000000, 0x00000006eab00000, 0x000000076ab00000)
  object space 699392K, 6% used [0x00000006c0000000,0x00000006c2f8e958,0x00000006eab00000)
 Metaspace       used 14587K, capacity 14882K, committed 15232K, reserved 1062912K
  class space    used 1749K, capacity 1881K, committed 1920K, reserved 1048576K
Event: 23,385 GC heap after
Heap after GC invocations=23 (full 0):
 PSYoungGen      total 341504K, used 9824K [0x000000076ab00000, 0x0000000788700000, 0x00000007c0000000)
  eden space 331264K, 0% used [0x000000076ab00000,0x000000076ab00000,0x000000077ee80000)
  from space 10240K, 95% used [0x000000077ee80000,0x000000077f8180e0,0x000000077f880000)
  to   space 11776K, 0% used [0x0000000787b80000,0x0000000787b80000,0x0000000788700000)
 ParOldGen       total 699392K, used 70970K [0x00000006c0000000, 0x00000006eab00000, 0x000000076ab00000)
  object space 699392K, 10% used [0x00000006c0000000,0x00000006c454eb18,0x00000006eab00000)
 Metaspace       used 14587K, capacity 14882K, committed 15232K, reserved 1062912K
  class space    used 1749K, capacity 1881K, committed 1920K, reserved 1048576K
}
Event: 23,967 GC heap before
{Heap before GC invocations=24 (full 0):
 PSYoungGen      total 341504K, used 338041K [0x000000076ab00000, 0x0000000788700000, 0x00000007c0000000)
  eden space 331264K, 99% used [0x000000076ab00000,0x000000077eb864d8,0x000000077ee80000)
  from space 10240K, 95% used [0x000000077ee80000,0x000000077f8180e0,0x000000077f880000)
  to   space 11776K, 0% used [0x0000000787b80000,0x0000000787b80000,0x0000000788700000)
 ParOldGen       total 699392K, used 70970K [0x00000006c0000000, 0x00000006eab00000, 0x000000076ab00000)
  object space 699392K, 10% used [0x00000006c0000000,0x00000006c454eb18,0x00000006eab00000)
 Metaspace       used 14633K, capacity 14946K, committed 15232K, reserved 1062912K
  class space    used 1749K, capacity 1881K, committed 1920K, reserved 1048576K
Event: 23,994 GC heap after
Heap after GC invocations=24 (full 0):
 PSYoungGen      total 473088K, used 11624K [0x000000076ab00000, 0x0000000788c00000, 0x00000007c0000000)
  eden space 461312K, 0% used [0x000000076ab00000,0x000000076ab00000,0x0000000786d80000)
  from space 11776K, 98% used [0x0000000787b80000,0x00000007886da100,0x0000000788700000)
  to   space 14336K, 0% used [0x0000000786d80000,0x0000000786d80000,0x0000000787b80000)
 ParOldGen       total 699392K, used 96243K [0x00000006c0000000, 0x00000006eab00000, 0x000000076ab00000)
  object space 699392K, 13% used [0x00000006c0000000,0x00000006c5dfcd38,0x00000006eab00000)
 Metaspace       used 14633K, capacity 14946K, committed 15232K, reserved 1062912K
  class space    used 1749K, capacity 1881K, committed 1920K, reserved 1048576K
}

