# JRE version: OpenJDK Runtime Environment (8.0_66-b17) (build 1.8.0_66-internal-b17)
# Java VM: OpenJDK 64-Bit Server VM (25.66-b17 mixed mode linux-amd64 compressed oops)
Heap:
 PSYoungGen      total 367616K, used 17405K [0x000000076ab00000, 0x000000078e280000, 0x00000007c0000000)
  eden space 358912K, 2% used [0x000000076ab00000,0x000000076b3de680,0x0000000780980000)
  from space 8704K, 95% used [0x000000078da00000,0x000000078e221060,0x000000078e280000)
  to   space 13312K, 0% used [0x000000078c880000,0x000000078c880000,0x000000078d580000)
 ParOldGen       total 699392K, used 20128K [0x00000006c0000000, 0x00000006eab00000, 0x000000076ab00000)
  object space 699392K, 2% used [0x00000006c0000000,0x00000006c13a8330,0x00000006eab00000)
 Metaspace       used 14479K, capacity 14754K, committed 14976K, reserved 1062912K
  class space    used 1753K, capacity 1881K, committed 1920K, reserved 1048576K
GC Heap History (10 events):
Event: 22,844 GC heap before
{Heap before GC invocations=22 (full 0):
 PSYoungGen      total 416768K, used 414859K [0x000000076ab00000, 0x000000078f700000, 0x00000007c0000000)
  eden space 416256K, 99% used [0x000000076ab00000,0x0000000783ff2ea8,0x0000000784180000)
  from space 512K, 37% used [0x000000078e800000,0x000000078e830000,0x000000078e880000)
  to   space 11264K, 0% used [0x000000078ec00000,0x000000078ec00000,0x000000078f700000)
 ParOldGen       total 699392K, used 2380K [0x00000006c0000000, 0x00000006eab00000, 0x000000076ab00000)
  object space 699392K, 0% used [0x00000006c0000000,0x00000006c0253250,0x00000006eab00000)
 Metaspace       used 14379K, capacity 14682K, committed 14976K, reserved 1062912K
  class space    used 1751K, capacity 1881K, committed 1920K, reserved 1048576K
Event: 22,847 GC heap after
Heap after GC invocations=22 (full 0):
 PSYoungGen      total 409088K, used 4960K [0x000000076ab00000, 0x000000078f100000, 0x00000007c0000000)
  eden space 403968K, 0% used [0x000000076ab00000,0x000000076ab00000,0x0000000783580000)
  from space 5120K, 96% used [0x000000078ec00000,0x000000078f0d8010,0x000000078f100000)
  to   space 11264K, 0% used [0x000000078db00000,0x000000078db00000,0x000000078e600000)
 ParOldGen       total 699392K, used 2388K [0x00000006c0000000, 0x00000006eab00000, 0x000000076ab00000)
  object space 699392K, 0% used [0x00000006c0000000,0x00000006c0255250,0x00000006eab00000)
 Metaspace       used 14379K, capacity 14682K, committed 14976K, reserved 1062912K
  class space    used 1751K, capacity 1881K, committed 1920K, reserved 1048576K
}
Event: 23,537 GC heap before
{Heap before GC invocations=23 (full 0):
 PSYoungGen      total 409088K, used 405790K [0x000000076ab00000, 0x000000078f100000, 0x00000007c0000000)
  eden space 403968K, 99% used [0x000000076ab00000,0x000000078326f908,0x0000000783580000)
  from space 5120K, 96% used [0x000000078ec00000,0x000000078f0d8010,0x000000078f100000)
  to   space 11264K, 0% used [0x000000078db00000,0x000000078db00000,0x000000078e600000)
 ParOldGen       total 699392K, used 2388K [0x00000006c0000000, 0x00000006eab00000, 0x000000076ab00000)
  object space 699392K, 0% used [0x00000006c0000000,0x00000006c0255250,0x00000006eab00000)
 Metaspace       used 14385K, capacity 14682K, committed 14976K, reserved 1062912K
  class space    used 1751K, capacity 1881K, committed 1920K, reserved 1048576K
Event: 23,539 GC heap after
Heap after GC invocations=23 (full 0):
 PSYoungGen      total 392704K, used 160K [0x000000076ab00000, 0x000000078ec80000, 0x00000007c0000000)
  eden space 392192K, 0% used [0x000000076ab00000,0x000000076ab00000,0x0000000782a00000)
  from space 512K, 31% used [0x000000078db00000,0x000000078db28000,0x000000078db80000)
  to   space 10752K, 0% used [0x000000078e200000,0x000000078e200000,0x000000078ec80000)
 ParOldGen       total 699392K, used 2404K [0x00000006c0000000, 0x00000006eab00000, 0x000000076ab00000)
  object space 699392K, 0% used [0x00000006c0000000,0x00000006c0259250,0x00000006eab00000)
 Metaspace       used 14385K, capacity 14682K, committed 14976K, reserved 1062912K
  class space    used 1751K, capacity 1881K, committed 1920K, reserved 1048576K
}
Event: 24,223 GC heap before
{Heap before GC invocations=24 (full 0):
 PSYoungGen      total 392704K, used 391412K [0x000000076ab00000, 0x000000078ec80000, 0x00000007c0000000)
  eden space 392192K, 99% used [0x000000076ab00000,0x00000007829151a8,0x0000000782a00000)
  from space 512K, 31% used [0x000000078db00000,0x000000078db28000,0x000000078db80000)
  to   space 10752K, 0% used [0x000000078e200000,0x000000078e200000,0x000000078ec80000)
 ParOldGen       total 699392K, used 2404K [0x00000006c0000000, 0x00000006eab00000, 0x000000076ab00000)
  object space 699392K, 0% used [0x00000006c0000000,0x00000006c0259250,0x00000006eab00000)
 Metaspace       used 14385K, capacity 14682K, committed 14976K, reserved 1062912K
  class space    used 1751K, capacity 1881K, committed 1920K, reserved 1048576K
Event: 24,227 GC heap after
Heap after GC invocations=24 (full 0):
 PSYoungGen      total 388608K, used 7328K [0x000000076ab00000, 0x000000078e980000, 0x00000007c0000000)
  eden space 380928K, 0% used [0x000000076ab00000,0x000000076ab00000,0x0000000781f00000)
  from space 7680K, 95% used [0x000000078e200000,0x000000078e928020,0x000000078e980000)
  to   space 11776K, 0% used [0x000000078d280000,0x000000078d280000,0x000000078de00000)
 ParOldGen       total 699392K, used 2412K [0x00000006c0000000, 0x00000006eab00000, 0x000000076ab00000)
  object space 699392K, 0% used [0x00000006c0000000,0x00000006c025b250,0x00000006eab00000)
 Metaspace       used 14385K, capacity 14682K, committed 14976K, reserved 1062912K
  class space    used 1751K, capacity 1881K, committed 1920K, reserved 1048576K
}
Event: 24,889 GC heap before
{Heap before GC invocations=25 (full 0):
 PSYoungGen      total 388608K, used 386332K [0x000000076ab00000, 0x000000078e980000, 0x00000007c0000000)
  eden space 380928K, 99% used [0x000000076ab00000,0x0000000781d1f240,0x0000000781f00000)
  from space 7680K, 95% used [0x000000078e200000,0x000000078e928020,0x000000078e980000)
  to   space 11776K, 0% used [0x000000078d280000,0x000000078d280000,0x000000078de00000)
 ParOldGen       total 699392K, used 2412K [0x00000006c0000000, 0x00000006eab00000, 0x000000076ab00000)
  object space 699392K, 0% used [0x00000006c0000000,0x00000006c025b250,0x00000006eab00000)
 Metaspace       used 14393K, capacity 14682K, committed 14976K, reserved 1062912K
  class space    used 1751K, capacity 1881K, committed 1920K, reserved 1048576K
Event: 24,892 GC heap after
Heap after GC invocations=25 (full 0):
 PSYoungGen      total 377344K, used 7328K [0x000000076ab00000, 0x000000078e280000, 0x00000007c0000000)
  eden space 369664K, 0% used [0x000000076ab00000,0x000000076ab00000,0x0000000781400000)
  from space 7680K, 95% used [0x000000078d280000,0x000000078d9a8020,0x000000078da00000)
  to   space 8704K, 0% used [0x000000078da00000,0x000000078da00000,0x000000078e280000)
 ParOldGen       total 699392K, used 2420K [0x00000006c0000000, 0x00000006eab00000, 0x000000076ab00000)
  object space 699392K, 0% used [0x00000006c0000000,0x00000006c025d250,0x00000006eab00000)
 Metaspace       used 14393K, capacity 14682K, committed 14976K, reserved 1062912K
  class space    used 1751K, capacity 1881K, committed 1920K, reserved 1048576K
}
Event: 25,749 GC heap before
{Heap before GC invocations=26 (full 0):
 PSYoungGen      total 377344K, used 376255K [0x000000076ab00000, 0x000000078e280000, 0x00000007c0000000)
  eden space 369664K, 99% used [0x000000076ab00000,0x0000000781347df0,0x0000000781400000)
  from space 7680K, 95% used [0x000000078d280000,0x000000078d9a8020,0x000000078da00000)
  to   space 8704K, 0% used [0x000000078da00000,0x000000078da00000,0x000000078e280000)
 ParOldGen       total 699392K, used 2420K [0x00000006c0000000, 0x00000006eab00000, 0x000000076ab00000)
  object space 699392K, 0% used [0x00000006c0000000,0x00000006c025d250,0x00000006eab00000)
 Metaspace       used 14478K, capacity 14754K, committed 14976K, reserved 1062912K
  class space    used 1753K, capacity 1881K, committed 1920K, reserved 1048576K
Event: 25,763 GC heap after
Heap after GC invocations=26 (full 0):
 PSYoungGen      total 367616K, used 8324K [0x000000076ab00000, 0x000000078e280000, 0x00000007c0000000)
  eden space 358912K, 0% used [0x000000076ab00000,0x000000076ab00000,0x0000000780980000)
  from space 8704K, 95% used [0x000000078da00000,0x000000078e221060,0x000000078e280000)
  to   space 13312K, 0% used [0x000000078c880000,0x000000078c880000,0x000000078d580000)
 ParOldGen       total 699392K, used 20128K [0x00000006c0000000, 0x00000006eab00000, 0x000000076ab00000)
  object space 699392K, 2% used [0x00000006c0000000,0x00000006c13a8330,0x00000006eab00000)
 Metaspace       used 14478K, capacity 14754K, committed 14976K, reserved 1062912K
  class space    used 1753K, capacity 1881K, committed 1920K, reserved 1048576K
}

