# JRE version: Java(TM) SE Runtime Environment (8.0_77-b03) (build 1.8.0_77-b03)
# Java VM: Java HotSpot(TM) 64-Bit Server VM (25.77-b03 mixed mode windows-amd64 compressed oops)
Heap:
 PSYoungGen      total 333824K, used 210005K [0x000000076ab00000, 0x0000000780000000, 0x00000007c0000000)
  eden space 318464K, 63% used [0x000000076ab00000,0x000000077705d200,0x000000077e200000)
  from space 15360K, 51% used [0x000000077f100000,0x000000077f8b8388,0x0000000780000000)
  to   space 15360K, 0% used [0x000000077e200000,0x000000077e200000,0x000000077f100000)
 ParOldGen       total 699392K, used 6086K [0x00000006c0000000, 0x00000006eab00000, 0x000000076ab00000)
  object space 699392K, 0% used [0x00000006c0000000,0x00000006c05f1920,0x00000006eab00000)
 Metaspace       used 12785K, capacity 13116K, committed 13312K, reserved 1060864K
  class space    used 1643K, capacity 1744K, committed 1792K, reserved 1048576K
GC Heap History (10 events):
Event: 21.211 GC heap before
{Heap before GC invocations=24 (full 0):
 PSYoungGen      total 335360K, used 334865K [0x000000076ab00000, 0x0000000780000000, 0x00000007c0000000)
  eden space 326656K, 100% used [0x000000076ab00000,0x000000077ea00000,0x000000077ea00000)
  from space 8704K, 94% used [0x000000077ea00000,0x000000077f204538,0x000000077f280000)
  to   space 12288K, 0% used [0x000000077f400000,0x000000077f400000,0x0000000780000000)
 ParOldGen       total 699392K, used 6038K [0x00000006c0000000, 0x00000006eab00000, 0x000000076ab00000)
  object space 699392K, 0% used [0x00000006c0000000,0x00000006c05e5920,0x00000006eab00000)
 Metaspace       used 12763K, capacity 13052K, committed 13312K, reserved 1060864K
  class space    used 1643K, capacity 1744K, committed 1792K, reserved 1048576K
Event: 21.214 GC heap after
Heap after GC invocations=24 (full 0):
 PSYoungGen      total 334848K, used 7515K [0x000000076ab00000, 0x0000000780000000, 0x00000007c0000000)
  eden space 322560K, 0% used [0x000000076ab00000,0x000000076ab00000,0x000000077e600000)
  from space 12288K, 61% used [0x000000077f400000,0x000000077fb56e38,0x0000000780000000)
  to   space 13312K, 0% used [0x000000077e600000,0x000000077e600000,0x000000077f300000)
 ParOldGen       total 699392K, used 6046K [0x00000006c0000000, 0x00000006eab00000, 0x000000076ab00000)
  object space 699392K, 0% used [0x00000006c0000000,0x00000006c05e7920,0x00000006eab00000)
 Metaspace       used 12763K, capacity 13052K, committed 13312K, reserved 1060864K
  class space    used 1643K, capacity 1744K, committed 1792K, reserved 1048576K
}
Event: 21.750 GC heap before
{Heap before GC invocations=25 (full 0):
 PSYoungGen      total 334848K, used 330075K [0x000000076ab00000, 0x0000000780000000, 0x00000007c0000000)
  eden space 322560K, 100% used [0x000000076ab00000,0x000000077e600000,0x000000077e600000)
  from space 12288K, 61% used [0x000000077f400000,0x000000077fb56e38,0x0000000780000000)
  to   space 13312K, 0% used [0x000000077e600000,0x000000077e600000,0x000000077f300000)
 ParOldGen       total 699392K, used 6046K [0x00000006c0000000, 0x00000006eab00000, 0x000000076ab00000)
  object space 699392K, 0% used [0x00000006c0000000,0x00000006c05e7920,0x00000006eab00000)
 Metaspace       used 12765K, capacity 13052K, committed 13312K, reserved 1060864K
  class space    used 1643K, capacity 1744K, committed 1792K, reserved 1048576K
Event: 21.756 GC heap after
Heap after GC invocations=25 (full 0):
 PSYoungGen      total 331776K, used 8905K [0x000000076ab00000, 0x0000000780000000, 0x00000007c0000000)
  eden space 322560K, 0% used [0x000000076ab00000,0x000000076ab00000,0x000000077e600000)
  from space 9216K, 96% used [0x000000077e600000,0x000000077eeb27b8,0x000000077ef00000)
  to   space 13824K, 0% used [0x000000077f280000,0x000000077f280000,0x0000000780000000)
 ParOldGen       total 699392K, used 6054K [0x00000006c0000000, 0x00000006eab00000, 0x000000076ab00000)
  object space 699392K, 0% used [0x00000006c0000000,0x00000006c05e9920,0x00000006eab00000)
 Metaspace       used 12765K, capacity 13052K, committed 13312K, reserved 1060864K
  class space    used 1643K, capacity 1744K, committed 1792K, reserved 1048576K
}
Event: 22.287 GC heap before
{Heap before GC invocations=26 (full 0):
 PSYoungGen      total 331776K, used 331465K [0x000000076ab00000, 0x0000000780000000, 0x00000007c0000000)
  eden space 322560K, 100% used [0x000000076ab00000,0x000000077e600000,0x000000077e600000)
  from space 9216K, 96% used [0x000000077e600000,0x000000077eeb27b8,0x000000077ef00000)
  to   space 13824K, 0% used [0x000000077f280000,0x000000077f280000,0x0000000780000000)
 ParOldGen       total 699392K, used 6054K [0x00000006c0000000, 0x00000006eab00000, 0x000000076ab00000)
  object space 699392K, 0% used [0x00000006c0000000,0x00000006c05e9920,0x00000006eab00000)
 Metaspace       used 12774K, capacity 13052K, committed 13312K, reserved 1060864K
  class space    used 1643K, capacity 1744K, committed 1792K, reserved 1048576K
Event: 22.292 GC heap after
Heap after GC invocations=26 (full 0):
 PSYoungGen      total 333312K, used 9406K [0x000000076ab00000, 0x0000000780000000, 0x00000007c0000000)
  eden space 319488K, 0% used [0x000000076ab00000,0x000000076ab00000,0x000000077e300000)
  from space 13824K, 68% used [0x000000077f280000,0x000000077fbafb78,0x0000000780000000)
  to   space 14848K, 0% used [0x000000077e300000,0x000000077e300000,0x000000077f180000)
 ParOldGen       total 699392K, used 6070K [0x00000006c0000000, 0x00000006eab00000, 0x000000076ab00000)
  object space 699392K, 0% used [0x00000006c0000000,0x00000006c05ed920,0x00000006eab00000)
 Metaspace       used 12774K, capacity 13052K, committed 13312K, reserved 1060864K
  class space    used 1643K, capacity 1744K, committed 1792K, reserved 1048576K
}
Event: 22.817 GC heap before
{Heap before GC invocations=27 (full 0):
 PSYoungGen      total 333312K, used 328894K [0x000000076ab00000, 0x0000000780000000, 0x00000007c0000000)
  eden space 319488K, 100% used [0x000000076ab00000,0x000000077e300000,0x000000077e300000)
  from space 13824K, 68% used [0x000000077f280000,0x000000077fbafb78,0x0000000780000000)
  to   space 14848K, 0% used [0x000000077e300000,0x000000077e300000,0x000000077f180000)
 ParOldGen       total 699392K, used 6070K [0x00000006c0000000, 0x00000006eab00000, 0x000000076ab00000)
  object space 699392K, 0% used [0x00000006c0000000,0x00000006c05ed920,0x00000006eab00000)
 Metaspace       used 12774K, capacity 13052K, committed 13312K, reserved 1060864K
  class space    used 1643K, capacity 1744K, committed 1792K, reserved 1048576K
Event: 22.822 GC heap after
Heap after GC invocations=27 (full 0):
 PSYoungGen      total 328704K, used 9001K [0x000000076ab00000, 0x0000000780000000, 0x00000007c0000000)
  eden space 319488K, 0% used [0x000000076ab00000,0x000000076ab00000,0x000000077e300000)
  from space 9216K, 97% used [0x000000077e300000,0x000000077ebca7b8,0x000000077ec00000)
  to   space 15360K, 0% used [0x000000077f100000,0x000000077f100000,0x0000000780000000)
 ParOldGen       total 699392K, used 6078K [0x00000006c0000000, 0x00000006eab00000, 0x000000076ab00000)
  object space 699392K, 0% used [0x00000006c0000000,0x00000006c05ef920,0x00000006eab00000)
 Metaspace       used 12774K, capacity 13052K, committed 13312K, reserved 1060864K
  class space    used 1643K, capacity 1744K, committed 1792K, reserved 1048576K
}
Event: 23.347 GC heap before
{Heap before GC invocations=28 (full 0):
 PSYoungGen      total 328704K, used 328135K [0x000000076ab00000, 0x0000000780000000, 0x00000007c0000000)
  eden space 319488K, 99% used [0x000000076ab00000,0x000000077e2a76f0,0x000000077e300000)
  from space 9216K, 97% used [0x000000077e300000,0x000000077ebca7b8,0x000000077ec00000)
  to   space 15360K, 0% used [0x000000077f100000,0x000000077f100000,0x0000000780000000)
 ParOldGen       total 699392K, used 6078K [0x00000006c0000000, 0x00000006eab00000, 0x000000076ab00000)
  object space 699392K, 0% used [0x00000006c0000000,0x00000006c05ef920,0x00000006eab00000)
 Metaspace       used 12784K, capacity 13116K, committed 13312K, reserved 1060864K
  class space    used 1643K, capacity 1744K, committed 1792K, reserved 1048576K
Event: 23.350 GC heap after
Heap after GC invocations=28 (full 0):
 PSYoungGen      total 333824K, used 7904K [0x000000076ab00000, 0x0000000780000000, 0x00000007c0000000)
  eden space 318464K, 0% used [0x000000076ab00000,0x000000076ab00000,0x000000077e200000)
  from space 15360K, 51% used [0x000000077f100000,0x000000077f8b8388,0x0000000780000000)
  to   space 15360K, 0% used [0x000000077e200000,0x000000077e200000,0x000000077f100000)
 ParOldGen       total 699392K, used 6086K [0x00000006c0000000, 0x00000006eab00000, 0x000000076ab00000)
  object space 699392K, 0% used [0x00000006c0000000,0x00000006c05f1920,0x00000006eab00000)
 Metaspace       used 12784K, capacity 13116K, committed 13312K, reserved 1060864K
  class space    used 1643K, capacity 1744K, committed 1792K, reserved 1048576K
}

