# JRE version: OpenJDK Runtime Environment (8.0_66-b17) (build 1.8.0_66-internal-b17)
# Java VM: OpenJDK 64-Bit Server VM (25.66-b17 mixed mode linux-amd64 compressed oops)
Heap:
 PSYoungGen      total 334336K, used 332217K [0x000000076ab00000, 0x0000000780000000, 0x00000007c0000000)
  eden space 323584K, 99% used [0x000000076ab00000,0x000000077e4fd718,0x000000077e700000)
  from space 10752K, 99% used [0x000000077f580000,0x000000077fff1080,0x0000000780000000)
  to   space 12800K, 0% used [0x000000077e700000,0x000000077e700000,0x000000077f380000)
 ParOldGen       total 699392K, used 6909K [0x00000006c0000000, 0x00000006eab00000, 0x000000076ab00000)
  object space 699392K, 0% used [0x00000006c0000000,0x00000006c06bf5b8,0x00000006eab00000)
 Metaspace       used 14568K, capacity 14818K, committed 14976K, reserved 1062912K
  class space    used 1751K, capacity 1881K, committed 1920K, reserved 1048576K
GC Heap History (10 events):
Event: 28,137 GC heap before
{Heap before GC invocations=44 (full 0):
 PSYoungGen      total 334848K, used 333795K [0x000000076ab00000, 0x0000000780000000, 0x00000007c0000000)
  eden space 327168K, 99% used [0x000000076ab00000,0x000000077e9c0ce8,0x000000077ea80000)
  from space 7680K, 96% used [0x000000077ea80000,0x000000077f1b8020,0x000000077f200000)
  to   space 11776K, 0% used [0x000000077f480000,0x000000077f480000,0x0000000780000000)
 ParOldGen       total 699392K, used 2653K [0x00000006c0000000, 0x00000006eab00000, 0x000000076ab00000)
  object space 699392K, 0% used [0x00000006c0000000,0x00000006c0297588,0x00000006eab00000)
 Metaspace       used 14441K, capacity 14746K, committed 14976K, reserved 1062912K
  class space    used 1749K, capacity 1881K, committed 1920K, reserved 1048576K
Event: 28,138 GC heap after
Heap after GC invocations=44 (full 0):
 PSYoungGen      total 337920K, used 2592K [0x000000076ab00000, 0x0000000780000000, 0x00000007c0000000)
  eden space 326144K, 0% used [0x000000076ab00000,0x000000076ab00000,0x000000077e980000)
  from space 11776K, 22% used [0x000000077f480000,0x000000077f708010,0x0000000780000000)
  to   space 11264K, 0% used [0x000000077e980000,0x000000077e980000,0x000000077f480000)
 ParOldGen       total 699392K, used 2661K [0x00000006c0000000, 0x00000006eab00000, 0x000000076ab00000)
  object space 699392K, 0% used [0x00000006c0000000,0x00000006c0299588,0x00000006eab00000)
 Metaspace       used 14441K, capacity 14746K, committed 14976K, reserved 1062912K
  class space    used 1749K, capacity 1881K, committed 1920K, reserved 1048576K
}
Event: 28,656 GC heap before
{Heap before GC invocations=45 (full 0):
 PSYoungGen      total 337920K, used 328736K [0x000000076ab00000, 0x0000000780000000, 0x00000007c0000000)
  eden space 326144K, 100% used [0x000000076ab00000,0x000000077e980000,0x000000077e980000)
  from space 11776K, 22% used [0x000000077f480000,0x000000077f708010,0x0000000780000000)
  to   space 11264K, 0% used [0x000000077e980000,0x000000077e980000,0x000000077f480000)
 ParOldGen       total 699392K, used 2661K [0x00000006c0000000, 0x00000006eab00000, 0x000000076ab00000)
  object space 699392K, 0% used [0x00000006c0000000,0x00000006c0299588,0x00000006eab00000)
 Metaspace       used 14441K, capacity 14746K, committed 14976K, reserved 1062912K
  class space    used 1749K, capacity 1881K, committed 1920K, reserved 1048576K
Event: 28,657 GC heap after
Heap after GC invocations=45 (full 0):
 PSYoungGen      total 337408K, used 160K [0x000000076ab00000, 0x0000000780000000, 0x00000007c0000000)
  eden space 326144K, 0% used [0x000000076ab00000,0x000000076ab00000,0x000000077e980000)
  from space 11264K, 1% used [0x000000077e980000,0x000000077e9a8000,0x000000077f480000)
  to   space 10752K, 0% used [0x000000077f580000,0x000000077f580000,0x0000000780000000)
 ParOldGen       total 699392K, used 2677K [0x00000006c0000000, 0x00000006eab00000, 0x000000076ab00000)
  object space 699392K, 0% used [0x00000006c0000000,0x00000006c029d588,0x00000006eab00000)
 Metaspace       used 14441K, capacity 14746K, committed 14976K, reserved 1062912K
  class space    used 1749K, capacity 1881K, committed 1920K, reserved 1048576K
}
Event: 29,159 GC heap before
{Heap before GC invocations=46 (full 0):
 PSYoungGen      total 337408K, used 324433K [0x000000076ab00000, 0x0000000780000000, 0x00000007c0000000)
  eden space 326144K, 99% used [0x000000076ab00000,0x000000077e7ac7f8,0x000000077e980000)
  from space 11264K, 1% used [0x000000077e980000,0x000000077e9a8000,0x000000077f480000)
  to   space 10752K, 0% used [0x000000077f580000,0x000000077f580000,0x0000000780000000)
 ParOldGen       total 699392K, used 2677K [0x00000006c0000000, 0x00000006eab00000, 0x000000076ab00000)
  object space 699392K, 0% used [0x00000006c0000000,0x00000006c029d588,0x00000006eab00000)
 Metaspace       used 14446K, capacity 14746K, committed 14976K, reserved 1062912K
  class space    used 1749K, capacity 1881K, committed 1920K, reserved 1048576K
Event: 29,160 GC heap after
Heap after GC invocations=46 (full 0):
 PSYoungGen      total 338944K, used 160K [0x000000076ab00000, 0x0000000780000000, 0x00000007c0000000)
  eden space 328192K, 0% used [0x000000076ab00000,0x000000076ab00000,0x000000077eb80000)
  from space 10752K, 1% used [0x000000077f580000,0x000000077f5a8000,0x0000000780000000)
  to   space 10240K, 0% used [0x000000077eb80000,0x000000077eb80000,0x000000077f580000)
 ParOldGen       total 699392K, used 2685K [0x00000006c0000000, 0x00000006eab00000, 0x000000076ab00000)
  object space 699392K, 0% used [0x00000006c0000000,0x00000006c029f588,0x00000006eab00000)
 Metaspace       used 14446K, capacity 14746K, committed 14976K, reserved 1062912K
  class space    used 1749K, capacity 1881K, committed 1920K, reserved 1048576K
}
Event: 29,667 GC heap before
{Heap before GC invocations=47 (full 0):
 PSYoungGen      total 338944K, used 326512K [0x000000076ab00000, 0x0000000780000000, 0x00000007c0000000)
  eden space 328192K, 99% used [0x000000076ab00000,0x000000077e9b40f8,0x000000077eb80000)
  from space 10752K, 1% used [0x000000077f580000,0x000000077f5a8000,0x0000000780000000)
  to   space 10240K, 0% used [0x000000077eb80000,0x000000077eb80000,0x000000077f580000)
 ParOldGen       total 699392K, used 2685K [0x00000006c0000000, 0x00000006eab00000, 0x000000076ab00000)
  object space 699392K, 0% used [0x00000006c0000000,0x00000006c029f588,0x00000006eab00000)
 Metaspace       used 14446K, capacity 14746K, committed 14976K, reserved 1062912K
  class space    used 1749K, capacity 1881K, committed 1920K, reserved 1048576K
Event: 29,670 GC heap after
Heap after GC invocations=47 (full 0):
 PSYoungGen      total 338432K, used 4992K [0x000000076ab00000, 0x0000000780000000, 0x00000007c0000000)
  eden space 328192K, 0% used [0x000000076ab00000,0x000000076ab00000,0x000000077eb80000)
  from space 10240K, 48% used [0x000000077eb80000,0x000000077f060010,0x000000077f580000)
  to   space 10752K, 0% used [0x000000077f580000,0x000000077f580000,0x0000000780000000)
 ParOldGen       total 699392K, used 2701K [0x00000006c0000000, 0x00000006eab00000, 0x000000076ab00000)
  object space 699392K, 0% used [0x00000006c0000000,0x00000006c02a3588,0x00000006eab00000)
 Metaspace       used 14446K, capacity 14746K, committed 14976K, reserved 1062912K
  class space    used 1749K, capacity 1881K, committed 1920K, reserved 1048576K
}
Event: 30,290 GC heap before
{Heap before GC invocations=48 (full 0):
 PSYoungGen      total 338432K, used 332676K [0x000000076ab00000, 0x0000000780000000, 0x00000007c0000000)
  eden space 328192K, 99% used [0x000000076ab00000,0x000000077eb010b8,0x000000077eb80000)
  from space 10240K, 48% used [0x000000077eb80000,0x000000077f060010,0x000000077f580000)
  to   space 10752K, 0% used [0x000000077f580000,0x000000077f580000,0x0000000780000000)
 ParOldGen       total 699392K, used 2701K [0x00000006c0000000, 0x00000006eab00000, 0x000000076ab00000)
  object space 699392K, 0% used [0x00000006c0000000,0x00000006c02a3588,0x00000006eab00000)
 Metaspace       used 14495K, capacity 14754K, committed 14976K, reserved 1062912K
  class space    used 1751K, capacity 1881K, committed 1920K, reserved 1048576K
Event: 30,296 GC heap after
Heap after GC invocations=48 (full 0):
 PSYoungGen      total 334336K, used 10692K [0x000000076ab00000, 0x0000000780000000, 0x00000007c0000000)
  eden space 323584K, 0% used [0x000000076ab00000,0x000000076ab00000,0x000000077e700000)
  from space 10752K, 99% used [0x000000077f580000,0x000000077fff1080,0x0000000780000000)
  to   space 12800K, 0% used [0x000000077e700000,0x000000077e700000,0x000000077f380000)
 ParOldGen       total 699392K, used 6909K [0x00000006c0000000, 0x00000006eab00000, 0x000000076ab00000)
  object space 699392K, 0% used [0x00000006c0000000,0x00000006c06bf5b8,0x00000006eab00000)
 Metaspace       used 14495K, capacity 14754K, committed 14976K, reserved 1062912K
  class space    used 1751K, capacity 1881K, committed 1920K, reserved 1048576K
}

