# JRE version: Java(TM) SE Runtime Environment (8.0_73-b02) (build 1.8.0_73-b02)
# Java VM: Java HotSpot(TM) 64-Bit Server VM (25.73-b02 mixed mode windows-amd64 compressed oops)
Heap:
 PSYoungGen      total 345088K, used 277720K [0x000000076ab00000, 0x0000000780000000, 0x00000007c0000000)
  eden space 340992K, 81% used [0x000000076ab00000,0x000000077ba06170,0x000000077f800000)
  from space 4096K, 4% used [0x000000077f800000,0x000000077f830000,0x000000077fc00000)
  to   space 3584K, 0% used [0x000000077fc80000,0x000000077fc80000,0x0000000780000000)
 ParOldGen       total 699392K, used 8274K [0x00000006c0000000, 0x00000006eab00000, 0x000000076ab00000)
  object space 699392K, 1% used [0x00000006c0000000,0x00000006c0814978,0x00000006eab00000)
 Metaspace       used 13168K, capacity 13492K, committed 13696K, reserved 1060864K
  class space    used 1703K, capacity 1808K, committed 1920K, reserved 1048576K
GC Heap History (10 events):
Event: 18.341 GC heap before
{Heap before GC invocations=21 (full 0):
 PSYoungGen      total 344064K, used 339104K [0x000000076ab00000, 0x0000000780000000, 0x00000007c0000000)
  eden space 338944K, 100% used [0x000000076ab00000,0x000000077f600000,0x000000077f600000)
  from space 5120K, 3% used [0x000000077fb00000,0x000000077fb28000,0x0000000780000000)
  to   space 5120K, 0% used [0x000000077f600000,0x000000077f600000,0x000000077fb00000)
 ParOldGen       total 699392K, used 3394K [0x00000006c0000000, 0x00000006eab00000, 0x000000076ab00000)
  object space 699392K, 0% used [0x00000006c0000000,0x00000006c0350968,0x00000006eab00000)
 Metaspace       used 13140K, capacity 13428K, committed 13696K, reserved 1060864K
  class space    used 1703K, capacity 1808K, committed 1920K, reserved 1048576K
Event: 18.342 GC heap after
Heap after GC invocations=21 (full 0):
 PSYoungGen      total 344064K, used 160K [0x000000076ab00000, 0x0000000780000000, 0x00000007c0000000)
  eden space 338944K, 0% used [0x000000076ab00000,0x000000076ab00000,0x000000077f600000)
  from space 5120K, 3% used [0x000000077f600000,0x000000077f628000,0x000000077fb00000)
  to   space 4608K, 0% used [0x000000077fb80000,0x000000077fb80000,0x0000000780000000)
 ParOldGen       total 699392K, used 3410K [0x00000006c0000000, 0x00000006eab00000, 0x000000076ab00000)
  object space 699392K, 0% used [0x00000006c0000000,0x00000006c0354968,0x00000006eab00000)
 Metaspace       used 13140K, capacity 13428K, committed 13696K, reserved 1060864K
  class space    used 1703K, capacity 1808K, committed 1920K, reserved 1048576K
}
Event: 18.935 GC heap before
{Heap before GC invocations=22 (full 0):
 PSYoungGen      total 344064K, used 337072K [0x000000076ab00000, 0x0000000780000000, 0x00000007c0000000)
  eden space 338944K, 99% used [0x000000076ab00000,0x000000077f404048,0x000000077f600000)
  from space 5120K, 3% used [0x000000077f600000,0x000000077f628000,0x000000077fb00000)
  to   space 4608K, 0% used [0x000000077fb80000,0x000000077fb80000,0x0000000780000000)
 ParOldGen       total 699392K, used 3410K [0x00000006c0000000, 0x00000006eab00000, 0x000000076ab00000)
  object space 699392K, 0% used [0x00000006c0000000,0x00000006c0354968,0x00000006eab00000)
 Metaspace       used 13141K, capacity 13428K, committed 13696K, reserved 1060864K
  class space    used 1703K, capacity 1808K, committed 1920K, reserved 1048576K
Event: 18.937 GC heap after
Heap after GC invocations=22 (full 0):
 PSYoungGen      total 344576K, used 160K [0x000000076ab00000, 0x0000000780000000, 0x00000007c0000000)
  eden space 339968K, 0% used [0x000000076ab00000,0x000000076ab00000,0x000000077f700000)
  from space 4608K, 3% used [0x000000077fb80000,0x000000077fba8000,0x0000000780000000)
  to   space 4608K, 0% used [0x000000077f700000,0x000000077f700000,0x000000077fb80000)
 ParOldGen       total 699392K, used 3426K [0x00000006c0000000, 0x00000006eab00000, 0x000000076ab00000)
  object space 699392K, 0% used [0x00000006c0000000,0x00000006c0358968,0x00000006eab00000)
 Metaspace       used 13141K, capacity 13428K, committed 13696K, reserved 1060864K
  class space    used 1703K, capacity 1808K, committed 1920K, reserved 1048576K
}
Event: 19.686 GC heap before
{Heap before GC invocations=23 (full 0):
 PSYoungGen      total 344576K, used 340128K [0x000000076ab00000, 0x0000000780000000, 0x00000007c0000000)
  eden space 339968K, 100% used [0x000000076ab00000,0x000000077f700000,0x000000077f700000)
  from space 4608K, 3% used [0x000000077fb80000,0x000000077fba8000,0x0000000780000000)
  to   space 4608K, 0% used [0x000000077f700000,0x000000077f700000,0x000000077fb80000)
 ParOldGen       total 699392K, used 3426K [0x00000006c0000000, 0x00000006eab00000, 0x000000076ab00000)
  object space 699392K, 0% used [0x00000006c0000000,0x00000006c0358968,0x00000006eab00000)
 Metaspace       used 13143K, capacity 13428K, committed 13696K, reserved 1060864K
  class space    used 1703K, capacity 1808K, committed 1920K, reserved 1048576K
Event: 19.691 GC heap after
Heap after GC invocations=23 (full 0):
 PSYoungGen      total 344576K, used 224K [0x000000076ab00000, 0x0000000780000000, 0x00000007c0000000)
  eden space 339968K, 0% used [0x000000076ab00000,0x000000076ab00000,0x000000077f700000)
  from space 4608K, 4% used [0x000000077f700000,0x000000077f738000,0x000000077fb80000)
  to   space 4096K, 0% used [0x000000077fc00000,0x000000077fc00000,0x0000000780000000)
 ParOldGen       total 699392K, used 8234K [0x00000006c0000000, 0x00000006eab00000, 0x000000076ab00000)
  object space 699392K, 1% used [0x00000006c0000000,0x00000006c080a978,0x00000006eab00000)
 Metaspace       used 13143K, capacity 13428K, committed 13696K, reserved 1060864K
  class space    used 1703K, capacity 1808K, committed 1920K, reserved 1048576K
}
Event: 20.432 GC heap before
{Heap before GC invocations=24 (full 0):
 PSYoungGen      total 344576K, used 340192K [0x000000076ab00000, 0x0000000780000000, 0x00000007c0000000)
  eden space 339968K, 100% used [0x000000076ab00000,0x000000077f700000,0x000000077f700000)
  from space 4608K, 4% used [0x000000077f700000,0x000000077f738000,0x000000077fb80000)
  to   space 4096K, 0% used [0x000000077fc00000,0x000000077fc00000,0x0000000780000000)
 ParOldGen       total 699392K, used 8234K [0x00000006c0000000, 0x00000006eab00000, 0x000000076ab00000)
  object space 699392K, 1% used [0x00000006c0000000,0x00000006c080a978,0x00000006eab00000)
 Metaspace       used 13159K, capacity 13492K, committed 13696K, reserved 1060864K
  class space    used 1703K, capacity 1808K, committed 1920K, reserved 1048576K
Event: 20.433 GC heap after
Heap after GC invocations=24 (full 0):
 PSYoungGen      total 345088K, used 192K [0x000000076ab00000, 0x0000000780000000, 0x00000007c0000000)
  eden space 340992K, 0% used [0x000000076ab00000,0x000000076ab00000,0x000000077f800000)
  from space 4096K, 4% used [0x000000077fc00000,0x000000077fc30000,0x0000000780000000)
  to   space 4096K, 0% used [0x000000077f800000,0x000000077f800000,0x000000077fc00000)
 ParOldGen       total 699392K, used 8258K [0x00000006c0000000, 0x00000006eab00000, 0x000000076ab00000)
  object space 699392K, 1% used [0x00000006c0000000,0x00000006c0810978,0x00000006eab00000)
 Metaspace       used 13159K, capacity 13492K, committed 13696K, reserved 1060864K
  class space    used 1703K, capacity 1808K, committed 1920K, reserved 1048576K
}
Event: 21.172 GC heap before
{Heap before GC invocations=25 (full 0):
 PSYoungGen      total 345088K, used 341184K [0x000000076ab00000, 0x0000000780000000, 0x00000007c0000000)
  eden space 340992K, 100% used [0x000000076ab00000,0x000000077f800000,0x000000077f800000)
  from space 4096K, 4% used [0x000000077fc00000,0x000000077fc30000,0x0000000780000000)
  to   space 4096K, 0% used [0x000000077f800000,0x000000077f800000,0x000000077fc00000)
 ParOldGen       total 699392K, used 8258K [0x00000006c0000000, 0x00000006eab00000, 0x000000076ab00000)
  object space 699392K, 1% used [0x00000006c0000000,0x00000006c0810978,0x00000006eab00000)
 Metaspace       used 13164K, capacity 13492K, committed 13696K, reserved 1060864K
  class space    used 1703K, capacity 1808K, committed 1920K, reserved 1048576K
Event: 21.173 GC heap after
Heap after GC invocations=25 (full 0):
 PSYoungGen      total 345088K, used 192K [0x000000076ab00000, 0x0000000780000000, 0x00000007c0000000)
  eden space 340992K, 0% used [0x000000076ab00000,0x000000076ab00000,0x000000077f800000)
  from space 4096K, 4% used [0x000000077f800000,0x000000077f830000,0x000000077fc00000)
  to   space 3584K, 0% used [0x000000077fc80000,0x000000077fc80000,0x0000000780000000)
 ParOldGen       total 699392K, used 8274K [0x00000006c0000000, 0x00000006eab00000, 0x000000076ab00000)
  object space 699392K, 1% used [0x00000006c0000000,0x00000006c0814978,0x00000006eab00000)
 Metaspace       used 13164K, capacity 13492K, committed 13696K, reserved 1060864K
  class space    used 1703K, capacity 1808K, committed 1920K, reserved 1048576K
}

