# JRE version: Java(TM) SE Runtime Environment (8.0_73-b02) (build 1.8.0_73-b02)
# Java VM: Java HotSpot(TM) 64-Bit Server VM (25.73-b02 mixed mode windows-amd64 compressed oops)
Heap:
 PSYoungGen      total 340992K, used 248393K [0x000000076ab00000, 0x0000000780000000, 0x00000007c0000000)
  eden space 332800K, 73% used [0x000000076ab00000,0x00000007798b2750,0x000000077f000000)
  from space 8192K, 60% used [0x000000077f800000,0x000000077fce0010,0x0000000780000000)
  to   space 8192K, 0% used [0x000000077f000000,0x000000077f000000,0x000000077f800000)
 ParOldGen       total 699392K, used 3534K [0x00000006c0000000, 0x00000006eab00000, 0x000000076ab00000)
  object space 699392K, 0% used [0x00000006c0000000,0x00000006c0373b78,0x00000006eab00000)
 Metaspace       used 13210K, capacity 13508K, committed 13696K, reserved 1060864K
  class space    used 1706K, capacity 1808K, committed 1920K, reserved 1048576K
GC Heap History (10 events):
Event: 25.065 GC heap before
{Heap before GC invocations=26 (full 0):
 PSYoungGen      total 342016K, used 337440K [0x000000076ab00000, 0x0000000780000000, 0x00000007c0000000)
  eden space 334848K, 100% used [0x000000076ab00000,0x000000077f200000,0x000000077f200000)
  from space 7168K, 36% used [0x000000077f200000,0x000000077f488010,0x000000077f900000)
  to   space 7168K, 0% used [0x000000077f900000,0x000000077f900000,0x0000000780000000)
 ParOldGen       total 699392K, used 3486K [0x00000006c0000000, 0x00000006eab00000, 0x000000076ab00000)
  object space 699392K, 0% used [0x00000006c0000000,0x00000006c0367b78,0x00000006eab00000)
 Metaspace       used 13154K, capacity 13444K, committed 13696K, reserved 1060864K
  class space    used 1706K, capacity 1808K, committed 1920K, reserved 1048576K
Event: 25.067 GC heap after
Heap after GC invocations=26 (full 0):
 PSYoungGen      total 342016K, used 2624K [0x000000076ab00000, 0x0000000780000000, 0x00000007c0000000)
  eden space 334848K, 0% used [0x000000076ab00000,0x000000076ab00000,0x000000077f200000)
  from space 7168K, 36% used [0x000000077f900000,0x000000077fb90010,0x0000000780000000)
  to   space 7168K, 0% used [0x000000077f200000,0x000000077f200000,0x000000077f900000)
 ParOldGen       total 699392K, used 3494K [0x00000006c0000000, 0x00000006eab00000, 0x000000076ab00000)
  object space 699392K, 0% used [0x00000006c0000000,0x00000006c0369b78,0x00000006eab00000)
 Metaspace       used 13154K, capacity 13444K, committed 13696K, reserved 1060864K
  class space    used 1706K, capacity 1808K, committed 1920K, reserved 1048576K
}
Event: 25.799 GC heap before
{Heap before GC invocations=27 (full 0):
 PSYoungGen      total 342016K, used 337472K [0x000000076ab00000, 0x0000000780000000, 0x00000007c0000000)
  eden space 334848K, 100% used [0x000000076ab00000,0x000000077f200000,0x000000077f200000)
  from space 7168K, 36% used [0x000000077f900000,0x000000077fb90010,0x0000000780000000)
  to   space 7168K, 0% used [0x000000077f200000,0x000000077f200000,0x000000077f900000)
 ParOldGen       total 699392K, used 3494K [0x00000006c0000000, 0x00000006eab00000, 0x000000076ab00000)
  object space 699392K, 0% used [0x00000006c0000000,0x00000006c0369b78,0x00000006eab00000)
 Metaspace       used 13168K, capacity 13444K, committed 13696K, reserved 1060864K
  class space    used 1706K, capacity 1808K, committed 1920K, reserved 1048576K
Event: 25.800 GC heap after
Heap after GC invocations=27 (full 0):
 PSYoungGen      total 342016K, used 2624K [0x000000076ab00000, 0x0000000780000000, 0x00000007c0000000)
  eden space 334848K, 0% used [0x000000076ab00000,0x000000076ab00000,0x000000077f200000)
  from space 7168K, 36% used [0x000000077f200000,0x000000077f490010,0x000000077f900000)
  to   space 6656K, 0% used [0x000000077f980000,0x000000077f980000,0x0000000780000000)
 ParOldGen       total 699392K, used 3502K [0x00000006c0000000, 0x00000006eab00000, 0x000000076ab00000)
  object space 699392K, 0% used [0x00000006c0000000,0x00000006c036bb78,0x00000006eab00000)
 Metaspace       used 13168K, capacity 13444K, committed 13696K, reserved 1060864K
  class space    used 1706K, capacity 1808K, committed 1920K, reserved 1048576K
}
Event: 26.533 GC heap before
{Heap before GC invocations=28 (full 0):
 PSYoungGen      total 342016K, used 335225K [0x000000076ab00000, 0x0000000780000000, 0x00000007c0000000)
  eden space 334848K, 99% used [0x000000076ab00000,0x000000077efce5c0,0x000000077f200000)
  from space 7168K, 36% used [0x000000077f200000,0x000000077f490010,0x000000077f900000)
  to   space 6656K, 0% used [0x000000077f980000,0x000000077f980000,0x0000000780000000)
 ParOldGen       total 699392K, used 3502K [0x00000006c0000000, 0x00000006eab00000, 0x000000076ab00000)
  object space 699392K, 0% used [0x00000006c0000000,0x00000006c036bb78,0x00000006eab00000)
 Metaspace       used 13175K, capacity 13508K, committed 13696K, reserved 1060864K
  class space    used 1706K, capacity 1808K, committed 1920K, reserved 1048576K
Event: 26.535 GC heap after
Heap after GC invocations=28 (full 0):
 PSYoungGen      total 340480K, used 5024K [0x000000076ab00000, 0x0000000780000000, 0x00000007c0000000)
  eden space 333824K, 0% used [0x000000076ab00000,0x000000076ab00000,0x000000077f100000)
  from space 6656K, 75% used [0x000000077f980000,0x000000077fe68010,0x0000000780000000)
  to   space 7680K, 0% used [0x000000077f100000,0x000000077f100000,0x000000077f880000)
 ParOldGen       total 699392K, used 3510K [0x00000006c0000000, 0x00000006eab00000, 0x000000076ab00000)
  object space 699392K, 0% used [0x00000006c0000000,0x00000006c036db78,0x00000006eab00000)
 Metaspace       used 13175K, capacity 13508K, committed 13696K, reserved 1060864K
  class space    used 1706K, capacity 1808K, committed 1920K, reserved 1048576K
}
Event: 27.265 GC heap before
{Heap before GC invocations=29 (full 0):
 PSYoungGen      total 340480K, used 338848K [0x000000076ab00000, 0x0000000780000000, 0x00000007c0000000)
  eden space 333824K, 100% used [0x000000076ab00000,0x000000077f100000,0x000000077f100000)
  from space 6656K, 75% used [0x000000077f980000,0x000000077fe68010,0x0000000780000000)
  to   space 7680K, 0% used [0x000000077f100000,0x000000077f100000,0x000000077f880000)
 ParOldGen       total 699392K, used 3510K [0x00000006c0000000, 0x00000006eab00000, 0x000000076ab00000)
  object space 699392K, 0% used [0x00000006c0000000,0x00000006c036db78,0x00000006eab00000)
 Metaspace       used 13177K, capacity 13508K, committed 13696K, reserved 1060864K
  class space    used 1706K, capacity 1808K, committed 1920K, reserved 1048576K
Event: 27.267 GC heap after
Heap after GC invocations=29 (full 0):
 PSYoungGen      total 338944K, used 4992K [0x000000076ab00000, 0x0000000780000000, 0x00000007c0000000)
  eden space 333824K, 0% used [0x000000076ab00000,0x000000076ab00000,0x000000077f100000)
  from space 5120K, 97% used [0x000000077f100000,0x000000077f5e0010,0x000000077f600000)
  to   space 8192K, 0% used [0x000000077f800000,0x000000077f800000,0x0000000780000000)
 ParOldGen       total 699392K, used 3526K [0x00000006c0000000, 0x00000006eab00000, 0x000000076ab00000)
  object space 699392K, 0% used [0x00000006c0000000,0x00000006c0371b78,0x00000006eab00000)
 Metaspace       used 13177K, capacity 13508K, committed 13696K, reserved 1060864K
  class space    used 1706K, capacity 1808K, committed 1920K, reserved 1048576K
}
Event: 27.997 GC heap before
{Heap before GC invocations=30 (full 0):
 PSYoungGen      total 338944K, used 338816K [0x000000076ab00000, 0x0000000780000000, 0x00000007c0000000)
  eden space 333824K, 100% used [0x000000076ab00000,0x000000077f100000,0x000000077f100000)
  from space 5120K, 97% used [0x000000077f100000,0x000000077f5e0010,0x000000077f600000)
  to   space 8192K, 0% used [0x000000077f800000,0x000000077f800000,0x0000000780000000)
 ParOldGen       total 699392K, used 3526K [0x00000006c0000000, 0x00000006eab00000, 0x000000076ab00000)
  object space 699392K, 0% used [0x00000006c0000000,0x00000006c0371b78,0x00000006eab00000)
 Metaspace       used 13179K, capacity 13508K, committed 13696K, reserved 1060864K
  class space    used 1706K, capacity 1808K, committed 1920K, reserved 1048576K
Event: 27.999 GC heap after
Heap after GC invocations=30 (full 0):
 PSYoungGen      total 340992K, used 4992K [0x000000076ab00000, 0x0000000780000000, 0x00000007c0000000)
  eden space 332800K, 0% used [0x000000076ab00000,0x000000076ab00000,0x000000077f000000)
  from space 8192K, 60% used [0x000000077f800000,0x000000077fce0010,0x0000000780000000)
  to   space 8192K, 0% used [0x000000077f000000,0x000000077f000000,0x000000077f800000)
 ParOldGen       total 699392K, used 3534K [0x00000006c0000000, 0x00000006eab00000, 0x000000076ab00000)
  object space 699392K, 0% used [0x00000006c0000000,0x00000006c0373b78,0x00000006eab00000)
 Metaspace       used 13179K, capacity 13508K, committed 13696K, reserved 1060864K
  class space    used 1706K, capacity 1808K, committed 1920K, reserved 1048576K
}

