# JRE version: Java(TM) SE Runtime Environment (8.0_73-b02) (build 1.8.0_73-b02)
# Java VM: Java HotSpot(TM) 64-Bit Server VM (25.73-b02 mixed mode windows-amd64 compressed oops)
Heap:
 PSYoungGen      total 348672K, used 321367K [0x000000076ab00000, 0x0000000780000000, 0x00000007c0000000)
  eden space 348160K, 92% used [0x000000076ab00000,0x000000077e4a5ee0,0x000000077ff00000)
  from space 512K, 37% used [0x000000077ff00000,0x000000077ff30000,0x000000077ff80000)
  to   space 512K, 0% used [0x000000077ff80000,0x000000077ff80000,0x0000000780000000)
 ParOldGen       total 699392K, used 30662K [0x00000006c0000000, 0x00000006eab00000, 0x000000076ab00000)
  object space 699392K, 4% used [0x00000006c0000000,0x00000006c1df18b0,0x00000006eab00000)
 Metaspace       used 13225K, capacity 13524K, committed 13824K, reserved 1060864K
  class space    used 1701K, capacity 1776K, committed 1792K, reserved 1048576K
GC Heap History (10 events):
Event: 44.948 GC heap before
{Heap before GC invocations=75 (full 0):
 PSYoungGen      total 348672K, used 343921K [0x000000076ab00000, 0x0000000780000000, 0x00000007c0000000)
  eden space 348160K, 98% used [0x000000076ab00000,0x000000077fab47a0,0x000000077ff00000)
  from space 512K, 31% used [0x000000077ff80000,0x000000077ffa8000,0x0000000780000000)
  to   space 512K, 0% used [0x000000077ff00000,0x000000077ff00000,0x000000077ff80000)
 ParOldGen       total 699392K, used 18566K [0x00000006c0000000, 0x00000006eab00000, 0x000000076ab00000)
  object space 699392K, 2% used [0x00000006c0000000,0x00000006c1221880,0x00000006eab00000)
 Metaspace       used 13156K, capacity 13460K, committed 13568K, reserved 1060864K
  class space    used 1701K, capacity 1776K, committed 1792K, reserved 1048576K
Event: 44.949 GC heap after
Heap after GC invocations=75 (full 0):
 PSYoungGen      total 348672K, used 160K [0x000000076ab00000, 0x0000000780000000, 0x00000007c0000000)
  eden space 348160K, 0% used [0x000000076ab00000,0x000000076ab00000,0x000000077ff00000)
  from space 512K, 31% used [0x000000077ff00000,0x000000077ff28000,0x000000077ff80000)
  to   space 512K, 0% used [0x000000077ff80000,0x000000077ff80000,0x0000000780000000)
 ParOldGen       total 699392K, used 18590K [0x00000006c0000000, 0x00000006eab00000, 0x000000076ab00000)
  object space 699392K, 2% used [0x00000006c0000000,0x00000006c1227880,0x00000006eab00000)
 Metaspace       used 13156K, capacity 13460K, committed 13568K, reserved 1060864K
  class space    used 1701K, capacity 1776K, committed 1792K, reserved 1048576K
}
Event: 45.557 GC heap before
{Heap before GC invocations=76 (full 0):
 PSYoungGen      total 348672K, used 348320K [0x000000076ab00000, 0x0000000780000000, 0x00000007c0000000)
  eden space 348160K, 100% used [0x000000076ab00000,0x000000077ff00000,0x000000077ff00000)
  from space 512K, 31% used [0x000000077ff00000,0x000000077ff28000,0x000000077ff80000)
  to   space 512K, 0% used [0x000000077ff80000,0x000000077ff80000,0x0000000780000000)
 ParOldGen       total 699392K, used 18590K [0x00000006c0000000, 0x00000006eab00000, 0x000000076ab00000)
  object space 699392K, 2% used [0x00000006c0000000,0x00000006c1227880,0x00000006eab00000)
 Metaspace       used 13160K, capacity 13460K, committed 13568K, reserved 1060864K
  class space    used 1701K, capacity 1776K, committed 1792K, reserved 1048576K
Event: 45.561 GC heap after
Heap after GC invocations=76 (full 0):
 PSYoungGen      total 348672K, used 160K [0x000000076ab00000, 0x0000000780000000, 0x00000007c0000000)
  eden space 348160K, 0% used [0x000000076ab00000,0x000000076ab00000,0x000000077ff00000)
  from space 512K, 31% used [0x000000077ff80000,0x000000077ffa8000,0x0000000780000000)
  to   space 512K, 0% used [0x000000077ff00000,0x000000077ff00000,0x000000077ff80000)
 ParOldGen       total 699392K, used 23406K [0x00000006c0000000, 0x00000006eab00000, 0x000000076ab00000)
  object space 699392K, 3% used [0x00000006c0000000,0x00000006c16db890,0x00000006eab00000)
 Metaspace       used 13160K, capacity 13460K, committed 13568K, reserved 1060864K
  class space    used 1701K, capacity 1776K, committed 1792K, reserved 1048576K
}
Event: 46.191 GC heap before
{Heap before GC invocations=77 (full 0):
 PSYoungGen      total 348672K, used 348173K [0x000000076ab00000, 0x0000000780000000, 0x00000007c0000000)
  eden space 348160K, 99% used [0x000000076ab00000,0x000000077fedb7a8,0x000000077ff00000)
  from space 512K, 31% used [0x000000077ff80000,0x000000077ffa8000,0x0000000780000000)
  to   space 512K, 0% used [0x000000077ff00000,0x000000077ff00000,0x000000077ff80000)
 ParOldGen       total 699392K, used 23406K [0x00000006c0000000, 0x00000006eab00000, 0x000000076ab00000)
  object space 699392K, 3% used [0x00000006c0000000,0x00000006c16db890,0x00000006eab00000)
 Metaspace       used 13171K, capacity 13460K, committed 13568K, reserved 1060864K
  class space    used 1701K, capacity 1776K, committed 1792K, reserved 1048576K
Event: 46.197 GC heap after
Heap after GC invocations=77 (full 0):
 PSYoungGen      total 348672K, used 192K [0x000000076ab00000, 0x0000000780000000, 0x00000007c0000000)
  eden space 348160K, 0% used [0x000000076ab00000,0x000000076ab00000,0x000000077ff00000)
  from space 512K, 37% used [0x000000077ff00000,0x000000077ff30000,0x000000077ff80000)
  to   space 512K, 0% used [0x000000077ff80000,0x000000077ff80000,0x0000000780000000)
 ParOldGen       total 699392K, used 28222K [0x00000006c0000000, 0x00000006eab00000, 0x000000076ab00000)
  object space 699392K, 4% used [0x00000006c0000000,0x00000006c1b8f8a0,0x00000006eab00000)
 Metaspace       used 13171K, capacity 13460K, committed 13568K, reserved 1060864K
  class space    used 1701K, capacity 1776K, committed 1792K, reserved 1048576K
}
Event: 46.911 GC heap before
{Heap before GC invocations=78 (full 0):
 PSYoungGen      total 348672K, used 346310K [0x000000076ab00000, 0x0000000780000000, 0x00000007c0000000)
  eden space 348160K, 99% used [0x000000076ab00000,0x000000077fd01bf8,0x000000077ff00000)
  from space 512K, 37% used [0x000000077ff00000,0x000000077ff30000,0x000000077ff80000)
  to   space 512K, 0% used [0x000000077ff80000,0x000000077ff80000,0x0000000780000000)
 ParOldGen       total 699392K, used 28222K [0x00000006c0000000, 0x00000006eab00000, 0x000000076ab00000)
  object space 699392K, 4% used [0x00000006c0000000,0x00000006c1b8f8a0,0x00000006eab00000)
 Metaspace       used 13171K, capacity 13460K, committed 13568K, reserved 1060864K
  class space    used 1701K, capacity 1776K, committed 1792K, reserved 1048576K
Event: 46.912 GC heap after
Heap after GC invocations=78 (full 0):
 PSYoungGen      total 348672K, used 192K [0x000000076ab00000, 0x0000000780000000, 0x00000007c0000000)
  eden space 348160K, 0% used [0x000000076ab00000,0x000000076ab00000,0x000000077ff00000)
  from space 512K, 37% used [0x000000077ff80000,0x000000077ffb0000,0x0000000780000000)
  to   space 512K, 0% used [0x000000077ff00000,0x000000077ff00000,0x000000077ff80000)
 ParOldGen       total 699392K, used 28254K [0x00000006c0000000, 0x00000006eab00000, 0x000000076ab00000)
  object space 699392K, 4% used [0x00000006c0000000,0x00000006c1b978a0,0x00000006eab00000)
 Metaspace       used 13171K, capacity 13460K, committed 13568K, reserved 1060864K
  class space    used 1701K, capacity 1776K, committed 1792K, reserved 1048576K
}
Event: 47.662 GC heap before
{Heap before GC invocations=79 (full 0):
 PSYoungGen      total 348672K, used 348352K [0x000000076ab00000, 0x0000000780000000, 0x00000007c0000000)
  eden space 348160K, 100% used [0x000000076ab00000,0x000000077ff00000,0x000000077ff00000)
  from space 512K, 37% used [0x000000077ff80000,0x000000077ffb0000,0x0000000780000000)
  to   space 512K, 0% used [0x000000077ff00000,0x000000077ff00000,0x000000077ff80000)
 ParOldGen       total 699392K, used 28254K [0x00000006c0000000, 0x00000006eab00000, 0x000000076ab00000)
  object space 699392K, 4% used [0x00000006c0000000,0x00000006c1b978a0,0x00000006eab00000)
 Metaspace       used 13173K, capacity 13460K, committed 13568K, reserved 1060864K
  class space    used 1701K, capacity 1776K, committed 1792K, reserved 1048576K
Event: 47.664 GC heap after
Heap after GC invocations=79 (full 0):
 PSYoungGen      total 348672K, used 192K [0x000000076ab00000, 0x0000000780000000, 0x00000007c0000000)
  eden space 348160K, 0% used [0x000000076ab00000,0x000000076ab00000,0x000000077ff00000)
  from space 512K, 37% used [0x000000077ff00000,0x000000077ff30000,0x000000077ff80000)
  to   space 512K, 0% used [0x000000077ff80000,0x000000077ff80000,0x0000000780000000)
 ParOldGen       total 699392K, used 30662K [0x00000006c0000000, 0x00000006eab00000, 0x000000076ab00000)
  object space 699392K, 4% used [0x00000006c0000000,0x00000006c1df18b0,0x00000006eab00000)
 Metaspace       used 13173K, capacity 13460K, committed 13568K, reserved 1060864K
  class space    used 1701K, capacity 1776K, committed 1792K, reserved 1048576K
}

