# JRE version: Java(TM) SE Runtime Environment (8.0_73-b02) (build 1.8.0_73-b02)
# Java VM: Java HotSpot(TM) 64-Bit Server VM (25.73-b02 mixed mode windows-amd64 compressed oops)
Heap:
 PSYoungGen      total 348672K, used 34935K [0x000000076ab00000, 0x0000000780000000, 0x00000007c0000000)
  eden space 348160K, 10% used [0x000000076ab00000,0x000000076cd05ef0,0x000000077ff00000)
  from space 512K, 18% used [0x000000077ff00000,0x000000077ff18000,0x000000077ff80000)
  to   space 512K, 0% used [0x000000077ff80000,0x000000077ff80000,0x0000000780000000)
 ParOldGen       total 699392K, used 139084K [0x00000006c0000000, 0x00000006eab00000, 0x000000076ab00000)
  object space 699392K, 19% used [0x00000006c0000000,0x00000006c87d3258,0x00000006eab00000)
 Metaspace       used 13441K, capacity 13748K, committed 13952K, reserved 1060864K
  class space    used 1703K, capacity 1808K, committed 1920K, reserved 1048576K
GC Heap History (10 events):
Event: 691.099 GC heap before
{Heap before GC invocations=319 (full 0):
 PSYoungGen      total 348672K, used 348288K [0x000000076ab00000, 0x0000000780000000, 0x00000007c0000000)
  eden space 348160K, 100% used [0x000000076ab00000,0x000000077ff00000,0x000000077ff00000)
  from space 512K, 25% used [0x000000077ff80000,0x000000077ffa0000,0x0000000780000000)
  to   space 512K, 0% used [0x000000077ff00000,0x000000077ff00000,0x000000077ff80000)
 ParOldGen       total 699392K, used 139044K [0x00000006c0000000, 0x00000006eab00000, 0x000000076ab00000)
  object space 699392K, 19% used [0x00000006c0000000,0x00000006c87c9258,0x00000006eab00000)
 Metaspace       used 13441K, capacity 13748K, committed 13952K, reserved 1060864K
  class space    used 1703K, capacity 1808K, committed 1920K, reserved 1048576K
Event: 691.101 GC heap after
Heap after GC invocations=319 (full 0):
 PSYoungGen      total 348672K, used 64K [0x000000076ab00000, 0x0000000780000000, 0x00000007c0000000)
  eden space 348160K, 0% used [0x000000076ab00000,0x000000076ab00000,0x000000077ff00000)
  from space 512K, 12% used [0x000000077ff00000,0x000000077ff10000,0x000000077ff80000)
  to   space 512K, 0% used [0x000000077ff80000,0x000000077ff80000,0x0000000780000000)
 ParOldGen       total 699392K, used 139052K [0x00000006c0000000, 0x00000006eab00000, 0x000000076ab00000)
  object space 699392K, 19% used [0x00000006c0000000,0x00000006c87cb258,0x00000006eab00000)
 Metaspace       used 13441K, capacity 13748K, committed 13952K, reserved 1060864K
  class space    used 1703K, capacity 1808K, committed 1920K, reserved 1048576K
}
Event: 692.777 GC heap before
{Heap before GC invocations=320 (full 0):
 PSYoungGen      total 348672K, used 348224K [0x000000076ab00000, 0x0000000780000000, 0x00000007c0000000)
  eden space 348160K, 100% used [0x000000076ab00000,0x000000077ff00000,0x000000077ff00000)
  from space 512K, 12% used [0x000000077ff00000,0x000000077ff10000,0x000000077ff80000)
  to   space 512K, 0% used [0x000000077ff80000,0x000000077ff80000,0x0000000780000000)
 ParOldGen       total 699392K, used 139052K [0x00000006c0000000, 0x00000006eab00000, 0x000000076ab00000)
  object space 699392K, 19% used [0x00000006c0000000,0x00000006c87cb258,0x00000006eab00000)
 Metaspace       used 13441K, capacity 13748K, committed 13952K, reserved 1060864K
  class space    used 1703K, capacity 1808K, committed 1920K, reserved 1048576K
Event: 692.778 GC heap after
Heap after GC invocations=320 (full 0):
 PSYoungGen      total 348672K, used 64K [0x000000076ab00000, 0x0000000780000000, 0x00000007c0000000)
  eden space 348160K, 0% used [0x000000076ab00000,0x000000076ab00000,0x000000077ff00000)
  from space 512K, 12% used [0x000000077ff80000,0x000000077ff90000,0x0000000780000000)
  to   space 512K, 0% used [0x000000077ff00000,0x000000077ff00000,0x000000077ff80000)
 ParOldGen       total 699392K, used 139060K [0x00000006c0000000, 0x00000006eab00000, 0x000000076ab00000)
  object space 699392K, 19% used [0x00000006c0000000,0x00000006c87cd258,0x00000006eab00000)
 Metaspace       used 13441K, capacity 13748K, committed 13952K, reserved 1060864K
  class space    used 1703K, capacity 1808K, committed 1920K, reserved 1048576K
}
Event: 694.443 GC heap before
{Heap before GC invocations=321 (full 0):
 PSYoungGen      total 348672K, used 348224K [0x000000076ab00000, 0x0000000780000000, 0x00000007c0000000)
  eden space 348160K, 100% used [0x000000076ab00000,0x000000077ff00000,0x000000077ff00000)
  from space 512K, 12% used [0x000000077ff80000,0x000000077ff90000,0x0000000780000000)
  to   space 512K, 0% used [0x000000077ff00000,0x000000077ff00000,0x000000077ff80000)
 ParOldGen       total 699392K, used 139060K [0x00000006c0000000, 0x00000006eab00000, 0x000000076ab00000)
  object space 699392K, 19% used [0x00000006c0000000,0x00000006c87cd258,0x00000006eab00000)
 Metaspace       used 13441K, capacity 13748K, committed 13952K, reserved 1060864K
  class space    used 1703K, capacity 1808K, committed 1920K, reserved 1048576K
Event: 694.445 GC heap after
Heap after GC invocations=321 (full 0):
 PSYoungGen      total 348672K, used 96K [0x000000076ab00000, 0x0000000780000000, 0x00000007c0000000)
  eden space 348160K, 0% used [0x000000076ab00000,0x000000076ab00000,0x000000077ff00000)
  from space 512K, 18% used [0x000000077ff00000,0x000000077ff18000,0x000000077ff80000)
  to   space 512K, 0% used [0x000000077ff80000,0x000000077ff80000,0x0000000780000000)
 ParOldGen       total 699392K, used 139068K [0x00000006c0000000, 0x00000006eab00000, 0x000000076ab00000)
  object space 699392K, 19% used [0x00000006c0000000,0x00000006c87cf258,0x00000006eab00000)
 Metaspace       used 13441K, capacity 13748K, committed 13952K, reserved 1060864K
  class space    used 1703K, capacity 1808K, committed 1920K, reserved 1048576K
}
Event: 696.090 GC heap before
{Heap before GC invocations=322 (full 0):
 PSYoungGen      total 348672K, used 348256K [0x000000076ab00000, 0x0000000780000000, 0x00000007c0000000)
  eden space 348160K, 100% used [0x000000076ab00000,0x000000077ff00000,0x000000077ff00000)
  from space 512K, 18% used [0x000000077ff00000,0x000000077ff18000,0x000000077ff80000)
  to   space 512K, 0% used [0x000000077ff80000,0x000000077ff80000,0x0000000780000000)
 ParOldGen       total 699392K, used 139068K [0x00000006c0000000, 0x00000006eab00000, 0x000000076ab00000)
  object space 699392K, 19% used [0x00000006c0000000,0x00000006c87cf258,0x00000006eab00000)
 Metaspace       used 13441K, capacity 13748K, committed 13952K, reserved 1060864K
  class space    used 1703K, capacity 1808K, committed 1920K, reserved 1048576K
Event: 696.091 GC heap after
Heap after GC invocations=322 (full 0):
 PSYoungGen      total 348672K, used 64K [0x000000076ab00000, 0x0000000780000000, 0x00000007c0000000)
  eden space 348160K, 0% used [0x000000076ab00000,0x000000076ab00000,0x000000077ff00000)
  from space 512K, 12% used [0x000000077ff80000,0x000000077ff90000,0x0000000780000000)
  to   space 512K, 0% used [0x000000077ff00000,0x000000077ff00000,0x000000077ff80000)
 ParOldGen       total 699392K, used 139076K [0x00000006c0000000, 0x00000006eab00000, 0x000000076ab00000)
  object space 699392K, 19% used [0x00000006c0000000,0x00000006c87d1258,0x00000006eab00000)
 Metaspace       used 13441K, capacity 13748K, committed 13952K, reserved 1060864K
  class space    used 1703K, capacity 1808K, committed 1920K, reserved 1048576K
}
Event: 697.782 GC heap before
{Heap before GC invocations=323 (full 0):
 PSYoungGen      total 348672K, used 348224K [0x000000076ab00000, 0x0000000780000000, 0x00000007c0000000)
  eden space 348160K, 100% used [0x000000076ab00000,0x000000077ff00000,0x000000077ff00000)
  from space 512K, 12% used [0x000000077ff80000,0x000000077ff90000,0x0000000780000000)
  to   space 512K, 0% used [0x000000077ff00000,0x000000077ff00000,0x000000077ff80000)
 ParOldGen       total 699392K, used 139076K [0x00000006c0000000, 0x00000006eab00000, 0x000000076ab00000)
  object space 699392K, 19% used [0x00000006c0000000,0x00000006c87d1258,0x00000006eab00000)
 Metaspace       used 13441K, capacity 13748K, committed 13952K, reserved 1060864K
  class space    used 1703K, capacity 1808K, committed 1920K, reserved 1048576K
Event: 697.783 GC heap after
Heap after GC invocations=323 (full 0):
 PSYoungGen      total 348672K, used 96K [0x000000076ab00000, 0x0000000780000000, 0x00000007c0000000)
  eden space 348160K, 0% used [0x000000076ab00000,0x000000076ab00000,0x000000077ff00000)
  from space 512K, 18% used [0x000000077ff00000,0x000000077ff18000,0x000000077ff80000)
  to   space 512K, 0% used [0x000000077ff80000,0x000000077ff80000,0x0000000780000000)
 ParOldGen       total 699392K, used 139084K [0x00000006c0000000, 0x00000006eab00000, 0x000000076ab00000)
  object space 699392K, 19% used [0x00000006c0000000,0x00000006c87d3258,0x00000006eab00000)
 Metaspace       used 13441K, capacity 13748K, committed 13952K, reserved 1060864K
  class space    used 1703K, capacity 1808K, committed 1920K, reserved 1048576K
}

