# JRE version: OpenJDK Runtime Environment (8.0_66-b17) (build 1.8.0_66-internal-b17)
# Java VM: OpenJDK 64-Bit Server VM (25.66-b17 mixed mode linux-amd64 compressed oops)
Heap:
 PSYoungGen      total 343040K, used 17771K [0x000000076ab00000, 0x0000000780000000, 0x00000007c0000000)
  eden space 337920K, 4% used [0x000000076ab00000,0x000000076b873430,0x000000077f500000)
  from space 5120K, 78% used [0x000000077fb00000,0x000000077fee7b68,0x0000000780000000)
  to   space 5632K, 0% used [0x000000077f500000,0x000000077f500000,0x000000077fa80000)
 ParOldGen       total 699392K, used 37809K [0x00000006c0000000, 0x00000006eab00000, 0x000000076ab00000)
  object space 699392K, 5% used [0x00000006c0000000,0x00000006c24ec528,0x00000006eab00000)
 Metaspace       used 14348K, capacity 14682K, committed 14976K, reserved 1062912K
  class space    used 1745K, capacity 1881K, committed 1920K, reserved 1048576K
GC Heap History (10 events):
Event: 15,812 GC heap before
{Heap before GC invocations=18 (full 0):
 PSYoungGen      total 344576K, used 340058K [0x000000076ab00000, 0x0000000780000000, 0x00000007c0000000)
  eden space 339968K, 99% used [0x000000076ab00000,0x000000077f6ee940,0x000000077f700000)
  from space 4608K, 3% used [0x000000077f700000,0x000000077f728000,0x000000077fb80000)
  to   space 4608K, 0% used [0x000000077fb80000,0x000000077fb80000,0x0000000780000000)
 ParOldGen       total 699392K, used 28089K [0x00000006c0000000, 0x00000006eab00000, 0x000000076ab00000)
  object space 699392K, 4% used [0x00000006c0000000,0x00000006c1b6e508,0x00000006eab00000)
 Metaspace       used 13947K, capacity 14170K, committed 14464K, reserved 1062912K
  class space    used 1690K, capacity 1817K, committed 1920K, reserved 1048576K
Event: 15,818 GC heap after
Heap after GC invocations=18 (full 0):
 PSYoungGen      total 343552K, used 3153K [0x000000076ab00000, 0x0000000780000000, 0x00000007c0000000)
  eden space 338944K, 0% used [0x000000076ab00000,0x000000076ab00000,0x000000077f600000)
  from space 4608K, 68% used [0x000000077fb80000,0x000000077fe94528,0x0000000780000000)
  to   space 5120K, 0% used [0x000000077f600000,0x000000077f600000,0x000000077fb00000)
 ParOldGen       total 699392K, used 32897K [0x00000006c0000000, 0x00000006eab00000, 0x000000076ab00000)
  object space 699392K, 4% used [0x00000006c0000000,0x00000006c2020518,0x00000006eab00000)
 Metaspace       used 13947K, capacity 14170K, committed 14464K, reserved 1062912K
  class space    used 1690K, capacity 1817K, committed 1920K, reserved 1048576K
}
Event: 16,433 GC heap before
{Heap before GC invocations=19 (full 0):
 PSYoungGen      total 343552K, used 337511K [0x000000076ab00000, 0x0000000780000000, 0x00000007c0000000)
  eden space 338944K, 98% used [0x000000076ab00000,0x000000077f1857f0,0x000000077f600000)
  from space 4608K, 68% used [0x000000077fb80000,0x000000077fe94528,0x0000000780000000)
  to   space 5120K, 0% used [0x000000077f600000,0x000000077f600000,0x000000077fb00000)
 ParOldGen       total 699392K, used 32897K [0x00000006c0000000, 0x00000006eab00000, 0x000000076ab00000)
  object space 699392K, 4% used [0x00000006c0000000,0x00000006c2020518,0x00000006eab00000)
 Metaspace       used 14277K, capacity 14618K, committed 14976K, reserved 1062912K
  class space    used 1742K, capacity 1881K, committed 1920K, reserved 1048576K
Event: 16,434 GC heap after
Heap after GC invocations=19 (full 0):
 PSYoungGen      total 344064K, used 160K [0x000000076ab00000, 0x0000000780000000, 0x00000007c0000000)
  eden space 338944K, 0% used [0x000000076ab00000,0x000000076ab00000,0x000000077f600000)
  from space 5120K, 3% used [0x000000077f600000,0x000000077f628000,0x000000077fb00000)
  to   space 5120K, 0% used [0x000000077fb00000,0x000000077fb00000,0x0000000780000000)
 ParOldGen       total 699392K, used 32921K [0x00000006c0000000, 0x00000006eab00000, 0x000000076ab00000)
  object space 699392K, 4% used [0x00000006c0000000,0x00000006c2026518,0x00000006eab00000)
 Metaspace       used 14277K, capacity 14618K, committed 14976K, reserved 1062912K
  class space    used 1742K, capacity 1881K, committed 1920K, reserved 1048576K
}
Event: 17,050 GC heap before
{Heap before GC invocations=20 (full 0):
 PSYoungGen      total 344064K, used 338661K [0x000000076ab00000, 0x0000000780000000, 0x00000007c0000000)
  eden space 338944K, 99% used [0x000000076ab00000,0x000000077f5917e8,0x000000077f600000)
  from space 5120K, 3% used [0x000000077f600000,0x000000077f628000,0x000000077fb00000)
  to   space 5120K, 0% used [0x000000077fb00000,0x000000077fb00000,0x0000000780000000)
 ParOldGen       total 699392K, used 32921K [0x00000006c0000000, 0x00000006eab00000, 0x000000076ab00000)
  object space 699392K, 4% used [0x00000006c0000000,0x00000006c2026518,0x00000006eab00000)
 Metaspace       used 14311K, capacity 14618K, committed 14976K, reserved 1062912K
  class space    used 1744K, capacity 1881K, committed 1920K, reserved 1048576K
Event: 17,052 GC heap after
Heap after GC invocations=20 (full 0):
 PSYoungGen      total 344064K, used 2592K [0x000000076ab00000, 0x0000000780000000, 0x00000007c0000000)
  eden space 338944K, 0% used [0x000000076ab00000,0x000000076ab00000,0x000000077f600000)
  from space 5120K, 50% used [0x000000077fb00000,0x000000077fd88010,0x0000000780000000)
  to   space 5120K, 0% used [0x000000077f600000,0x000000077f600000,0x000000077fb00000)
 ParOldGen       total 699392K, used 32953K [0x00000006c0000000, 0x00000006eab00000, 0x000000076ab00000)
  object space 699392K, 4% used [0x00000006c0000000,0x00000006c202e518,0x00000006eab00000)
 Metaspace       used 14311K, capacity 14618K, committed 14976K, reserved 1062912K
  class space    used 1744K, capacity 1881K, committed 1920K, reserved 1048576K
}
Event: 17,734 GC heap before
{Heap before GC invocations=21 (full 0):
 PSYoungGen      total 344064K, used 341536K [0x000000076ab00000, 0x0000000780000000, 0x00000007c0000000)
  eden space 338944K, 100% used [0x000000076ab00000,0x000000077f600000,0x000000077f600000)
  from space 5120K, 50% used [0x000000077fb00000,0x000000077fd88010,0x0000000780000000)
  to   space 5120K, 0% used [0x000000077f600000,0x000000077f600000,0x000000077fb00000)
 ParOldGen       total 699392K, used 32953K [0x00000006c0000000, 0x00000006eab00000, 0x000000076ab00000)
  object space 699392K, 4% used [0x00000006c0000000,0x00000006c202e518,0x00000006eab00000)
 Metaspace       used 14319K, capacity 14618K, committed 14976K, reserved 1062912K
  class space    used 1744K, capacity 1881K, committed 1920K, reserved 1048576K
Event: 17,735 GC heap after
Heap after GC invocations=21 (full 0):
 PSYoungGen      total 344064K, used 128K [0x000000076ab00000, 0x0000000780000000, 0x00000007c0000000)
  eden space 338944K, 0% used [0x000000076ab00000,0x000000076ab00000,0x000000077f600000)
  from space 5120K, 2% used [0x000000077f600000,0x000000077f620000,0x000000077fb00000)
  to   space 5120K, 0% used [0x000000077fb00000,0x000000077fb00000,0x0000000780000000)
 ParOldGen       total 699392K, used 32985K [0x00000006c0000000, 0x00000006eab00000, 0x000000076ab00000)
  object space 699392K, 4% used [0x00000006c0000000,0x00000006c2036518,0x00000006eab00000)
 Metaspace       used 14319K, capacity 14618K, committed 14976K, reserved 1062912K
  class space    used 1744K, capacity 1881K, committed 1920K, reserved 1048576K
}
Event: 18,443 GC heap before
{Heap before GC invocations=22 (full 0):
 PSYoungGen      total 344064K, used 337650K [0x000000076ab00000, 0x0000000780000000, 0x00000007c0000000)
  eden space 338944K, 99% used [0x000000076ab00000,0x000000077f49ca48,0x000000077f600000)
  from space 5120K, 2% used [0x000000077f600000,0x000000077f620000,0x000000077fb00000)
  to   space 5120K, 0% used [0x000000077fb00000,0x000000077fb00000,0x0000000780000000)
 ParOldGen       total 699392K, used 32985K [0x00000006c0000000, 0x00000006eab00000, 0x000000076ab00000)
  object space 699392K, 4% used [0x00000006c0000000,0x00000006c2036518,0x00000006eab00000)
 Metaspace       used 14348K, capacity 14682K, committed 14976K, reserved 1062912K
  class space    used 1745K, capacity 1881K, committed 1920K, reserved 1048576K
Event: 18,452 GC heap after
Heap after GC invocations=22 (full 0):
 PSYoungGen      total 343040K, used 3998K [0x000000076ab00000, 0x0000000780000000, 0x00000007c0000000)
  eden space 337920K, 0% used [0x000000076ab00000,0x000000076ab00000,0x000000077f500000)
  from space 5120K, 78% used [0x000000077fb00000,0x000000077fee7b68,0x0000000780000000)
  to   space 5632K, 0% used [0x000000077f500000,0x000000077f500000,0x000000077fa80000)
 ParOldGen       total 699392K, used 37809K [0x00000006c0000000, 0x00000006eab00000, 0x000000076ab00000)
  object space 699392K, 5% used [0x00000006c0000000,0x00000006c24ec528,0x00000006eab00000)
 Metaspace       used 14348K, capacity 14682K, committed 14976K, reserved 1062912K
  class space    used 1745K, capacity 1881K, committed 1920K, reserved 1048576K
}

