# JRE version: Java(TM) SE Runtime Environment (8.0_73-b02) (build 1.8.0_73-b02)
# Java VM: Java HotSpot(TM) 64-Bit Server VM (25.73-b02 mixed mode windows-amd64 compressed oops)
Heap:
 PSYoungGen      total 348160K, used 51231K [0x000000076ab00000, 0x0000000780000000, 0x00000007c0000000)
  eden space 347136K, 14% used [0x000000076ab00000,0x000000076dceff38,0x000000077fe00000)
  from space 1024K, 9% used [0x000000077ff00000,0x000000077ff18000,0x0000000780000000)
  to   space 1024K, 0% used [0x000000077fe00000,0x000000077fe00000,0x000000077ff00000)
 ParOldGen       total 699392K, used 300147K [0x00000006c0000000, 0x00000006eab00000, 0x000000076ab00000)
  object space 699392K, 42% used [0x00000006c0000000,0x00000006d251ce48,0x00000006eab00000)
 Metaspace       used 13489K, capacity 13812K, committed 13952K, reserved 1060864K
  class space    used 1708K, capacity 1808K, committed 1920K, reserved 1048576K
GC Heap History (10 events):
Event: 152.544 GC heap before
{Heap before GC invocations=60 (full 0):
 PSYoungGen      total 347648K, used 346240K [0x000000076ab00000, 0x0000000780000000, 0x00000007c0000000)
  eden space 346112K, 100% used [0x000000076ab00000,0x000000077fd00000,0x000000077fd00000)
  from space 1536K, 8% used [0x000000077fd00000,0x000000077fd20000,0x000000077fe80000)
  to   space 1536K, 0% used [0x000000077fe80000,0x000000077fe80000,0x0000000780000000)
 ParOldGen       total 699392K, used 300067K [0x00000006c0000000, 0x00000006eab00000, 0x000000076ab00000)
  object space 699392K, 42% used [0x00000006c0000000,0x00000006d2508e48,0x00000006eab00000)
 Metaspace       used 13488K, capacity 13812K, committed 13952K, reserved 1060864K
  class space    used 1708K, capacity 1808K, committed 1920K, reserved 1048576K
Event: 152.546 GC heap after
Heap after GC invocations=60 (full 0):
 PSYoungGen      total 347648K, used 128K [0x000000076ab00000, 0x0000000780000000, 0x00000007c0000000)
  eden space 346112K, 0% used [0x000000076ab00000,0x000000076ab00000,0x000000077fd00000)
  from space 1536K, 8% used [0x000000077fe80000,0x000000077fea0000,0x0000000780000000)
  to   space 1536K, 0% used [0x000000077fd00000,0x000000077fd00000,0x000000077fe80000)
 ParOldGen       total 699392K, used 300083K [0x00000006c0000000, 0x00000006eab00000, 0x000000076ab00000)
  object space 699392K, 42% used [0x00000006c0000000,0x00000006d250ce48,0x00000006eab00000)
 Metaspace       used 13488K, capacity 13812K, committed 13952K, reserved 1060864K
  class space    used 1708K, capacity 1808K, committed 1920K, reserved 1048576K
}
Event: 157.544 GC heap before
{Heap before GC invocations=61 (full 0):
 PSYoungGen      total 347648K, used 346240K [0x000000076ab00000, 0x0000000780000000, 0x00000007c0000000)
  eden space 346112K, 100% used [0x000000076ab00000,0x000000077fd00000,0x000000077fd00000)
  from space 1536K, 8% used [0x000000077fe80000,0x000000077fea0000,0x0000000780000000)
  to   space 1536K, 0% used [0x000000077fd00000,0x000000077fd00000,0x000000077fe80000)
 ParOldGen       total 699392K, used 300083K [0x00000006c0000000, 0x00000006eab00000, 0x000000076ab00000)
  object space 699392K, 42% used [0x00000006c0000000,0x00000006d250ce48,0x00000006eab00000)
 Metaspace       used 13488K, capacity 13812K, committed 13952K, reserved 1060864K
  class space    used 1708K, capacity 1808K, committed 1920K, reserved 1048576K
Event: 157.546 GC heap after
Heap after GC invocations=61 (full 0):
 PSYoungGen      total 347648K, used 96K [0x000000076ab00000, 0x0000000780000000, 0x00000007c0000000)
  eden space 346112K, 0% used [0x000000076ab00000,0x000000076ab00000,0x000000077fd00000)
  from space 1536K, 6% used [0x000000077fd00000,0x000000077fd18000,0x000000077fe80000)
  to   space 1536K, 0% used [0x000000077fe80000,0x000000077fe80000,0x0000000780000000)
 ParOldGen       total 699392K, used 300091K [0x00000006c0000000, 0x00000006eab00000, 0x000000076ab00000)
  object space 699392K, 42% used [0x00000006c0000000,0x00000006d250ee48,0x00000006eab00000)
 Metaspace       used 13488K, capacity 13812K, committed 13952K, reserved 1060864K
  class space    used 1708K, capacity 1808K, committed 1920K, reserved 1048576K
}
Event: 162.552 GC heap before
{Heap before GC invocations=62 (full 0):
 PSYoungGen      total 347648K, used 346208K [0x000000076ab00000, 0x0000000780000000, 0x00000007c0000000)
  eden space 346112K, 100% used [0x000000076ab00000,0x000000077fd00000,0x000000077fd00000)
  from space 1536K, 6% used [0x000000077fd00000,0x000000077fd18000,0x000000077fe80000)
  to   space 1536K, 0% used [0x000000077fe80000,0x000000077fe80000,0x0000000780000000)
 ParOldGen       total 699392K, used 300091K [0x00000006c0000000, 0x00000006eab00000, 0x000000076ab00000)
  object space 699392K, 42% used [0x00000006c0000000,0x00000006d250ee48,0x00000006eab00000)
 Metaspace       used 13488K, capacity 13812K, committed 13952K, reserved 1060864K
  class space    used 1708K, capacity 1808K, committed 1920K, reserved 1048576K
Event: 162.556 GC heap after
Heap after GC invocations=62 (full 0):
 PSYoungGen      total 347648K, used 128K [0x000000076ab00000, 0x0000000780000000, 0x00000007c0000000)
  eden space 346112K, 0% used [0x000000076ab00000,0x000000076ab00000,0x000000077fd00000)
  from space 1536K, 8% used [0x000000077fe80000,0x000000077fea0000,0x0000000780000000)
  to   space 1536K, 0% used [0x000000077fd00000,0x000000077fd00000,0x000000077fe80000)
 ParOldGen       total 699392K, used 300099K [0x00000006c0000000, 0x00000006eab00000, 0x000000076ab00000)
  object space 699392K, 42% used [0x00000006c0000000,0x00000006d2510e48,0x00000006eab00000)
 Metaspace       used 13488K, capacity 13812K, committed 13952K, reserved 1060864K
  class space    used 1708K, capacity 1808K, committed 1920K, reserved 1048576K
}
Event: 167.527 GC heap before
{Heap before GC invocations=63 (full 0):
 PSYoungGen      total 347648K, used 346240K [0x000000076ab00000, 0x0000000780000000, 0x00000007c0000000)
  eden space 346112K, 100% used [0x000000076ab00000,0x000000077fd00000,0x000000077fd00000)
  from space 1536K, 8% used [0x000000077fe80000,0x000000077fea0000,0x0000000780000000)
  to   space 1536K, 0% used [0x000000077fd00000,0x000000077fd00000,0x000000077fe80000)
 ParOldGen       total 699392K, used 300099K [0x00000006c0000000, 0x00000006eab00000, 0x000000076ab00000)
  object space 699392K, 42% used [0x00000006c0000000,0x00000006d2510e48,0x00000006eab00000)
 Metaspace       used 13489K, capacity 13812K, committed 13952K, reserved 1060864K
  class space    used 1708K, capacity 1808K, committed 1920K, reserved 1048576K
Event: 167.530 GC heap after
Heap after GC invocations=63 (full 0):
 PSYoungGen      total 347648K, used 96K [0x000000076ab00000, 0x0000000780000000, 0x00000007c0000000)
  eden space 346112K, 0% used [0x000000076ab00000,0x000000076ab00000,0x000000077fd00000)
  from space 1536K, 6% used [0x000000077fd00000,0x000000077fd18000,0x000000077fe80000)
  to   space 1024K, 0% used [0x000000077ff00000,0x000000077ff00000,0x0000000780000000)
 ParOldGen       total 699392K, used 300131K [0x00000006c0000000, 0x00000006eab00000, 0x000000076ab00000)
  object space 699392K, 42% used [0x00000006c0000000,0x00000006d2518e48,0x00000006eab00000)
 Metaspace       used 13489K, capacity 13812K, committed 13952K, reserved 1060864K
  class space    used 1708K, capacity 1808K, committed 1920K, reserved 1048576K
}
Event: 172.547 GC heap before
{Heap before GC invocations=64 (full 0):
 PSYoungGen      total 347648K, used 346208K [0x000000076ab00000, 0x0000000780000000, 0x00000007c0000000)
  eden space 346112K, 100% used [0x000000076ab00000,0x000000077fd00000,0x000000077fd00000)
  from space 1536K, 6% used [0x000000077fd00000,0x000000077fd18000,0x000000077fe80000)
  to   space 1024K, 0% used [0x000000077ff00000,0x000000077ff00000,0x0000000780000000)
 ParOldGen       total 699392K, used 300131K [0x00000006c0000000, 0x00000006eab00000, 0x000000076ab00000)
  object space 699392K, 42% used [0x00000006c0000000,0x00000006d2518e48,0x00000006eab00000)
 Metaspace       used 13489K, capacity 13812K, committed 13952K, reserved 1060864K
  class space    used 1708K, capacity 1808K, committed 1920K, reserved 1048576K
Event: 172.549 GC heap after
Heap after GC invocations=64 (full 0):
 PSYoungGen      total 348160K, used 96K [0x000000076ab00000, 0x0000000780000000, 0x00000007c0000000)
  eden space 347136K, 0% used [0x000000076ab00000,0x000000076ab00000,0x000000077fe00000)
  from space 1024K, 9% used [0x000000077ff00000,0x000000077ff18000,0x0000000780000000)
  to   space 1024K, 0% used [0x000000077fe00000,0x000000077fe00000,0x000000077ff00000)
 ParOldGen       total 699392K, used 300147K [0x00000006c0000000, 0x00000006eab00000, 0x000000076ab00000)
  object space 699392K, 42% used [0x00000006c0000000,0x00000006d251ce48,0x00000006eab00000)
 Metaspace       used 13489K, capacity 13812K, committed 13952K, reserved 1060864K
  class space    used 1708K, capacity 1808K, committed 1920K, reserved 1048576K
}

