# JRE version: Java(TM) SE Runtime Environment (8.0_73-b02) (build 1.8.0_73-b02)
# Java VM: Java HotSpot(TM) 64-Bit Server VM (25.73-b02 mixed mode windows-amd64 compressed oops)
Heap:
 PSYoungGen      total 348672K, used 292703K [0x000000076ab00000, 0x0000000780000000, 0x00000007c0000000)
  eden space 348160K, 84% used [0x000000076ab00000,0x000000077c89ff58,0x000000077ff00000)
  from space 512K, 43% used [0x000000077ff80000,0x000000077ffb8000,0x0000000780000000)
  to   space 512K, 0% used [0x000000077ff00000,0x000000077ff00000,0x000000077ff80000)
 ParOldGen       total 699392K, used 84014K [0x00000006c0000000, 0x00000006eab00000, 0x000000076ab00000)
  object space 699392K, 12% used [0x00000006c0000000,0x00000006c520b908,0x00000006eab00000)
 Metaspace       used 12407K, capacity 12692K, committed 12800K, reserved 1060864K
  class space    used 1617K, capacity 1712K, committed 1792K, reserved 1048576K
GC Heap History (10 events):
Event: 71.069 GC heap before
{Heap before GC invocations=100 (full 0):
 PSYoungGen      total 348672K, used 348352K [0x000000076ab00000, 0x0000000780000000, 0x00000007c0000000)
  eden space 348160K, 100% used [0x000000076ab00000,0x000000077ff00000,0x000000077ff00000)
  from space 512K, 37% used [0x000000077ff00000,0x000000077ff30000,0x000000077ff80000)
  to   space 512K, 0% used [0x000000077ff80000,0x000000077ff80000,0x0000000780000000)
 ParOldGen       total 699392K, used 74342K [0x00000006c0000000, 0x00000006eab00000, 0x000000076ab00000)
  object space 699392K, 10% used [0x00000006c0000000,0x00000006c48998e8,0x00000006eab00000)
 Metaspace       used 12374K, capacity 12692K, committed 12800K, reserved 1060864K
  class space    used 1617K, capacity 1712K, committed 1792K, reserved 1048576K
Event: 71.070 GC heap after
Heap after GC invocations=100 (full 0):
 PSYoungGen      total 348672K, used 160K [0x000000076ab00000, 0x0000000780000000, 0x00000007c0000000)
  eden space 348160K, 0% used [0x000000076ab00000,0x000000076ab00000,0x000000077ff00000)
  from space 512K, 31% used [0x000000077ff80000,0x000000077ffa8000,0x0000000780000000)
  to   space 512K, 0% used [0x000000077ff00000,0x000000077ff00000,0x000000077ff80000)
 ParOldGen       total 699392K, used 74350K [0x00000006c0000000, 0x00000006eab00000, 0x000000076ab00000)
  object space 699392K, 10% used [0x00000006c0000000,0x00000006c489b8e8,0x00000006eab00000)
 Metaspace       used 12374K, capacity 12692K, committed 12800K, reserved 1060864K
  class space    used 1617K, capacity 1712K, committed 1792K, reserved 1048576K
}
Event: 71.670 GC heap before
{Heap before GC invocations=101 (full 0):
 PSYoungGen      total 348672K, used 346810K [0x000000076ab00000, 0x0000000780000000, 0x00000007c0000000)
  eden space 348160K, 99% used [0x000000076ab00000,0x000000077fd869d8,0x000000077ff00000)
  from space 512K, 31% used [0x000000077ff80000,0x000000077ffa8000,0x0000000780000000)
  to   space 512K, 0% used [0x000000077ff00000,0x000000077ff00000,0x000000077ff80000)
 ParOldGen       total 699392K, used 74350K [0x00000006c0000000, 0x00000006eab00000, 0x000000076ab00000)
  object space 699392K, 10% used [0x00000006c0000000,0x00000006c489b8e8,0x00000006eab00000)
 Metaspace       used 12374K, capacity 12692K, committed 12800K, reserved 1060864K
  class space    used 1617K, capacity 1712K, committed 1792K, reserved 1048576K
Event: 71.672 GC heap after
Heap after GC invocations=101 (full 0):
 PSYoungGen      total 348672K, used 224K [0x000000076ab00000, 0x0000000780000000, 0x00000007c0000000)
  eden space 348160K, 0% used [0x000000076ab00000,0x000000076ab00000,0x000000077ff00000)
  from space 512K, 43% used [0x000000077ff00000,0x000000077ff38000,0x000000077ff80000)
  to   space 512K, 0% used [0x000000077ff80000,0x000000077ff80000,0x0000000780000000)
 ParOldGen       total 699392K, used 74374K [0x00000006c0000000, 0x00000006eab00000, 0x000000076ab00000)
  object space 699392K, 10% used [0x00000006c0000000,0x00000006c48a18e8,0x00000006eab00000)
 Metaspace       used 12374K, capacity 12692K, committed 12800K, reserved 1060864K
  class space    used 1617K, capacity 1712K, committed 1792K, reserved 1048576K
}
Event: 72.278 GC heap before
{Heap before GC invocations=102 (full 0):
 PSYoungGen      total 348672K, used 346244K [0x000000076ab00000, 0x0000000780000000, 0x00000007c0000000)
  eden space 348160K, 99% used [0x000000076ab00000,0x000000077fce9140,0x000000077ff00000)
  from space 512K, 43% used [0x000000077ff00000,0x000000077ff38000,0x000000077ff80000)
  to   space 512K, 0% used [0x000000077ff80000,0x000000077ff80000,0x0000000780000000)
 ParOldGen       total 699392K, used 74374K [0x00000006c0000000, 0x00000006eab00000, 0x000000076ab00000)
  object space 699392K, 10% used [0x00000006c0000000,0x00000006c48a18e8,0x00000006eab00000)
 Metaspace       used 12378K, capacity 12692K, committed 12800K, reserved 1060864K
  class space    used 1617K, capacity 1712K, committed 1792K, reserved 1048576K
Event: 72.282 GC heap after
Heap after GC invocations=102 (full 0):
 PSYoungGen      total 348672K, used 224K [0x000000076ab00000, 0x0000000780000000, 0x00000007c0000000)
  eden space 348160K, 0% used [0x000000076ab00000,0x000000076ab00000,0x000000077ff00000)
  from space 512K, 43% used [0x000000077ff80000,0x000000077ffb8000,0x0000000780000000)
  to   space 512K, 0% used [0x000000077ff00000,0x000000077ff00000,0x000000077ff80000)
 ParOldGen       total 699392K, used 79190K [0x00000006c0000000, 0x00000006eab00000, 0x000000076ab00000)
  object space 699392K, 11% used [0x00000006c0000000,0x00000006c4d558f8,0x00000006eab00000)
 Metaspace       used 12378K, capacity 12692K, committed 12800K, reserved 1060864K
  class space    used 1617K, capacity 1712K, committed 1792K, reserved 1048576K
}
Event: 72.906 GC heap before
{Heap before GC invocations=103 (full 0):
 PSYoungGen      total 348672K, used 348384K [0x000000076ab00000, 0x0000000780000000, 0x00000007c0000000)
  eden space 348160K, 100% used [0x000000076ab00000,0x000000077ff00000,0x000000077ff00000)
  from space 512K, 43% used [0x000000077ff80000,0x000000077ffb8000,0x0000000780000000)
  to   space 512K, 0% used [0x000000077ff00000,0x000000077ff00000,0x000000077ff80000)
 ParOldGen       total 699392K, used 79190K [0x00000006c0000000, 0x00000006eab00000, 0x000000076ab00000)
  object space 699392K, 11% used [0x00000006c0000000,0x00000006c4d558f8,0x00000006eab00000)
 Metaspace       used 12382K, capacity 12692K, committed 12800K, reserved 1060864K
  class space    used 1617K, capacity 1712K, committed 1792K, reserved 1048576K
Event: 72.908 GC heap after
Heap after GC invocations=103 (full 0):
 PSYoungGen      total 348672K, used 256K [0x000000076ab00000, 0x0000000780000000, 0x00000007c0000000)
  eden space 348160K, 0% used [0x000000076ab00000,0x000000076ab00000,0x000000077ff00000)
  from space 512K, 50% used [0x000000077ff00000,0x000000077ff40000,0x000000077ff80000)
  to   space 512K, 0% used [0x000000077ff80000,0x000000077ff80000,0x0000000780000000)
 ParOldGen       total 699392K, used 79206K [0x00000006c0000000, 0x00000006eab00000, 0x000000076ab00000)
  object space 699392K, 11% used [0x00000006c0000000,0x00000006c4d598f8,0x00000006eab00000)
 Metaspace       used 12382K, capacity 12692K, committed 12800K, reserved 1060864K
  class space    used 1617K, capacity 1712K, committed 1792K, reserved 1048576K
}
Event: 73.515 GC heap before
{Heap before GC invocations=104 (full 0):
 PSYoungGen      total 348672K, used 347608K [0x000000076ab00000, 0x0000000780000000, 0x00000007c0000000)
  eden space 348160K, 99% used [0x000000076ab00000,0x000000077fe362c8,0x000000077ff00000)
  from space 512K, 50% used [0x000000077ff00000,0x000000077ff40000,0x000000077ff80000)
  to   space 512K, 0% used [0x000000077ff80000,0x000000077ff80000,0x0000000780000000)
 ParOldGen       total 699392K, used 79206K [0x00000006c0000000, 0x00000006eab00000, 0x000000076ab00000)
  object space 699392K, 11% used [0x00000006c0000000,0x00000006c4d598f8,0x00000006eab00000)
 Metaspace       used 12382K, capacity 12692K, committed 12800K, reserved 1060864K
  class space    used 1617K, capacity 1712K, committed 1792K, reserved 1048576K
Event: 73.519 GC heap after
Heap after GC invocations=104 (full 0):
 PSYoungGen      total 348672K, used 224K [0x000000076ab00000, 0x0000000780000000, 0x00000007c0000000)
  eden space 348160K, 0% used [0x000000076ab00000,0x000000076ab00000,0x000000077ff00000)
  from space 512K, 43% used [0x000000077ff80000,0x000000077ffb8000,0x0000000780000000)
  to   space 512K, 0% used [0x000000077ff00000,0x000000077ff00000,0x000000077ff80000)
 ParOldGen       total 699392K, used 84014K [0x00000006c0000000, 0x00000006eab00000, 0x000000076ab00000)
  object space 699392K, 12% used [0x00000006c0000000,0x00000006c520b908,0x00000006eab00000)
 Metaspace       used 12382K, capacity 12692K, committed 12800K, reserved 1060864K
  class space    used 1617K, capacity 1712K, committed 1792K, reserved 1048576K
}

