# JRE version: Java(TM) SE Runtime Environment (8.0_77-b03) (build 1.8.0_77-b03)
# Java VM: Java HotSpot(TM) 64-Bit Server VM (25.77-b03 mixed mode windows-amd64 compressed oops)
Heap:
 PSYoungGen      total 339968K, used 332128K [0x000000076ab00000, 0x0000000780800000, 0x00000007c0000000)
  eden space 335872K, 97% used [0x000000076ab00000,0x000000077eb9c2c8,0x000000077f300000)
  from space 4096K, 93% used [0x0000000780400000,0x00000007807bc010,0x0000000780800000)
  to   space 7168K, 0% used [0x000000077fa00000,0x000000077fa00000,0x0000000780100000)
 ParOldGen       total 699392K, used 3196K [0x00000006c0000000, 0x00000006eab00000, 0x000000076ab00000)
  object space 699392K, 0% used [0x00000006c0000000,0x00000006c031f338,0x00000006eab00000)
 Metaspace       used 13522K, capacity 13824K, committed 14208K, reserved 1060864K
  class space    used 1710K, capacity 1808K, committed 1920K, reserved 1048576K
GC Heap History (10 events):
Event: 56.618 GC heap before
{Heap before GC invocations=55 (full 2):
 PSYoungGen      total 346112K, used 344072K [0x000000076ab00000, 0x0000000781500000, 0x00000007c0000000)
  eden space 341504K, 99% used [0x000000076ab00000,0x000000077f6a01f8,0x000000077f880000)
  from space 4608K, 97% used [0x0000000781080000,0x00000007814e2060,0x0000000781500000)
  to   space 7680K, 0% used [0x0000000780600000,0x0000000780600000,0x0000000780d80000)
 ParOldGen       total 699392K, used 47299K [0x00000006c0000000, 0x00000006eab00000, 0x000000076ab00000)
  object space 699392K, 6% used [0x00000006c0000000,0x00000006c2e30cd0,0x00000006eab00000)
 Metaspace       used 13476K, capacity 13760K, committed 13952K, reserved 1060864K
  class space    used 1709K, capacity 1808K, committed 1920K, reserved 1048576K
Event: 56.620 GC heap after
Heap after GC invocations=55 (full 2):
 PSYoungGen      total 355840K, used 192K [0x000000076ab00000, 0x0000000781100000, 0x00000007c0000000)
  eden space 355328K, 0% used [0x000000076ab00000,0x000000076ab00000,0x0000000780600000)
  from space 512K, 37% used [0x0000000780600000,0x0000000780630000,0x0000000780680000)
  to   space 7168K, 0% used [0x0000000780a00000,0x0000000780a00000,0x0000000781100000)
 ParOldGen       total 699392K, used 51595K [0x00000006c0000000, 0x00000006eab00000, 0x000000076ab00000)
  object space 699392K, 7% used [0x00000006c0000000,0x00000006c3262d30,0x00000006eab00000)
 Metaspace       used 13476K, capacity 13760K, committed 13952K, reserved 1060864K
  class space    used 1709K, capacity 1808K, committed 1920K, reserved 1048576K
}
Event: 57.382 GC heap before
{Heap before GC invocations=56 (full 2):
 PSYoungGen      total 355840K, used 355520K [0x000000076ab00000, 0x0000000781100000, 0x00000007c0000000)
  eden space 355328K, 100% used [0x000000076ab00000,0x0000000780600000,0x0000000780600000)
  from space 512K, 37% used [0x0000000780600000,0x0000000780630000,0x0000000780680000)
  to   space 7168K, 0% used [0x0000000780a00000,0x0000000780a00000,0x0000000781100000)
 ParOldGen       total 699392K, used 51595K [0x00000006c0000000, 0x00000006eab00000, 0x000000076ab00000)
  object space 699392K, 7% used [0x00000006c0000000,0x00000006c3262d30,0x00000006eab00000)
 Metaspace       used 13476K, capacity 13760K, committed 13952K, reserved 1060864K
  class space    used 1709K, capacity 1808K, committed 1920K, reserved 1048576K
Event: 57.385 GC heap after
Heap after GC invocations=56 (full 2):
 PSYoungGen      total 346112K, used 160K [0x000000076ab00000, 0x0000000780a80000, 0x00000007c0000000)
  eden space 345600K, 0% used [0x000000076ab00000,0x000000076ab00000,0x000000077fc80000)
  from space 512K, 31% used [0x0000000780a00000,0x0000000780a28000,0x0000000780a80000)
  to   space 6656K, 0% used [0x000000077fd80000,0x000000077fd80000,0x0000000780400000)
 ParOldGen       total 699392K, used 51603K [0x00000006c0000000, 0x00000006eab00000, 0x000000076ab00000)
  object space 699392K, 7% used [0x00000006c0000000,0x00000006c3264d30,0x00000006eab00000)
 Metaspace       used 13476K, capacity 13760K, committed 13952K, reserved 1060864K
  class space    used 1709K, capacity 1808K, committed 1920K, reserved 1048576K
}
Event: 57.779 GC heap before
{Heap before GC invocations=57 (full 2):
 PSYoungGen      total 346112K, used 176481K [0x000000076ab00000, 0x0000000780a80000, 0x00000007c0000000)
  eden space 345600K, 51% used [0x000000076ab00000,0x00000007757306b0,0x000000077fc80000)
  from space 512K, 31% used [0x0000000780a00000,0x0000000780a28000,0x0000000780a80000)
  to   space 6656K, 0% used [0x000000077fd80000,0x000000077fd80000,0x0000000780400000)
 ParOldGen       total 699392K, used 51603K [0x00000006c0000000, 0x00000006eab00000, 0x000000076ab00000)
  object space 699392K, 7% used [0x00000006c0000000,0x00000006c3264d30,0x00000006eab00000)
 Metaspace       used 13477K, capacity 13760K, committed 13952K, reserved 1060864K
  class space    used 1709K, capacity 1808K, committed 1920K, reserved 1048576K
Event: 57.780 GC heap after
Heap after GC invocations=57 (full 2):
 PSYoungGen      total 352256K, used 160K [0x000000076ab00000, 0x0000000780a80000, 0x00000007c0000000)
  eden space 345600K, 0% used [0x000000076ab00000,0x000000076ab00000,0x000000077fc80000)
  from space 6656K, 2% used [0x000000077fd80000,0x000000077fda8000,0x0000000780400000)
  to   space 6656K, 0% used [0x0000000780400000,0x0000000780400000,0x0000000780a80000)
 ParOldGen       total 699392K, used 51619K [0x00000006c0000000, 0x00000006eab00000, 0x000000076ab00000)
  object space 699392K, 7% used [0x00000006c0000000,0x00000006c3268d30,0x00000006eab00000)
 Metaspace       used 13477K, capacity 13760K, committed 13952K, reserved 1060864K
  class space    used 1709K, capacity 1808K, committed 1920K, reserved 1048576K
}
Event: 57.780 GC heap before
{Heap before GC invocations=58 (full 3):
 PSYoungGen      total 352256K, used 160K [0x000000076ab00000, 0x0000000780a80000, 0x00000007c0000000)
  eden space 345600K, 0% used [0x000000076ab00000,0x000000076ab00000,0x000000077fc80000)
  from space 6656K, 2% used [0x000000077fd80000,0x000000077fda8000,0x0000000780400000)
  to   space 6656K, 0% used [0x0000000780400000,0x0000000780400000,0x0000000780a80000)
 ParOldGen       total 699392K, used 51619K [0x00000006c0000000, 0x00000006eab00000, 0x000000076ab00000)
  object space 699392K, 7% used [0x00000006c0000000,0x00000006c3268d30,0x00000006eab00000)
 Metaspace       used 13477K, capacity 13760K, committed 13952K, reserved 1060864K
  class space    used 1709K, capacity 1808K, committed 1920K, reserved 1048576K
Event: 57.802 GC heap after
Heap after GC invocations=58 (full 3):
 PSYoungGen      total 352256K, used 0K [0x000000076ab00000, 0x0000000780a80000, 0x00000007c0000000)
  eden space 345600K, 0% used [0x000000076ab00000,0x000000076ab00000,0x000000077fc80000)
  from space 6656K, 0% used [0x000000077fd80000,0x000000077fd80000,0x0000000780400000)
  to   space 6656K, 0% used [0x0000000780400000,0x0000000780400000,0x0000000780a80000)
 ParOldGen       total 699392K, used 3196K [0x00000006c0000000, 0x00000006eab00000, 0x000000076ab00000)
  object space 699392K, 0% used [0x00000006c0000000,0x00000006c031f338,0x00000006eab00000)
 Metaspace       used 13477K, capacity 13760K, committed 13952K, reserved 1060864K
  class space    used 1709K, capacity 1808K, committed 1920K, reserved 1048576K
}
Event: 58.521 GC heap before
{Heap before GC invocations=59 (full 3):
 PSYoungGen      total 352256K, used 345398K [0x000000076ab00000, 0x0000000780a80000, 0x00000007c0000000)
  eden space 345600K, 99% used [0x000000076ab00000,0x000000077fc4db10,0x000000077fc80000)
  from space 6656K, 0% used [0x000000077fd80000,0x000000077fd80000,0x0000000780400000)
  to   space 6656K, 0% used [0x0000000780400000,0x0000000780400000,0x0000000780a80000)
 ParOldGen       total 699392K, used 3196K [0x00000006c0000000, 0x00000006eab00000, 0x000000076ab00000)
  object space 699392K, 0% used [0x00000006c0000000,0x00000006c031f338,0x00000006eab00000)
 Metaspace       used 13498K, capacity 13824K, committed 14208K, reserved 1060864K
  class space    used 1709K, capacity 1808K, committed 1920K, reserved 1048576K
Event: 58.523 GC heap after
Heap after GC invocations=59 (full 3):
 PSYoungGen      total 339968K, used 3824K [0x000000076ab00000, 0x0000000780800000, 0x00000007c0000000)
  eden space 335872K, 0% used [0x000000076ab00000,0x000000076ab00000,0x000000077f300000)
  from space 4096K, 93% used [0x0000000780400000,0x00000007807bc010,0x0000000780800000)
  to   space 7168K, 0% used [0x000000077fa00000,0x000000077fa00000,0x0000000780100000)
 ParOldGen       total 699392K, used 3196K [0x00000006c0000000, 0x00000006eab00000, 0x000000076ab00000)
  object space 699392K, 0% used [0x00000006c0000000,0x00000006c031f338,0x00000006eab00000)
 Metaspace       used 13498K, capacity 13824K, committed 14208K, reserved 1060864K
  class space    used 1709K, capacity 1808K, committed 1920K, reserved 1048576K
}

