# JRE version: OpenJDK Runtime Environment (8.0_66-b17) (build 1.8.0_66-internal-b17)
# Java VM: OpenJDK 64-Bit Server VM (25.66-b17 mixed mode linux-amd64 compressed oops)
Heap:
 PSYoungGen      total 1122816K, used 1098886K [0x000000076ab00000, 0x00000007be980000, 0x00000007c0000000)
  eden space 1115136K, 97% used [0x000000076ab00000,0x00000007ad4d1818,0x00000007aec00000)
  from space 7680K, 97% used [0x00000007be200000,0x00000007be950020,0x00000007be980000)
  to   space 11264K, 0% used [0x00000007bd380000,0x00000007bd380000,0x00000007bde80000)
 ParOldGen       total 699392K, used 2273K [0x00000006c0000000, 0x00000006eab00000, 0x000000076ab00000)
  object space 699392K, 0% used [0x00000006c0000000,0x00000006c02386e8,0x00000006eab00000)
 Metaspace       used 14491K, capacity 14818K, committed 14976K, reserved 1062912K
  class space    used 1748K, capacity 1881K, committed 1920K, reserved 1048576K
GC Heap History (10 events):
Event: 18,685 GC heap before
{Heap before GC invocations=10 (full 0):
 PSYoungGen      total 1387008K, used 1379640K [0x000000076ab00000, 0x00000007bff80000, 0x00000007c0000000)
  eden space 1376256K, 99% used [0x000000076ab00000,0x00000007be96e048,0x00000007beb00000)
  from space 10752K, 46% used [0x00000007beb00000,0x00000007befe0010,0x00000007bf580000)
  to   space 10240K, 0% used [0x00000007bf580000,0x00000007bf580000,0x00000007bff80000)
 ParOldGen       total 699392K, used 2129K [0x00000006c0000000, 0x00000006eab00000, 0x000000076ab00000)
  object space 699392K, 0% used [0x00000006c0000000,0x00000006c02146e8,0x00000006eab00000)
 Metaspace       used 14254K, capacity 14490K, committed 14720K, reserved 1062912K
  class space    used 1742K, capacity 1881K, committed 1920K, reserved 1048576K
Event: 18,689 GC heap after
Heap after GC invocations=10 (full 0):
 PSYoungGen      total 1319424K, used 192K [0x000000076ab00000, 0x00000007bf600000, 0x00000007c0000000)
  eden space 1318912K, 0% used [0x000000076ab00000,0x000000076ab00000,0x00000007bb300000)
  from space 512K, 37% used [0x00000007bf580000,0x00000007bf5b0000,0x00000007bf600000)
  to   space 10752K, 0% used [0x00000007be100000,0x00000007be100000,0x00000007beb80000)
 ParOldGen       total 699392K, used 2193K [0x00000006c0000000, 0x00000006eab00000, 0x000000076ab00000)
  object space 699392K, 0% used [0x00000006c0000000,0x00000006c02246e8,0x00000006eab00000)
 Metaspace       used 14254K, capacity 14490K, committed 14720K, reserved 1062912K
  class space    used 1742K, capacity 1881K, committed 1920K, reserved 1048576K
}
Event: 20,458 GC heap before
{Heap before GC invocations=11 (full 0):
 PSYoungGen      total 1319424K, used 1315173K [0x000000076ab00000, 0x00000007bf600000, 0x00000007c0000000)
  eden space 1318912K, 99% used [0x000000076ab00000,0x00000007baf295b0,0x00000007bb300000)
  from space 512K, 37% used [0x00000007bf580000,0x00000007bf5b0000,0x00000007bf600000)
  to   space 10752K, 0% used [0x00000007be100000,0x00000007be100000,0x00000007beb80000)
 ParOldGen       total 699392K, used 2193K [0x00000006c0000000, 0x00000006eab00000, 0x000000076ab00000)
  object space 699392K, 0% used [0x00000006c0000000,0x00000006c02246e8,0x00000006eab00000)
 Metaspace       used 14310K, capacity 14618K, committed 14976K, reserved 1062912K
  class space    used 1746K, capacity 1881K, committed 1920K, reserved 1048576K
Event: 20,459 GC heap after
Heap after GC invocations=11 (full 0):
 PSYoungGen      total 1274880K, used 288K [0x000000076ab00000, 0x00000007bf600000, 0x00000007c0000000)
  eden space 1264128K, 0% used [0x000000076ab00000,0x000000076ab00000,0x00000007b7d80000)
  from space 10752K, 2% used [0x00000007be100000,0x00000007be148000,0x00000007beb80000)
  to   space 10752K, 0% used [0x00000007beb80000,0x00000007beb80000,0x00000007bf600000)
 ParOldGen       total 699392K, used 2225K [0x00000006c0000000, 0x00000006eab00000, 0x000000076ab00000)
  object space 699392K, 0% used [0x00000006c0000000,0x00000006c022c6e8,0x00000006eab00000)
 Metaspace       used 14310K, capacity 14618K, committed 14976K, reserved 1062912K
  class space    used 1746K, capacity 1881K, committed 1920K, reserved 1048576K
}
Event: 22,000 GC heap before
{Heap before GC invocations=12 (full 0):
 PSYoungGen      total 1274880K, used 1264158K [0x000000076ab00000, 0x00000007bf600000, 0x00000007c0000000)
  eden space 1264128K, 99% used [0x000000076ab00000,0x00000007b7d3f980,0x00000007b7d80000)
  from space 10752K, 2% used [0x00000007be100000,0x00000007be148000,0x00000007beb80000)
  to   space 10752K, 0% used [0x00000007beb80000,0x00000007beb80000,0x00000007bf600000)
 ParOldGen       total 699392K, used 2225K [0x00000006c0000000, 0x00000006eab00000, 0x000000076ab00000)
  object space 699392K, 0% used [0x00000006c0000000,0x00000006c022c6e8,0x00000006eab00000)
 Metaspace       used 14344K, capacity 14618K, committed 14976K, reserved 1062912K
  class space    used 1747K, capacity 1881K, committed 1920K, reserved 1048576K
Event: 22,004 GC heap after
Heap after GC invocations=12 (full 0):
 PSYoungGen      total 1217024K, used 5088K [0x000000076ab00000, 0x00000007bf080000, 0x00000007c0000000)
  eden space 1211904K, 0% used [0x000000076ab00000,0x000000076ab00000,0x00000007b4a80000)
  from space 5120K, 99% used [0x00000007beb80000,0x00000007bf078010,0x00000007bf080000)
  to   space 10240K, 0% used [0x00000007bdc80000,0x00000007bdc80000,0x00000007be680000)
 ParOldGen       total 699392K, used 2241K [0x00000006c0000000, 0x00000006eab00000, 0x000000076ab00000)
  object space 699392K, 0% used [0x00000006c0000000,0x00000006c02306e8,0x00000006eab00000)
 Metaspace       used 14344K, capacity 14618K, committed 14976K, reserved 1062912K
  class space    used 1747K, capacity 1881K, committed 1920K, reserved 1048576K
}
Event: 23,459 GC heap before
{Heap before GC invocations=13 (full 0):
 PSYoungGen      total 1217024K, used 1216992K [0x000000076ab00000, 0x00000007bf080000, 0x00000007c0000000)
  eden space 1211904K, 100% used [0x000000076ab00000,0x00000007b4a80000,0x00000007b4a80000)
  from space 5120K, 99% used [0x00000007beb80000,0x00000007bf078010,0x00000007bf080000)
  to   space 10240K, 0% used [0x00000007bdc80000,0x00000007bdc80000,0x00000007be680000)
 ParOldGen       total 699392K, used 2241K [0x00000006c0000000, 0x00000006eab00000, 0x000000076ab00000)
  object space 699392K, 0% used [0x00000006c0000000,0x00000006c02306e8,0x00000006eab00000)
 Metaspace       used 14353K, capacity 14682K, committed 14976K, reserved 1062912K
  class space    used 1747K, capacity 1881K, committed 1920K, reserved 1048576K
Event: 23,460 GC heap after
Heap after GC invocations=13 (full 0):
 PSYoungGen      total 1162752K, used 256K [0x000000076ab00000, 0x00000007bec00000, 0x00000007c0000000)
  eden space 1162240K, 0% used [0x000000076ab00000,0x000000076ab00000,0x00000007b1a00000)
  from space 512K, 50% used [0x00000007bdc80000,0x00000007bdcc0000,0x00000007bdd00000)
  to   space 10240K, 0% used [0x00000007be200000,0x00000007be200000,0x00000007bec00000)
 ParOldGen       total 699392K, used 2265K [0x00000006c0000000, 0x00000006eab00000, 0x000000076ab00000)
  object space 699392K, 0% used [0x00000006c0000000,0x00000006c02366e8,0x00000006eab00000)
 Metaspace       used 14353K, capacity 14682K, committed 14976K, reserved 1062912K
  class space    used 1747K, capacity 1881K, committed 1920K, reserved 1048576K
}
Event: 25,004 GC heap before
{Heap before GC invocations=14 (full 0):
 PSYoungGen      total 1162752K, used 1160461K [0x000000076ab00000, 0x00000007bec00000, 0x00000007c0000000)
  eden space 1162240K, 99% used [0x000000076ab00000,0x00000007b18035a8,0x00000007b1a00000)
  from space 512K, 50% used [0x00000007bdc80000,0x00000007bdcc0000,0x00000007bdd00000)
  to   space 10240K, 0% used [0x00000007be200000,0x00000007be200000,0x00000007bec00000)
 ParOldGen       total 699392K, used 2265K [0x00000006c0000000, 0x00000006eab00000, 0x000000076ab00000)
  object space 699392K, 0% used [0x00000006c0000000,0x00000006c02366e8,0x00000006eab00000)
 Metaspace       used 14366K, capacity 14682K, committed 14976K, reserved 1062912K
  class space    used 1747K, capacity 1881K, committed 1920K, reserved 1048576K
Event: 25,013 GC heap after
Heap after GC invocations=14 (full 0):
 PSYoungGen      total 1122816K, used 7488K [0x000000076ab00000, 0x00000007be980000, 0x00000007c0000000)
  eden space 1115136K, 0% used [0x000000076ab00000,0x000000076ab00000,0x00000007aec00000)
  from space 7680K, 97% used [0x00000007be200000,0x00000007be950020,0x00000007be980000)
  to   space 11264K, 0% used [0x00000007bd380000,0x00000007bd380000,0x00000007bde80000)
 ParOldGen       total 699392K, used 2273K [0x00000006c0000000, 0x00000006eab00000, 0x000000076ab00000)
  object space 699392K, 0% used [0x00000006c0000000,0x00000006c02386e8,0x00000006eab00000)
 Metaspace       used 14366K, capacity 14682K, committed 14976K, reserved 1062912K
  class space    used 1747K, capacity 1881K, committed 1920K, reserved 1048576K
}

