# JRE version: Java(TM) SE Runtime Environment (8.0_77-b03) (build 1.8.0_77-b03)
# Java VM: Java HotSpot(TM) 64-Bit Server VM (25.77-b03 mixed mode windows-amd64 compressed oops)
Heap:
 PSYoungGen      total 336384K, used 208552K [0x000000076ab00000, 0x0000000780000000, 0x00000007c0000000)
  eden space 324096K, 62% used [0x000000076ab00000,0x00000007771da338,0x000000077e780000)
  from space 12288K, 40% used [0x000000077e780000,0x000000077ec50010,0x000000077f380000)
  to   space 11776K, 0% used [0x000000077f480000,0x000000077f480000,0x0000000780000000)
 ParOldGen       total 699392K, used 16022K [0x00000006c0000000, 0x00000006eab00000, 0x000000076ab00000)
  object space 699392K, 2% used [0x00000006c0000000,0x00000006c0fa59b8,0x00000006eab00000)
 Metaspace       used 12817K, capacity 13120K, committed 13312K, reserved 1060864K
  class space    used 1644K, capacity 1744K, committed 1792K, reserved 1048576K
GC Heap History (10 events):
Event: 29.772 GC heap before
{Heap before GC invocations=59 (full 0):
 PSYoungGen      total 336896K, used 327312K [0x000000076ab00000, 0x0000000780000000, 0x00000007c0000000)
  eden space 323584K, 100% used [0x000000076ab00000,0x000000077e700000,0x000000077e700000)
  from space 13312K, 28% used [0x000000077f300000,0x000000077f6a4030,0x0000000780000000)
  to   space 12288K, 0% used [0x000000077e700000,0x000000077e700000,0x000000077f300000)
 ParOldGen       total 699392K, used 15934K [0x00000006c0000000, 0x00000006eab00000, 0x000000076ab00000)
  object space 699392K, 2% used [0x00000006c0000000,0x00000006c0f8f9b8,0x00000006eab00000)
 Metaspace       used 12807K, capacity 13120K, committed 13312K, reserved 1060864K
  class space    used 1643K, capacity 1744K, committed 1792K, reserved 1048576K
Event: 29.773 GC heap after
Heap after GC invocations=59 (full 0):
 PSYoungGen      total 335872K, used 96K [0x000000076ab00000, 0x0000000780000000, 0x00000007c0000000)
  eden space 323584K, 0% used [0x000000076ab00000,0x000000076ab00000,0x000000077e700000)
  from space 12288K, 0% used [0x000000077e700000,0x000000077e718000,0x000000077f300000)
  to   space 11776K, 0% used [0x000000077f480000,0x000000077f480000,0x0000000780000000)
 ParOldGen       total 699392K, used 15950K [0x00000006c0000000, 0x00000006eab00000, 0x000000076ab00000)
  object space 699392K, 2% used [0x00000006c0000000,0x00000006c0f939b8,0x00000006eab00000)
 Metaspace       used 12807K, capacity 13120K, committed 13312K, reserved 1060864K
  class space    used 1643K, capacity 1744K, committed 1792K, reserved 1048576K
}
Event: 30.316 GC heap before
{Heap before GC invocations=60 (full 0):
 PSYoungGen      total 335872K, used 322419K [0x000000076ab00000, 0x0000000780000000, 0x00000007c0000000)
  eden space 323584K, 99% used [0x000000076ab00000,0x000000077e5c4f08,0x000000077e700000)
  from space 12288K, 0% used [0x000000077e700000,0x000000077e718000,0x000000077f300000)
  to   space 11776K, 0% used [0x000000077f480000,0x000000077f480000,0x0000000780000000)
 ParOldGen       total 699392K, used 15950K [0x00000006c0000000, 0x00000006eab00000, 0x000000076ab00000)
  object space 699392K, 2% used [0x00000006c0000000,0x00000006c0f939b8,0x00000006eab00000)
 Metaspace       used 12807K, capacity 13120K, committed 13312K, reserved 1060864K
  class space    used 1643K, capacity 1744K, committed 1792K, reserved 1048576K
Event: 30.320 GC heap after
Heap after GC invocations=60 (full 0):
 PSYoungGen      total 335360K, used 8297K [0x000000076ab00000, 0x0000000780000000, 0x00000007c0000000)
  eden space 323584K, 0% used [0x000000076ab00000,0x000000076ab00000,0x000000077e700000)
  from space 11776K, 70% used [0x000000077f480000,0x000000077fc9a7b8,0x0000000780000000)
  to   space 12800K, 0% used [0x000000077e700000,0x000000077e700000,0x000000077f380000)
 ParOldGen       total 699392K, used 15966K [0x00000006c0000000, 0x00000006eab00000, 0x000000076ab00000)
  object space 699392K, 2% used [0x00000006c0000000,0x00000006c0f979b8,0x00000006eab00000)
 Metaspace       used 12807K, capacity 13120K, committed 13312K, reserved 1060864K
  class space    used 1643K, capacity 1744K, committed 1792K, reserved 1048576K
}
Event: 30.782 GC heap before
{Heap before GC invocations=61 (full 0):
 PSYoungGen      total 335360K, used 331124K [0x000000076ab00000, 0x0000000780000000, 0x00000007c0000000)
  eden space 323584K, 99% used [0x000000076ab00000,0x000000077e642a58,0x000000077e700000)
  from space 11776K, 70% used [0x000000077f480000,0x000000077fc9a7b8,0x0000000780000000)
  to   space 12800K, 0% used [0x000000077e700000,0x000000077e700000,0x000000077f380000)
 ParOldGen       total 699392K, used 15966K [0x00000006c0000000, 0x00000006eab00000, 0x000000076ab00000)
  object space 699392K, 2% used [0x00000006c0000000,0x00000006c0f979b8,0x00000006eab00000)
 Metaspace       used 12807K, capacity 13120K, committed 13312K, reserved 1060864K
  class space    used 1643K, capacity 1744K, committed 1792K, reserved 1048576K
Event: 30.784 GC heap after
Heap after GC invocations=61 (full 0):
 PSYoungGen      total 336384K, used 128K [0x000000076ab00000, 0x0000000780000000, 0x00000007c0000000)
  eden space 323584K, 0% used [0x000000076ab00000,0x000000076ab00000,0x000000077e700000)
  from space 12800K, 1% used [0x000000077e700000,0x000000077e720000,0x000000077f380000)
  to   space 12800K, 0% used [0x000000077f380000,0x000000077f380000,0x0000000780000000)
 ParOldGen       total 699392K, used 15998K [0x00000006c0000000, 0x00000006eab00000, 0x000000076ab00000)
  object space 699392K, 2% used [0x00000006c0000000,0x00000006c0f9f9b8,0x00000006eab00000)
 Metaspace       used 12807K, capacity 13120K, committed 13312K, reserved 1060864K
  class space    used 1643K, capacity 1744K, committed 1792K, reserved 1048576K
}
Event: 31.110 GC heap before
{Heap before GC invocations=62 (full 0):
 PSYoungGen      total 336384K, used 323180K [0x000000076ab00000, 0x0000000780000000, 0x00000007c0000000)
  eden space 323584K, 99% used [0x000000076ab00000,0x000000077e67b150,0x000000077e700000)
  from space 12800K, 1% used [0x000000077e700000,0x000000077e720000,0x000000077f380000)
  to   space 12800K, 0% used [0x000000077f380000,0x000000077f380000,0x0000000780000000)
 ParOldGen       total 699392K, used 15998K [0x00000006c0000000, 0x00000006eab00000, 0x000000076ab00000)
  object space 699392K, 2% used [0x00000006c0000000,0x00000006c0f9f9b8,0x00000006eab00000)
 Metaspace       used 12807K, capacity 13120K, committed 13312K, reserved 1060864K
  class space    used 1643K, capacity 1744K, committed 1792K, reserved 1048576K
Event: 31.114 GC heap after
Heap after GC invocations=62 (full 0):
 PSYoungGen      total 336896K, used 4960K [0x000000076ab00000, 0x0000000780000000, 0x00000007c0000000)
  eden space 324096K, 0% used [0x000000076ab00000,0x000000076ab00000,0x000000077e780000)
  from space 12800K, 38% used [0x000000077f380000,0x000000077f858010,0x0000000780000000)
  to   space 12288K, 0% used [0x000000077e780000,0x000000077e780000,0x000000077f380000)
 ParOldGen       total 699392K, used 16014K [0x00000006c0000000, 0x00000006eab00000, 0x000000076ab00000)
  object space 699392K, 2% used [0x00000006c0000000,0x00000006c0fa39b8,0x00000006eab00000)
 Metaspace       used 12807K, capacity 13120K, committed 13312K, reserved 1060864K
  class space    used 1643K, capacity 1744K, committed 1792K, reserved 1048576K
}
Event: 31.483 GC heap before
{Heap before GC invocations=63 (full 0):
 PSYoungGen      total 336896K, used 329056K [0x000000076ab00000, 0x0000000780000000, 0x00000007c0000000)
  eden space 324096K, 100% used [0x000000076ab00000,0x000000077e780000,0x000000077e780000)
  from space 12800K, 38% used [0x000000077f380000,0x000000077f858010,0x0000000780000000)
  to   space 12288K, 0% used [0x000000077e780000,0x000000077e780000,0x000000077f380000)
 ParOldGen       total 699392K, used 16014K [0x00000006c0000000, 0x00000006eab00000, 0x000000076ab00000)
  object space 699392K, 2% used [0x00000006c0000000,0x00000006c0fa39b8,0x00000006eab00000)
 Metaspace       used 12811K, capacity 13120K, committed 13312K, reserved 1060864K
  class space    used 1643K, capacity 1744K, committed 1792K, reserved 1048576K
Event: 31.489 GC heap after
Heap after GC invocations=63 (full 0):
 PSYoungGen      total 336384K, used 4928K [0x000000076ab00000, 0x0000000780000000, 0x00000007c0000000)
  eden space 324096K, 0% used [0x000000076ab00000,0x000000076ab00000,0x000000077e780000)
  from space 12288K, 40% used [0x000000077e780000,0x000000077ec50010,0x000000077f380000)
  to   space 11776K, 0% used [0x000000077f480000,0x000000077f480000,0x0000000780000000)
 ParOldGen       total 699392K, used 16022K [0x00000006c0000000, 0x00000006eab00000, 0x000000076ab00000)
  object space 699392K, 2% used [0x00000006c0000000,0x00000006c0fa59b8,0x00000006eab00000)
 Metaspace       used 12811K, capacity 13120K, committed 13312K, reserved 1060864K
  class space    used 1643K, capacity 1744K, committed 1792K, reserved 1048576K
}

