# JRE version: Java(TM) SE Runtime Environment (8.0_73-b02) (build 1.8.0_73-b02)
# Java VM: Java HotSpot(TM) 64-Bit Server VM (25.73-b02 mixed mode windows-amd64 compressed oops)
Heap:
 PSYoungGen      total 346624K, used 189974K [0x000000076ab00000, 0x0000000780000000, 0x00000007c0000000)
  eden space 344064K, 55% used [0x000000076ab00000,0x00000007764658b8,0x000000077fb00000)
  from space 2560K, 5% used [0x000000077fb00000,0x000000077fb20000,0x000000077fd80000)
  to   space 2048K, 0% used [0x000000077fe00000,0x000000077fe00000,0x0000000780000000)
 ParOldGen       total 699392K, used 22592K [0x00000006c0000000, 0x00000006eab00000, 0x000000076ab00000)
  object space 699392K, 3% used [0x00000006c0000000,0x00000006c16101a8,0x00000006eab00000)
 Metaspace       used 12330K, capacity 12632K, committed 12800K, reserved 1060864K
  class space    used 1607K, capacity 1712K, committed 1792K, reserved 1048576K
GC Heap History (10 events):
Event: 29.948 GC heap before
{Heap before GC invocations=33 (full 0):
 PSYoungGen      total 346112K, used 343174K [0x000000076ab00000, 0x0000000780000000, 0x00000007c0000000)
  eden space 343040K, 99% used [0x000000076ab00000,0x000000077f9f98c0,0x000000077fa00000)
  from space 3072K, 5% used [0x000000077fd00000,0x000000077fd28000,0x0000000780000000)
  to   space 3072K, 0% used [0x000000077fa00000,0x000000077fa00000,0x000000077fd00000)
 ParOldGen       total 699392K, used 12928K [0x00000006c0000000, 0x00000006eab00000, 0x000000076ab00000)
  object space 699392K, 1% used [0x00000006c0000000,0x00000006c0ca0188,0x00000006eab00000)
 Metaspace       used 12262K, capacity 12568K, committed 12800K, reserved 1060864K
  class space    used 1607K, capacity 1712K, committed 1792K, reserved 1048576K
Event: 29.951 GC heap after
Heap after GC invocations=33 (full 0):
 PSYoungGen      total 346112K, used 192K [0x000000076ab00000, 0x0000000780000000, 0x00000007c0000000)
  eden space 343040K, 0% used [0x000000076ab00000,0x000000076ab00000,0x000000077fa00000)
  from space 3072K, 6% used [0x000000077fa00000,0x000000077fa30000,0x000000077fd00000)
  to   space 3072K, 0% used [0x000000077fd00000,0x000000077fd00000,0x0000000780000000)
 ParOldGen       total 699392K, used 17736K [0x00000006c0000000, 0x00000006eab00000, 0x000000076ab00000)
  object space 699392K, 2% used [0x00000006c0000000,0x00000006c1152198,0x00000006eab00000)
 Metaspace       used 12262K, capacity 12568K, committed 12800K, reserved 1060864K
  class space    used 1607K, capacity 1712K, committed 1792K, reserved 1048576K
}
Event: 30.564 GC heap before
{Heap before GC invocations=34 (full 0):
 PSYoungGen      total 346112K, used 343232K [0x000000076ab00000, 0x0000000780000000, 0x00000007c0000000)
  eden space 343040K, 100% used [0x000000076ab00000,0x000000077fa00000,0x000000077fa00000)
  from space 3072K, 6% used [0x000000077fa00000,0x000000077fa30000,0x000000077fd00000)
  to   space 3072K, 0% used [0x000000077fd00000,0x000000077fd00000,0x0000000780000000)
 ParOldGen       total 699392K, used 17736K [0x00000006c0000000, 0x00000006eab00000, 0x000000076ab00000)
  object space 699392K, 2% used [0x00000006c0000000,0x00000006c1152198,0x00000006eab00000)
 Metaspace       used 12267K, capacity 12568K, committed 12800K, reserved 1060864K
  class space    used 1607K, capacity 1712K, committed 1792K, reserved 1048576K
Event: 30.565 GC heap after
Heap after GC invocations=34 (full 0):
 PSYoungGen      total 346624K, used 192K [0x000000076ab00000, 0x0000000780000000, 0x00000007c0000000)
  eden space 343552K, 0% used [0x000000076ab00000,0x000000076ab00000,0x000000077fa80000)
  from space 3072K, 6% used [0x000000077fd00000,0x000000077fd30000,0x0000000780000000)
  to   space 2560K, 0% used [0x000000077fa80000,0x000000077fa80000,0x000000077fd00000)
 ParOldGen       total 699392K, used 17744K [0x00000006c0000000, 0x00000006eab00000, 0x000000076ab00000)
  object space 699392K, 2% used [0x00000006c0000000,0x00000006c1154198,0x00000006eab00000)
 Metaspace       used 12267K, capacity 12568K, committed 12800K, reserved 1060864K
  class space    used 1607K, capacity 1712K, committed 1792K, reserved 1048576K
}
Event: 31.174 GC heap before
{Heap before GC invocations=35 (full 0):
 PSYoungGen      total 346624K, used 343744K [0x000000076ab00000, 0x0000000780000000, 0x00000007c0000000)
  eden space 343552K, 100% used [0x000000076ab00000,0x000000077fa80000,0x000000077fa80000)
  from space 3072K, 6% used [0x000000077fd00000,0x000000077fd30000,0x0000000780000000)
  to   space 2560K, 0% used [0x000000077fa80000,0x000000077fa80000,0x000000077fd00000)
 ParOldGen       total 699392K, used 17744K [0x00000006c0000000, 0x00000006eab00000, 0x000000076ab00000)
  object space 699392K, 2% used [0x00000006c0000000,0x00000006c1154198,0x00000006eab00000)
 Metaspace       used 12269K, capacity 12568K, committed 12800K, reserved 1060864K
  class space    used 1607K, capacity 1712K, committed 1792K, reserved 1048576K
Event: 31.176 GC heap after
Heap after GC invocations=35 (full 0):
 PSYoungGen      total 346112K, used 128K [0x000000076ab00000, 0x0000000780000000, 0x00000007c0000000)
  eden space 343552K, 0% used [0x000000076ab00000,0x000000076ab00000,0x000000077fa80000)
  from space 2560K, 5% used [0x000000077fa80000,0x000000077faa0000,0x000000077fd00000)
  to   space 2560K, 0% used [0x000000077fd80000,0x000000077fd80000,0x0000000780000000)
 ParOldGen       total 699392K, used 17760K [0x00000006c0000000, 0x00000006eab00000, 0x000000076ab00000)
  object space 699392K, 2% used [0x00000006c0000000,0x00000006c1158198,0x00000006eab00000)
 Metaspace       used 12269K, capacity 12568K, committed 12800K, reserved 1060864K
  class space    used 1607K, capacity 1712K, committed 1792K, reserved 1048576K
}
Event: 31.780 GC heap before
{Heap before GC invocations=36 (full 0):
 PSYoungGen      total 346112K, used 342798K [0x000000076ab00000, 0x0000000780000000, 0x00000007c0000000)
  eden space 343552K, 99% used [0x000000076ab00000,0x000000077f9a3a78,0x000000077fa80000)
  from space 2560K, 5% used [0x000000077fa80000,0x000000077faa0000,0x000000077fd00000)
  to   space 2560K, 0% used [0x000000077fd80000,0x000000077fd80000,0x0000000780000000)
 ParOldGen       total 699392K, used 17760K [0x00000006c0000000, 0x00000006eab00000, 0x000000076ab00000)
  object space 699392K, 2% used [0x00000006c0000000,0x00000006c1158198,0x00000006eab00000)
 Metaspace       used 12271K, capacity 12568K, committed 12800K, reserved 1060864K
  class space    used 1607K, capacity 1712K, committed 1792K, reserved 1048576K
Event: 31.784 GC heap after
Heap after GC invocations=36 (full 0):
 PSYoungGen      total 346624K, used 160K [0x000000076ab00000, 0x0000000780000000, 0x00000007c0000000)
  eden space 344064K, 0% used [0x000000076ab00000,0x000000076ab00000,0x000000077fb00000)
  from space 2560K, 6% used [0x000000077fd80000,0x000000077fda8000,0x0000000780000000)
  to   space 2560K, 0% used [0x000000077fb00000,0x000000077fb00000,0x000000077fd80000)
 ParOldGen       total 699392K, used 22576K [0x00000006c0000000, 0x00000006eab00000, 0x000000076ab00000)
  object space 699392K, 3% used [0x00000006c0000000,0x00000006c160c1a8,0x00000006eab00000)
 Metaspace       used 12271K, capacity 12568K, committed 12800K, reserved 1060864K
  class space    used 1607K, capacity 1712K, committed 1792K, reserved 1048576K
}
Event: 32.403 GC heap before
{Heap before GC invocations=37 (full 0):
 PSYoungGen      total 346624K, used 344224K [0x000000076ab00000, 0x0000000780000000, 0x00000007c0000000)
  eden space 344064K, 100% used [0x000000076ab00000,0x000000077fb00000,0x000000077fb00000)
  from space 2560K, 6% used [0x000000077fd80000,0x000000077fda8000,0x0000000780000000)
  to   space 2560K, 0% used [0x000000077fb00000,0x000000077fb00000,0x000000077fd80000)
 ParOldGen       total 699392K, used 22576K [0x00000006c0000000, 0x00000006eab00000, 0x000000076ab00000)
  object space 699392K, 3% used [0x00000006c0000000,0x00000006c160c1a8,0x00000006eab00000)
 Metaspace       used 12275K, capacity 12568K, committed 12800K, reserved 1060864K
  class space    used 1607K, capacity 1712K, committed 1792K, reserved 1048576K
Event: 32.405 GC heap after
Heap after GC invocations=37 (full 0):
 PSYoungGen      total 346624K, used 128K [0x000000076ab00000, 0x0000000780000000, 0x00000007c0000000)
  eden space 344064K, 0% used [0x000000076ab00000,0x000000076ab00000,0x000000077fb00000)
  from space 2560K, 5% used [0x000000077fb00000,0x000000077fb20000,0x000000077fd80000)
  to   space 2048K, 0% used [0x000000077fe00000,0x000000077fe00000,0x0000000780000000)
 ParOldGen       total 699392K, used 22592K [0x00000006c0000000, 0x00000006eab00000, 0x000000076ab00000)
  object space 699392K, 3% used [0x00000006c0000000,0x00000006c16101a8,0x00000006eab00000)
 Metaspace       used 12275K, capacity 12568K, committed 12800K, reserved 1060864K
  class space    used 1607K, capacity 1712K, committed 1792K, reserved 1048576K
}

